{"/Users/tormodflesjo/tormodWork/mega-rpg/models/User.js":{"path":"/Users/tormodflesjo/tormodWork/mega-rpg/models/User.js","statementMap":{"0":{"start":{"line":1,"column":0},"end":{"line":1,"column":27}},"1":{"start":{"line":3,"column":17},"end":{"line":3,"column":36}},"2":{"start":{"line":5,"column":0},"end":{"line":10,"column":1}},"3":{"start":{"line":6,"column":1},"end":{"line":6,"column":101}},"4":{"start":{"line":9,"column":1},"end":{"line":9,"column":111}},"5":{"start":{"line":12,"column":19},"end":{"line":12,"column":27}},"6":{"start":{"line":14,"column":24},"end":{"line":14,"column":65}},"7":{"start":{"line":15,"column":56},"end":{"line":15,"column":91}},"8":{"start":{"line":16,"column":34},"end":{"line":16,"column":65}},"9":{"start":{"line":17,"column":22},"end":{"line":17,"column":55}},"10":{"start":{"line":18,"column":22},"end":{"line":18,"column":55}},"11":{"start":{"line":19,"column":35},"end":{"line":19,"column":69}},"12":{"start":{"line":22,"column":19},"end":{"line":302,"column":2}},"13":{"start":{"line":304,"column":0},"end":{"line":310,"column":2}},"14":{"start":{"line":305,"column":20},"end":{"line":307,"column":4}},"15":{"start":{"line":306,"column":2},"end":{"line":306,"column":30}},"16":{"start":{"line":308,"column":1},"end":{"line":308,"column":40}},"17":{"start":{"line":309,"column":1},"end":{"line":309,"column":51}},"18":{"start":{"line":312,"column":0},"end":{"line":314,"column":2}},"19":{"start":{"line":313,"column":1},"end":{"line":313,"column":25}},"20":{"start":{"line":316,"column":0},"end":{"line":322,"column":2}},"21":{"start":{"line":317,"column":20},"end":{"line":317,"column":84}},"22":{"start":{"line":317,"column":62},"end":{"line":317,"column":82}},"23":{"start":{"line":318,"column":1},"end":{"line":318,"column":35}},"24":{"start":{"line":319,"column":1},"end":{"line":319,"column":38}},"25":{"start":{"line":321,"column":1},"end":{"line":321,"column":8}},"26":{"start":{"line":324,"column":0},"end":{"line":330,"column":2}},"27":{"start":{"line":325,"column":20},"end":{"line":325,"column":85}},"28":{"start":{"line":325,"column":62},"end":{"line":325,"column":83}},"29":{"start":{"line":326,"column":1},"end":{"line":326,"column":41}},"30":{"start":{"line":328,"column":1},"end":{"line":328,"column":47}},"31":{"start":{"line":329,"column":1},"end":{"line":329,"column":20}},"32":{"start":{"line":332,"column":0},"end":{"line":337,"column":2}},"33":{"start":{"line":333,"column":20},"end":{"line":333,"column":84}},"34":{"start":{"line":333,"column":62},"end":{"line":333,"column":82}},"35":{"start":{"line":334,"column":1},"end":{"line":334,"column":57}},"36":{"start":{"line":336,"column":1},"end":{"line":336,"column":69}},"37":{"start":{"line":339,"column":0},"end":{"line":343,"column":2}},"38":{"start":{"line":340,"column":1},"end":{"line":342,"column":4}},"39":{"start":{"line":341,"column":2},"end":{"line":341,"column":30}},"40":{"start":{"line":345,"column":0},"end":{"line":350,"column":2}},"41":{"start":{"line":346,"column":1},"end":{"line":349,"column":4}},"42":{"start":{"line":347,"column":2},"end":{"line":347,"column":30}},"43":{"start":{"line":348,"column":2},"end":{"line":348,"column":50}},"44":{"start":{"line":348,"column":28},"end":{"line":348,"column":50}},"45":{"start":{"line":353,"column":0},"end":{"line":355,"column":2}},"46":{"start":{"line":354,"column":1},"end":{"line":354,"column":28}},"47":{"start":{"line":357,"column":0},"end":{"line":362,"column":2}},"48":{"start":{"line":358,"column":1},"end":{"line":361,"column":2}},"49":{"start":{"line":359,"column":2},"end":{"line":359,"column":61}},"50":{"start":{"line":360,"column":2},"end":{"line":360,"column":68}},"51":{"start":{"line":364,"column":0},"end":{"line":371,"column":2}},"52":{"start":{"line":365,"column":23},"end":{"line":365,"column":84}},"53":{"start":{"line":366,"column":1},"end":{"line":366,"column":73}},"54":{"start":{"line":368,"column":1},"end":{"line":368,"column":66}},"55":{"start":{"line":370,"column":1},"end":{"line":370,"column":20}},"56":{"start":{"line":373,"column":0},"end":{"line":381,"column":2}},"57":{"start":{"line":374,"column":1},"end":{"line":376,"column":2}},"58":{"start":{"line":375,"column":2},"end":{"line":375,"column":58}},"59":{"start":{"line":378,"column":1},"end":{"line":378,"column":148}},"60":{"start":{"line":378,"column":47},"end":{"line":378,"column":146}},"61":{"start":{"line":379,"column":1},"end":{"line":379,"column":28}},"62":{"start":{"line":380,"column":1},"end":{"line":380,"column":20}},"63":{"start":{"line":383,"column":0},"end":{"line":385,"column":2}},"64":{"start":{"line":384,"column":1},"end":{"line":384,"column":148}},"65":{"start":{"line":384,"column":47},"end":{"line":384,"column":146}},"66":{"start":{"line":387,"column":0},"end":{"line":403,"column":2}},"67":{"start":{"line":388,"column":21},"end":{"line":388,"column":23}},"68":{"start":{"line":389,"column":22},"end":{"line":395,"column":3}},"69":{"start":{"line":390,"column":2},"end":{"line":393,"column":3}},"70":{"start":{"line":391,"column":3},"end":{"line":391,"column":21}},"71":{"start":{"line":392,"column":3},"end":{"line":392,"column":15}},"72":{"start":{"line":394,"column":2},"end":{"line":394,"column":15}},"73":{"start":{"line":396,"column":1},"end":{"line":400,"column":2}},"74":{"start":{"line":397,"column":2},"end":{"line":397,"column":30}},"75":{"start":{"line":399,"column":2},"end":{"line":399,"column":53}},"76":{"start":{"line":402,"column":1},"end":{"line":402,"column":8}},"77":{"start":{"line":405,"column":0},"end":{"line":408,"column":2}},"78":{"start":{"line":406,"column":1},"end":{"line":406,"column":22}},"79":{"start":{"line":407,"column":1},"end":{"line":407,"column":20}},"80":{"start":{"line":410,"column":0},"end":{"line":414,"column":2}},"81":{"start":{"line":411,"column":16},"end":{"line":411,"column":72}},"82":{"start":{"line":411,"column":45},"end":{"line":411,"column":71}},"83":{"start":{"line":413,"column":1},"end":{"line":413,"column":42}},"84":{"start":{"line":417,"column":0},"end":{"line":426,"column":2}},"85":{"start":{"line":418,"column":1},"end":{"line":422,"column":2}},"86":{"start":{"line":419,"column":2},"end":{"line":421,"column":3}},"87":{"start":{"line":420,"column":3},"end":{"line":420,"column":60}},"88":{"start":{"line":424,"column":1},"end":{"line":424,"column":65}},"89":{"start":{"line":428,"column":0},"end":{"line":441,"column":2}},"90":{"start":{"line":429,"column":20},"end":{"line":429,"column":114}},"91":{"start":{"line":429,"column":54},"end":{"line":429,"column":113}},"92":{"start":{"line":430,"column":1},"end":{"line":432,"column":2}},"93":{"start":{"line":431,"column":2},"end":{"line":431,"column":9}},"94":{"start":{"line":433,"column":1},"end":{"line":433,"column":45}},"95":{"start":{"line":435,"column":1},"end":{"line":435,"column":86}},"96":{"start":{"line":435,"column":40},"end":{"line":435,"column":86}},"97":{"start":{"line":437,"column":1},"end":{"line":437,"column":57}},"98":{"start":{"line":438,"column":1},"end":{"line":438,"column":53}},"99":{"start":{"line":440,"column":1},"end":{"line":440,"column":20}},"100":{"start":{"line":447,"column":0},"end":{"line":491,"column":2}},"101":{"start":{"line":448,"column":24},"end":{"line":448,"column":26}},"102":{"start":{"line":450,"column":1},"end":{"line":485,"column":4}},"103":{"start":{"line":451,"column":2},"end":{"line":484,"column":5}},"104":{"start":{"line":452,"column":3},"end":{"line":483,"column":4}},"105":{"start":{"line":453,"column":62},"end":{"line":453,"column":70}},"106":{"start":{"line":455,"column":26},"end":{"line":455,"column":49}},"107":{"start":{"line":456,"column":19},"end":{"line":457,"column":57}},"108":{"start":{"line":457,"column":23},"end":{"line":457,"column":40}},"109":{"start":{"line":460,"column":4},"end":{"line":463,"column":5}},"110":{"start":{"line":461,"column":5},"end":{"line":462,"column":54}},"111":{"start":{"line":466,"column":4},"end":{"line":466,"column":82}},"112":{"start":{"line":466,"column":45},"end":{"line":466,"column":82}},"113":{"start":{"line":469,"column":4},"end":{"line":470,"column":53}},"114":{"start":{"line":472,"column":4},"end":{"line":473,"column":53}},"115":{"start":{"line":474,"column":4},"end":{"line":474,"column":33}},"116":{"start":{"line":476,"column":4},"end":{"line":476,"column":51}},"117":{"start":{"line":479,"column":4},"end":{"line":482,"column":5}},"118":{"start":{"line":480,"column":5},"end":{"line":480,"column":35}},"119":{"start":{"line":481,"column":5},"end":{"line":481,"column":48}},"120":{"start":{"line":488,"column":1},"end":{"line":488,"column":19}},"121":{"start":{"line":490,"column":1},"end":{"line":490,"column":23}},"122":{"start":{"line":493,"column":0},"end":{"line":513,"column":2}},"123":{"start":{"line":494,"column":1},"end":{"line":499,"column":2}},"124":{"start":{"line":496,"column":2},"end":{"line":498,"column":3}},"125":{"start":{"line":497,"column":3},"end":{"line":497,"column":60}},"126":{"start":{"line":503,"column":26},"end":{"line":503,"column":28}},"127":{"start":{"line":504,"column":1},"end":{"line":507,"column":4}},"128":{"start":{"line":505,"column":2},"end":{"line":505,"column":52}},"129":{"start":{"line":506,"column":2},"end":{"line":506,"column":35}},"130":{"start":{"line":509,"column":1},"end":{"line":510,"column":40}},"131":{"start":{"line":512,"column":1},"end":{"line":512,"column":56}},"132":{"start":{"line":516,"column":0},"end":{"line":529,"column":2}},"133":{"start":{"line":518,"column":18},"end":{"line":518,"column":65}},"134":{"start":{"line":520,"column":1},"end":{"line":528,"column":2}},"135":{"start":{"line":521,"column":2},"end":{"line":521,"column":39}},"136":{"start":{"line":523,"column":2},"end":{"line":523,"column":34}},"137":{"start":{"line":526,"column":2},"end":{"line":526,"column":50}},"138":{"start":{"line":527,"column":2},"end":{"line":527,"column":60}},"139":{"start":{"line":531,"column":0},"end":{"line":559,"column":2}},"140":{"start":{"line":533,"column":28},"end":{"line":533,"column":29}},"141":{"start":{"line":534,"column":18},"end":{"line":534,"column":65}},"142":{"start":{"line":537,"column":1},"end":{"line":537,"column":44}},"143":{"start":{"line":538,"column":1},"end":{"line":538,"column":39}},"144":{"start":{"line":541,"column":1},"end":{"line":549,"column":2}},"145":{"start":{"line":543,"column":2},"end":{"line":543,"column":101}},"146":{"start":{"line":543,"column":52},"end":{"line":543,"column":101}},"147":{"start":{"line":544,"column":2},"end":{"line":544,"column":52}},"148":{"start":{"line":546,"column":2},"end":{"line":548,"column":3}},"149":{"start":{"line":547,"column":3},"end":{"line":547,"column":67}},"150":{"start":{"line":551,"column":1},"end":{"line":553,"column":2}},"151":{"start":{"line":552,"column":2},"end":{"line":552,"column":59}},"152":{"start":{"line":555,"column":1},"end":{"line":555,"column":46}},"153":{"start":{"line":556,"column":1},"end":{"line":556,"column":45}},"154":{"start":{"line":558,"column":1},"end":{"line":558,"column":20}},"155":{"start":{"line":562,"column":0},"end":{"line":585,"column":2}},"156":{"start":{"line":564,"column":1},"end":{"line":571,"column":4}},"157":{"start":{"line":565,"column":2},"end":{"line":570,"column":5}},"158":{"start":{"line":566,"column":3},"end":{"line":569,"column":4}},"159":{"start":{"line":567,"column":4},"end":{"line":567,"column":73}},"160":{"start":{"line":568,"column":4},"end":{"line":568,"column":60}},"161":{"start":{"line":574,"column":1},"end":{"line":574,"column":80}},"162":{"start":{"line":577,"column":1},"end":{"line":584,"column":2}},"163":{"start":{"line":578,"column":2},"end":{"line":580,"column":5}},"164":{"start":{"line":579,"column":3},"end":{"line":579,"column":62}},"165":{"start":{"line":581,"column":2},"end":{"line":581,"column":22}},"166":{"start":{"line":582,"column":2},"end":{"line":582,"column":63}},"167":{"start":{"line":583,"column":2},"end":{"line":583,"column":175}},"168":{"start":{"line":588,"column":0},"end":{"line":600,"column":2}},"169":{"start":{"line":590,"column":1},"end":{"line":590,"column":80}},"170":{"start":{"line":592,"column":1},"end":{"line":599,"column":2}},"171":{"start":{"line":593,"column":2},"end":{"line":595,"column":5}},"172":{"start":{"line":594,"column":3},"end":{"line":594,"column":62}},"173":{"start":{"line":596,"column":2},"end":{"line":596,"column":22}},"174":{"start":{"line":597,"column":2},"end":{"line":597,"column":63}},"175":{"start":{"line":598,"column":2},"end":{"line":598,"column":175}},"176":{"start":{"line":602,"column":0},"end":{"line":616,"column":2}},"177":{"start":{"line":603,"column":1},"end":{"line":603,"column":35}},"178":{"start":{"line":605,"column":1},"end":{"line":612,"column":2}},"179":{"start":{"line":606,"column":2},"end":{"line":608,"column":5}},"180":{"start":{"line":607,"column":3},"end":{"line":607,"column":62}},"181":{"start":{"line":609,"column":2},"end":{"line":609,"column":22}},"182":{"start":{"line":610,"column":2},"end":{"line":610,"column":63}},"183":{"start":{"line":611,"column":2},"end":{"line":611,"column":175}},"184":{"start":{"line":613,"column":1},"end":{"line":615,"column":2}},"185":{"start":{"line":614,"column":2},"end":{"line":614,"column":30}},"186":{"start":{"line":619,"column":0},"end":{"line":629,"column":2}},"187":{"start":{"line":620,"column":1},"end":{"line":620,"column":33}},"188":{"start":{"line":621,"column":1},"end":{"line":621,"column":91}},"189":{"start":{"line":621,"column":48},"end":{"line":621,"column":91}},"190":{"start":{"line":623,"column":1},"end":{"line":626,"column":2}},"191":{"start":{"line":624,"column":2},"end":{"line":624,"column":33}},"192":{"start":{"line":625,"column":2},"end":{"line":625,"column":38}},"193":{"start":{"line":628,"column":1},"end":{"line":628,"column":8}},"194":{"start":{"line":632,"column":0},"end":{"line":649,"column":2}},"195":{"start":{"line":633,"column":1},"end":{"line":633,"column":29}},"196":{"start":{"line":634,"column":1},"end":{"line":644,"column":2}},"197":{"start":{"line":635,"column":2},"end":{"line":635,"column":45}},"198":{"start":{"line":636,"column":2},"end":{"line":636,"column":22}},"199":{"start":{"line":639,"column":2},"end":{"line":642,"column":3}},"200":{"start":{"line":640,"column":3},"end":{"line":640,"column":38}},"201":{"start":{"line":641,"column":3},"end":{"line":641,"column":37}},"202":{"start":{"line":643,"column":2},"end":{"line":643,"column":42}},"203":{"start":{"line":646,"column":1},"end":{"line":646,"column":38}},"204":{"start":{"line":648,"column":1},"end":{"line":648,"column":20}},"205":{"start":{"line":651,"column":0},"end":{"line":667,"column":2}},"206":{"start":{"line":652,"column":1},"end":{"line":652,"column":29}},"207":{"start":{"line":653,"column":1},"end":{"line":653,"column":55}},"208":{"start":{"line":653,"column":30},"end":{"line":653,"column":55}},"209":{"start":{"line":655,"column":1},"end":{"line":664,"column":2}},"210":{"start":{"line":656,"column":2},"end":{"line":656,"column":45}},"211":{"start":{"line":657,"column":2},"end":{"line":657,"column":22}},"212":{"start":{"line":660,"column":2},"end":{"line":662,"column":3}},"213":{"start":{"line":661,"column":3},"end":{"line":661,"column":40}},"214":{"start":{"line":666,"column":1},"end":{"line":666,"column":20}},"215":{"start":{"line":669,"column":0},"end":{"line":678,"column":2}},"216":{"start":{"line":670,"column":1},"end":{"line":672,"column":2}},"217":{"start":{"line":671,"column":2},"end":{"line":671,"column":45}},"218":{"start":{"line":674,"column":1},"end":{"line":675,"column":47}},"219":{"start":{"line":674,"column":37},"end":{"line":674,"column":77}},"220":{"start":{"line":675,"column":6},"end":{"line":675,"column":47}},"221":{"start":{"line":677,"column":1},"end":{"line":677,"column":37}},"222":{"start":{"line":680,"column":0},"end":{"line":686,"column":2}},"223":{"start":{"line":681,"column":1},"end":{"line":681,"column":46}},"224":{"start":{"line":683,"column":1},"end":{"line":685,"column":4}},"225":{"start":{"line":684,"column":2},"end":{"line":684,"column":42}},"226":{"start":{"line":691,"column":0},"end":{"line":709,"column":2}},"227":{"start":{"line":692,"column":1},"end":{"line":692,"column":30}},"228":{"start":{"line":694,"column":1},"end":{"line":706,"column":4}},"229":{"start":{"line":696,"column":27},"end":{"line":696,"column":29}},"230":{"start":{"line":697,"column":2},"end":{"line":703,"column":5}},"231":{"start":{"line":698,"column":3},"end":{"line":700,"column":4}},"232":{"start":{"line":699,"column":4},"end":{"line":699,"column":34}},"233":{"start":{"line":701,"column":3},"end":{"line":701,"column":51}},"234":{"start":{"line":702,"column":3},"end":{"line":702,"column":35}},"235":{"start":{"line":705,"column":2},"end":{"line":705,"column":45}},"236":{"start":{"line":708,"column":1},"end":{"line":708,"column":20}},"237":{"start":{"line":712,"column":0},"end":{"line":725,"column":2}},"238":{"start":{"line":713,"column":1},"end":{"line":715,"column":2}},"239":{"start":{"line":714,"column":2},"end":{"line":714,"column":29}},"240":{"start":{"line":716,"column":1},"end":{"line":724,"column":2}},"241":{"start":{"line":717,"column":2},"end":{"line":723,"column":3}},"242":{"start":{"line":718,"column":3},"end":{"line":718,"column":23}},"243":{"start":{"line":719,"column":3},"end":{"line":719,"column":64}},"244":{"start":{"line":720,"column":3},"end":{"line":722,"column":6}},"245":{"start":{"line":721,"column":4},"end":{"line":721,"column":63}},"246":{"start":{"line":727,"column":0},"end":{"line":731,"column":2}},"247":{"start":{"line":728,"column":1},"end":{"line":728,"column":49}},"248":{"start":{"line":730,"column":1},"end":{"line":730,"column":20}},"249":{"start":{"line":733,"column":0},"end":{"line":736,"column":2}},"250":{"start":{"line":734,"column":1},"end":{"line":734,"column":39}},"251":{"start":{"line":735,"column":1},"end":{"line":735,"column":20}},"252":{"start":{"line":739,"column":0},"end":{"line":744,"column":2}},"253":{"start":{"line":740,"column":1},"end":{"line":742,"column":2}},"254":{"start":{"line":741,"column":2},"end":{"line":741,"column":9}},"255":{"start":{"line":743,"column":1},"end":{"line":743,"column":33}},"256":{"start":{"line":745,"column":0},"end":{"line":751,"column":2}},"257":{"start":{"line":746,"column":1},"end":{"line":749,"column":2}},"258":{"start":{"line":747,"column":2},"end":{"line":747,"column":46}},"259":{"start":{"line":748,"column":2},"end":{"line":748,"column":9}},"260":{"start":{"line":750,"column":1},"end":{"line":750,"column":24}},"261":{"start":{"line":753,"column":0},"end":{"line":759,"column":2}},"262":{"start":{"line":754,"column":1},"end":{"line":757,"column":2}},"263":{"start":{"line":755,"column":2},"end":{"line":755,"column":67}},"264":{"start":{"line":756,"column":2},"end":{"line":756,"column":9}},"265":{"start":{"line":758,"column":1},"end":{"line":758,"column":44}},"266":{"start":{"line":762,"column":35},"end":{"line":766,"column":1}},"267":{"start":{"line":763,"column":20},"end":{"line":763,"column":47}},"268":{"start":{"line":764,"column":16},"end":{"line":764,"column":104}},"269":{"start":{"line":765,"column":1},"end":{"line":765,"column":15}},"270":{"start":{"line":769,"column":0},"end":{"line":769,"column":52}}},"fnMap":{"0":{"name":"(anonymous_0)","decl":{"start":{"line":304,"column":32},"end":{"line":304,"column":33}},"loc":{"start":{"line":304,"column":58},"end":{"line":310,"column":1}},"line":304},"1":{"name":"(anonymous_1)","decl":{"start":{"line":305,"column":57},"end":{"line":305,"column":58}},"loc":{"start":{"line":305,"column":62},"end":{"line":307,"column":2}},"line":305},"2":{"name":"(anonymous_2)","decl":{"start":{"line":312,"column":33},"end":{"line":312,"column":34}},"loc":{"start":{"line":312,"column":55},"end":{"line":314,"column":1}},"line":312},"3":{"name":"(anonymous_3)","decl":{"start":{"line":316,"column":33},"end":{"line":316,"column":34}},"loc":{"start":{"line":316,"column":59},"end":{"line":322,"column":1}},"line":316},"4":{"name":"(anonymous_4)","decl":{"start":{"line":317,"column":57},"end":{"line":317,"column":58}},"loc":{"start":{"line":317,"column":62},"end":{"line":317,"column":82}},"line":317},"5":{"name":"(anonymous_5)","decl":{"start":{"line":324,"column":42},"end":{"line":324,"column":43}},"loc":{"start":{"line":324,"column":64},"end":{"line":330,"column":1}},"line":324},"6":{"name":"(anonymous_6)","decl":{"start":{"line":325,"column":57},"end":{"line":325,"column":58}},"loc":{"start":{"line":325,"column":62},"end":{"line":325,"column":83}},"line":325},"7":{"name":"(anonymous_7)","decl":{"start":{"line":332,"column":37},"end":{"line":332,"column":38}},"loc":{"start":{"line":332,"column":77},"end":{"line":337,"column":1}},"line":332},"8":{"name":"(anonymous_8)","decl":{"start":{"line":333,"column":57},"end":{"line":333,"column":58}},"loc":{"start":{"line":333,"column":62},"end":{"line":333,"column":82}},"line":333},"9":{"name":"(anonymous_9)","decl":{"start":{"line":339,"column":39},"end":{"line":339,"column":40}},"loc":{"start":{"line":339,"column":53},"end":{"line":343,"column":1}},"line":339},"10":{"name":"(anonymous_10)","decl":{"start":{"line":340,"column":26},"end":{"line":340,"column":27}},"loc":{"start":{"line":340,"column":29},"end":{"line":342,"column":2}},"line":340},"11":{"name":"(anonymous_11)","decl":{"start":{"line":345,"column":41},"end":{"line":345,"column":42}},"loc":{"start":{"line":345,"column":55},"end":{"line":350,"column":1}},"line":345},"12":{"name":"(anonymous_12)","decl":{"start":{"line":346,"column":26},"end":{"line":346,"column":27}},"loc":{"start":{"line":346,"column":29},"end":{"line":349,"column":2}},"line":346},"13":{"name":"(anonymous_13)","decl":{"start":{"line":353,"column":36},"end":{"line":353,"column":37}},"loc":{"start":{"line":353,"column":56},"end":{"line":355,"column":1}},"line":353},"14":{"name":"(anonymous_14)","decl":{"start":{"line":357,"column":35},"end":{"line":357,"column":36}},"loc":{"start":{"line":357,"column":68},"end":{"line":362,"column":1}},"line":357},"15":{"name":"(anonymous_15)","decl":{"start":{"line":364,"column":40},"end":{"line":364,"column":41}},"loc":{"start":{"line":364,"column":73},"end":{"line":371,"column":1}},"line":364},"16":{"name":"(anonymous_16)","decl":{"start":{"line":373,"column":33},"end":{"line":373,"column":34}},"loc":{"start":{"line":373,"column":66},"end":{"line":381,"column":1}},"line":373},"17":{"name":"(anonymous_17)","decl":{"start":{"line":378,"column":34},"end":{"line":378,"column":35}},"loc":{"start":{"line":378,"column":47},"end":{"line":378,"column":146}},"line":378},"18":{"name":"(anonymous_18)","decl":{"start":{"line":383,"column":37},"end":{"line":383,"column":38}},"loc":{"start":{"line":383,"column":56},"end":{"line":385,"column":1}},"line":383},"19":{"name":"(anonymous_19)","decl":{"start":{"line":384,"column":34},"end":{"line":384,"column":35}},"loc":{"start":{"line":384,"column":47},"end":{"line":384,"column":146}},"line":384},"20":{"name":"(anonymous_20)","decl":{"start":{"line":387,"column":41},"end":{"line":387,"column":42}},"loc":{"start":{"line":387,"column":86},"end":{"line":403,"column":1}},"line":387},"21":{"name":"(anonymous_21)","decl":{"start":{"line":389,"column":39},"end":{"line":389,"column":40}},"loc":{"start":{"line":389,"column":56},"end":{"line":395,"column":2}},"line":389},"22":{"name":"(anonymous_22)","decl":{"start":{"line":405,"column":36},"end":{"line":405,"column":37}},"loc":{"start":{"line":405,"column":53},"end":{"line":408,"column":1}},"line":405},"23":{"name":"(anonymous_23)","decl":{"start":{"line":410,"column":40},"end":{"line":410,"column":41}},"loc":{"start":{"line":410,"column":51},"end":{"line":414,"column":1}},"line":410},"24":{"name":"(anonymous_24)","decl":{"start":{"line":411,"column":33},"end":{"line":411,"column":34}},"loc":{"start":{"line":411,"column":45},"end":{"line":411,"column":71}},"line":411},"25":{"name":"(anonymous_25)","decl":{"start":{"line":417,"column":38},"end":{"line":417,"column":39}},"loc":{"start":{"line":417,"column":67},"end":{"line":426,"column":1}},"line":417},"26":{"name":"(anonymous_26)","decl":{"start":{"line":428,"column":41},"end":{"line":428,"column":42}},"loc":{"start":{"line":428,"column":82},"end":{"line":441,"column":1}},"line":428},"27":{"name":"(anonymous_27)","decl":{"start":{"line":429,"column":42},"end":{"line":429,"column":43}},"loc":{"start":{"line":429,"column":54},"end":{"line":429,"column":113}},"line":429},"28":{"name":"(anonymous_28)","decl":{"start":{"line":447,"column":37},"end":{"line":447,"column":38}},"loc":{"start":{"line":447,"column":85},"end":{"line":491,"column":1}},"line":447},"29":{"name":"(anonymous_29)","decl":{"start":{"line":450,"column":26},"end":{"line":450,"column":27}},"loc":{"start":{"line":450,"column":37},"end":{"line":485,"column":2}},"line":450},"30":{"name":"(anonymous_30)","decl":{"start":{"line":451,"column":22},"end":{"line":451,"column":23}},"loc":{"start":{"line":451,"column":39},"end":{"line":484,"column":3}},"line":451},"31":{"name":"(anonymous_31)","decl":{"start":{"line":457,"column":18},"end":{"line":457,"column":19}},"loc":{"start":{"line":457,"column":23},"end":{"line":457,"column":40}},"line":457},"32":{"name":"(anonymous_32)","decl":{"start":{"line":493,"column":29},"end":{"line":493,"column":30}},"loc":{"start":{"line":493,"column":63},"end":{"line":513,"column":1}},"line":493},"33":{"name":"(anonymous_33)","decl":{"start":{"line":504,"column":27},"end":{"line":504,"column":28}},"loc":{"start":{"line":504,"column":35},"end":{"line":507,"column":2}},"line":504},"34":{"name":"(anonymous_34)","decl":{"start":{"line":516,"column":32},"end":{"line":516,"column":33}},"loc":{"start":{"line":516,"column":65},"end":{"line":529,"column":1}},"line":516},"35":{"name":"(anonymous_35)","decl":{"start":{"line":531,"column":31},"end":{"line":531,"column":32}},"loc":{"start":{"line":531,"column":59},"end":{"line":559,"column":1}},"line":531},"36":{"name":"(anonymous_36)","decl":{"start":{"line":562,"column":30},"end":{"line":562,"column":31}},"loc":{"start":{"line":562,"column":67},"end":{"line":585,"column":1}},"line":562},"37":{"name":"(anonymous_37)","decl":{"start":{"line":564,"column":40},"end":{"line":564,"column":41}},"loc":{"start":{"line":564,"column":56},"end":{"line":571,"column":2}},"line":564},"38":{"name":"(anonymous_38)","decl":{"start":{"line":565,"column":36},"end":{"line":565,"column":37}},"loc":{"start":{"line":565,"column":44},"end":{"line":570,"column":3}},"line":565},"39":{"name":"(anonymous_39)","decl":{"start":{"line":578,"column":63},"end":{"line":578,"column":64}},"loc":{"start":{"line":578,"column":66},"end":{"line":580,"column":3}},"line":578},"40":{"name":"(anonymous_40)","decl":{"start":{"line":588,"column":32},"end":{"line":588,"column":33}},"loc":{"start":{"line":588,"column":57},"end":{"line":600,"column":1}},"line":588},"41":{"name":"(anonymous_41)","decl":{"start":{"line":593,"column":63},"end":{"line":593,"column":64}},"loc":{"start":{"line":593,"column":66},"end":{"line":595,"column":3}},"line":593},"42":{"name":"(anonymous_42)","decl":{"start":{"line":602,"column":43},"end":{"line":602,"column":44}},"loc":{"start":{"line":602,"column":60},"end":{"line":616,"column":1}},"line":602},"43":{"name":"(anonymous_43)","decl":{"start":{"line":606,"column":63},"end":{"line":606,"column":64}},"loc":{"start":{"line":606,"column":66},"end":{"line":608,"column":3}},"line":606},"44":{"name":"(anonymous_44)","decl":{"start":{"line":619,"column":30},"end":{"line":619,"column":31}},"loc":{"start":{"line":619,"column":51},"end":{"line":629,"column":1}},"line":619},"45":{"name":"(anonymous_45)","decl":{"start":{"line":632,"column":29},"end":{"line":632,"column":30}},"loc":{"start":{"line":632,"column":78},"end":{"line":649,"column":1}},"line":632},"46":{"name":"(anonymous_46)","decl":{"start":{"line":651,"column":31},"end":{"line":651,"column":32}},"loc":{"start":{"line":651,"column":82},"end":{"line":667,"column":1}},"line":651},"47":{"name":"(anonymous_47)","decl":{"start":{"line":669,"column":29},"end":{"line":669,"column":30}},"loc":{"start":{"line":669,"column":62},"end":{"line":678,"column":1}},"line":669},"48":{"name":"(anonymous_48)","decl":{"start":{"line":680,"column":39},"end":{"line":680,"column":40}},"loc":{"start":{"line":680,"column":86},"end":{"line":686,"column":1}},"line":680},"49":{"name":"(anonymous_49)","decl":{"start":{"line":683,"column":38},"end":{"line":683,"column":39}},"loc":{"start":{"line":683,"column":41},"end":{"line":685,"column":2}},"line":683},"50":{"name":"(anonymous_50)","decl":{"start":{"line":691,"column":32},"end":{"line":691,"column":33}},"loc":{"start":{"line":691,"column":66},"end":{"line":709,"column":1}},"line":691},"51":{"name":"(anonymous_51)","decl":{"start":{"line":694,"column":14},"end":{"line":694,"column":15}},"loc":{"start":{"line":694,"column":19},"end":{"line":706,"column":2}},"line":694},"52":{"name":"(anonymous_52)","decl":{"start":{"line":697,"column":24},"end":{"line":697,"column":25}},"loc":{"start":{"line":697,"column":36},"end":{"line":703,"column":3}},"line":697},"53":{"name":"(anonymous_53)","decl":{"start":{"line":712,"column":39},"end":{"line":712,"column":40}},"loc":{"start":{"line":712,"column":62},"end":{"line":725,"column":1}},"line":712},"54":{"name":"(anonymous_54)","decl":{"start":{"line":720,"column":64},"end":{"line":720,"column":65}},"loc":{"start":{"line":720,"column":67},"end":{"line":722,"column":4}},"line":720},"55":{"name":"(anonymous_55)","decl":{"start":{"line":727,"column":39},"end":{"line":727,"column":40}},"loc":{"start":{"line":727,"column":64},"end":{"line":731,"column":1}},"line":727},"56":{"name":"(anonymous_56)","decl":{"start":{"line":733,"column":36},"end":{"line":733,"column":37}},"loc":{"start":{"line":733,"column":61},"end":{"line":736,"column":1}},"line":733},"57":{"name":"(anonymous_57)","decl":{"start":{"line":739,"column":36},"end":{"line":739,"column":37}},"loc":{"start":{"line":739,"column":67},"end":{"line":744,"column":1}},"line":739},"58":{"name":"(anonymous_58)","decl":{"start":{"line":745,"column":31},"end":{"line":745,"column":32}},"loc":{"start":{"line":745,"column":54},"end":{"line":751,"column":1}},"line":745},"59":{"name":"(anonymous_59)","decl":{"start":{"line":753,"column":38},"end":{"line":753,"column":39}},"loc":{"start":{"line":753,"column":72},"end":{"line":759,"column":1}},"line":753},"60":{"name":"(anonymous_60)","decl":{"start":{"line":762,"column":35},"end":{"line":762,"column":36}},"loc":{"start":{"line":762,"column":65},"end":{"line":766,"column":1}},"line":762}},"branchMap":{"0":{"loc":{"start":{"line":5,"column":0},"end":{"line":10,"column":1}},"type":"if","locations":[{"start":{"line":5,"column":0},"end":{"line":10,"column":1}},{"start":{"line":5,"column":0},"end":{"line":10,"column":1}}],"line":5},"1":{"loc":{"start":{"line":332,"column":63},"end":{"line":332,"column":75}},"type":"default-arg","locations":[{"start":{"line":332,"column":74},"end":{"line":332,"column":75}}],"line":332},"2":{"loc":{"start":{"line":348,"column":2},"end":{"line":348,"column":50}},"type":"if","locations":[{"start":{"line":348,"column":2},"end":{"line":348,"column":50}},{"start":{"line":348,"column":2},"end":{"line":348,"column":50}}],"line":348},"3":{"loc":{"start":{"line":358,"column":1},"end":{"line":361,"column":2}},"type":"if","locations":[{"start":{"line":358,"column":1},"end":{"line":361,"column":2}},{"start":{"line":358,"column":1},"end":{"line":361,"column":2}}],"line":358},"4":{"loc":{"start":{"line":378,"column":49},"end":{"line":378,"column":145}},"type":"binary-expr","locations":[{"start":{"line":378,"column":49},"end":{"line":378,"column":95}},{"start":{"line":378,"column":99},"end":{"line":378,"column":145}}],"line":378},"5":{"loc":{"start":{"line":384,"column":49},"end":{"line":384,"column":145}},"type":"binary-expr","locations":[{"start":{"line":384,"column":49},"end":{"line":384,"column":95}},{"start":{"line":384,"column":99},"end":{"line":384,"column":145}}],"line":384},"6":{"loc":{"start":{"line":390,"column":2},"end":{"line":393,"column":3}},"type":"if","locations":[{"start":{"line":390,"column":2},"end":{"line":393,"column":3}},{"start":{"line":390,"column":2},"end":{"line":393,"column":3}}],"line":390},"7":{"loc":{"start":{"line":390,"column":5},"end":{"line":390,"column":73}},"type":"binary-expr","locations":[{"start":{"line":390,"column":5},"end":{"line":390,"column":36}},{"start":{"line":390,"column":40},"end":{"line":390,"column":73}}],"line":390},"8":{"loc":{"start":{"line":396,"column":1},"end":{"line":400,"column":2}},"type":"if","locations":[{"start":{"line":396,"column":1},"end":{"line":400,"column":2}},{"start":{"line":396,"column":1},"end":{"line":400,"column":2}}],"line":396},"9":{"loc":{"start":{"line":418,"column":1},"end":{"line":422,"column":2}},"type":"if","locations":[{"start":{"line":418,"column":1},"end":{"line":422,"column":2}},{"start":{"line":418,"column":1},"end":{"line":422,"column":2}}],"line":418},"10":{"loc":{"start":{"line":429,"column":54},"end":{"line":429,"column":113}},"type":"binary-expr","locations":[{"start":{"line":429,"column":54},"end":{"line":429,"column":86}},{"start":{"line":429,"column":90},"end":{"line":429,"column":113}}],"line":429},"11":{"loc":{"start":{"line":430,"column":1},"end":{"line":432,"column":2}},"type":"if","locations":[{"start":{"line":430,"column":1},"end":{"line":432,"column":2}},{"start":{"line":430,"column":1},"end":{"line":432,"column":2}}],"line":430},"12":{"loc":{"start":{"line":435,"column":1},"end":{"line":435,"column":86}},"type":"if","locations":[{"start":{"line":435,"column":1},"end":{"line":435,"column":86}},{"start":{"line":435,"column":1},"end":{"line":435,"column":86}}],"line":435},"13":{"loc":{"start":{"line":452,"column":3},"end":{"line":483,"column":4}},"type":"if","locations":[{"start":{"line":452,"column":3},"end":{"line":483,"column":4}},{"start":{"line":452,"column":3},"end":{"line":483,"column":4}}],"line":452},"14":{"loc":{"start":{"line":460,"column":4},"end":{"line":463,"column":5}},"type":"if","locations":[{"start":{"line":460,"column":4},"end":{"line":463,"column":5}},{"start":{"line":460,"column":4},"end":{"line":463,"column":5}}],"line":460},"15":{"loc":{"start":{"line":460,"column":7},"end":{"line":460,"column":29}},"type":"binary-expr","locations":[{"start":{"line":460,"column":7},"end":{"line":460,"column":16}},{"start":{"line":460,"column":20},"end":{"line":460,"column":29}}],"line":460},"16":{"loc":{"start":{"line":461,"column":40},"end":{"line":462,"column":53}},"type":"cond-expr","locations":[{"start":{"line":462,"column":6},"end":{"line":462,"column":42}},{"start":{"line":462,"column":45},"end":{"line":462,"column":53}}],"line":461},"17":{"loc":{"start":{"line":466,"column":4},"end":{"line":466,"column":82}},"type":"if","locations":[{"start":{"line":466,"column":4},"end":{"line":466,"column":82}},{"start":{"line":466,"column":4},"end":{"line":466,"column":82}}],"line":466},"18":{"loc":{"start":{"line":469,"column":32},"end":{"line":470,"column":52}},"type":"cond-expr","locations":[{"start":{"line":470,"column":5},"end":{"line":470,"column":41}},{"start":{"line":470,"column":44},"end":{"line":470,"column":52}}],"line":469},"19":{"loc":{"start":{"line":472,"column":32},"end":{"line":473,"column":52}},"type":"cond-expr","locations":[{"start":{"line":473,"column":5},"end":{"line":473,"column":41}},{"start":{"line":473,"column":44},"end":{"line":473,"column":52}}],"line":472},"20":{"loc":{"start":{"line":479,"column":4},"end":{"line":482,"column":5}},"type":"if","locations":[{"start":{"line":479,"column":4},"end":{"line":482,"column":5}},{"start":{"line":479,"column":4},"end":{"line":482,"column":5}}],"line":479},"21":{"loc":{"start":{"line":493,"column":44},"end":{"line":493,"column":54}},"type":"default-arg","locations":[{"start":{"line":493,"column":53},"end":{"line":493,"column":54}}],"line":493},"22":{"loc":{"start":{"line":494,"column":1},"end":{"line":499,"column":2}},"type":"if","locations":[{"start":{"line":494,"column":1},"end":{"line":499,"column":2}},{"start":{"line":494,"column":1},"end":{"line":499,"column":2}}],"line":494},"23":{"loc":{"start":{"line":505,"column":13},"end":{"line":505,"column":51}},"type":"cond-expr","locations":[{"start":{"line":505,"column":24},"end":{"line":505,"column":38}},{"start":{"line":505,"column":41},"end":{"line":505,"column":51}}],"line":505},"24":{"loc":{"start":{"line":509,"column":23},"end":{"line":510,"column":39}},"type":"cond-expr","locations":[{"start":{"line":510,"column":2},"end":{"line":510,"column":30}},{"start":{"line":510,"column":33},"end":{"line":510,"column":39}}],"line":509},"25":{"loc":{"start":{"line":516,"column":53},"end":{"line":516,"column":63}},"type":"default-arg","locations":[{"start":{"line":516,"column":62},"end":{"line":516,"column":63}}],"line":516},"26":{"loc":{"start":{"line":520,"column":1},"end":{"line":528,"column":2}},"type":"if","locations":[{"start":{"line":520,"column":1},"end":{"line":528,"column":2}},{"start":{"line":520,"column":1},"end":{"line":528,"column":2}}],"line":520},"27":{"loc":{"start":{"line":541,"column":1},"end":{"line":549,"column":2}},"type":"if","locations":[{"start":{"line":541,"column":1},"end":{"line":549,"column":2}},{"start":{"line":541,"column":1},"end":{"line":549,"column":2}}],"line":541},"28":{"loc":{"start":{"line":543,"column":2},"end":{"line":543,"column":101}},"type":"if","locations":[{"start":{"line":543,"column":2},"end":{"line":543,"column":101}},{"start":{"line":543,"column":2},"end":{"line":543,"column":101}}],"line":543},"29":{"loc":{"start":{"line":566,"column":3},"end":{"line":569,"column":4}},"type":"if","locations":[{"start":{"line":566,"column":3},"end":{"line":569,"column":4}},{"start":{"line":566,"column":3},"end":{"line":569,"column":4}}],"line":566},"30":{"loc":{"start":{"line":577,"column":1},"end":{"line":584,"column":2}},"type":"if","locations":[{"start":{"line":577,"column":1},"end":{"line":584,"column":2}},{"start":{"line":577,"column":1},"end":{"line":584,"column":2}}],"line":577},"31":{"loc":{"start":{"line":577,"column":5},"end":{"line":577,"column":70}},"type":"binary-expr","locations":[{"start":{"line":577,"column":5},"end":{"line":577,"column":33}},{"start":{"line":577,"column":37},"end":{"line":577,"column":55}},{"start":{"line":577,"column":59},"end":{"line":577,"column":70}}],"line":577},"32":{"loc":{"start":{"line":583,"column":25},"end":{"line":583,"column":174}},"type":"cond-expr","locations":[{"start":{"line":583,"column":66},"end":{"line":583,"column":169}},{"start":{"line":583,"column":172},"end":{"line":583,"column":174}}],"line":583},"33":{"loc":{"start":{"line":592,"column":1},"end":{"line":599,"column":2}},"type":"if","locations":[{"start":{"line":592,"column":1},"end":{"line":599,"column":2}},{"start":{"line":592,"column":1},"end":{"line":599,"column":2}}],"line":592},"34":{"loc":{"start":{"line":592,"column":5},"end":{"line":592,"column":55}},"type":"binary-expr","locations":[{"start":{"line":592,"column":5},"end":{"line":592,"column":33}},{"start":{"line":592,"column":37},"end":{"line":592,"column":55}}],"line":592},"35":{"loc":{"start":{"line":598,"column":25},"end":{"line":598,"column":174}},"type":"cond-expr","locations":[{"start":{"line":598,"column":66},"end":{"line":598,"column":169}},{"start":{"line":598,"column":172},"end":{"line":598,"column":174}}],"line":598},"36":{"loc":{"start":{"line":605,"column":1},"end":{"line":612,"column":2}},"type":"if","locations":[{"start":{"line":605,"column":1},"end":{"line":612,"column":2}},{"start":{"line":605,"column":1},"end":{"line":612,"column":2}}],"line":605},"37":{"loc":{"start":{"line":605,"column":5},"end":{"line":605,"column":55}},"type":"binary-expr","locations":[{"start":{"line":605,"column":5},"end":{"line":605,"column":33}},{"start":{"line":605,"column":37},"end":{"line":605,"column":55}}],"line":605},"38":{"loc":{"start":{"line":611,"column":25},"end":{"line":611,"column":174}},"type":"cond-expr","locations":[{"start":{"line":611,"column":66},"end":{"line":611,"column":169}},{"start":{"line":611,"column":172},"end":{"line":611,"column":174}}],"line":611},"39":{"loc":{"start":{"line":613,"column":1},"end":{"line":615,"column":2}},"type":"if","locations":[{"start":{"line":613,"column":1},"end":{"line":615,"column":2}},{"start":{"line":613,"column":1},"end":{"line":615,"column":2}}],"line":613},"40":{"loc":{"start":{"line":621,"column":1},"end":{"line":621,"column":91}},"type":"if","locations":[{"start":{"line":621,"column":1},"end":{"line":621,"column":91}},{"start":{"line":621,"column":1},"end":{"line":621,"column":91}}],"line":621},"41":{"loc":{"start":{"line":623,"column":1},"end":{"line":626,"column":2}},"type":"if","locations":[{"start":{"line":623,"column":1},"end":{"line":626,"column":2}},{"start":{"line":623,"column":1},"end":{"line":626,"column":2}}],"line":623},"42":{"loc":{"start":{"line":634,"column":1},"end":{"line":644,"column":2}},"type":"if","locations":[{"start":{"line":634,"column":1},"end":{"line":644,"column":2}},{"start":{"line":634,"column":1},"end":{"line":644,"column":2}}],"line":634},"43":{"loc":{"start":{"line":653,"column":1},"end":{"line":653,"column":55}},"type":"if","locations":[{"start":{"line":653,"column":1},"end":{"line":653,"column":55}},{"start":{"line":653,"column":1},"end":{"line":653,"column":55}}],"line":653},"44":{"loc":{"start":{"line":655,"column":1},"end":{"line":664,"column":2}},"type":"if","locations":[{"start":{"line":655,"column":1},"end":{"line":664,"column":2}},{"start":{"line":655,"column":1},"end":{"line":664,"column":2}}],"line":655},"45":{"loc":{"start":{"line":669,"column":50},"end":{"line":669,"column":60}},"type":"default-arg","locations":[{"start":{"line":669,"column":59},"end":{"line":669,"column":60}}],"line":669},"46":{"loc":{"start":{"line":670,"column":1},"end":{"line":672,"column":2}},"type":"if","locations":[{"start":{"line":670,"column":1},"end":{"line":672,"column":2}},{"start":{"line":670,"column":1},"end":{"line":672,"column":2}}],"line":670},"47":{"loc":{"start":{"line":674,"column":1},"end":{"line":675,"column":47}},"type":"if","locations":[{"start":{"line":674,"column":1},"end":{"line":675,"column":47}},{"start":{"line":674,"column":1},"end":{"line":675,"column":47}}],"line":674},"48":{"loc":{"start":{"line":698,"column":3},"end":{"line":700,"column":4}},"type":"if","locations":[{"start":{"line":698,"column":3},"end":{"line":700,"column":4}},{"start":{"line":698,"column":3},"end":{"line":700,"column":4}}],"line":698},"49":{"loc":{"start":{"line":701,"column":14},"end":{"line":701,"column":50}},"type":"cond-expr","locations":[{"start":{"line":701,"column":25},"end":{"line":701,"column":38}},{"start":{"line":701,"column":41},"end":{"line":701,"column":50}}],"line":701},"50":{"loc":{"start":{"line":712,"column":54},"end":{"line":712,"column":60}},"type":"default-arg","locations":[{"start":{"line":712,"column":59},"end":{"line":712,"column":60}}],"line":712},"51":{"loc":{"start":{"line":713,"column":1},"end":{"line":715,"column":2}},"type":"if","locations":[{"start":{"line":713,"column":1},"end":{"line":715,"column":2}},{"start":{"line":713,"column":1},"end":{"line":715,"column":2}}],"line":713},"52":{"loc":{"start":{"line":716,"column":1},"end":{"line":724,"column":2}},"type":"if","locations":[{"start":{"line":716,"column":1},"end":{"line":724,"column":2}},{"start":{"line":716,"column":1},"end":{"line":724,"column":2}}],"line":716},"53":{"loc":{"start":{"line":717,"column":2},"end":{"line":723,"column":3}},"type":"if","locations":[{"start":{"line":717,"column":2},"end":{"line":723,"column":3}},{"start":{"line":717,"column":2},"end":{"line":723,"column":3}}],"line":717},"54":{"loc":{"start":{"line":739,"column":51},"end":{"line":739,"column":65}},"type":"default-arg","locations":[{"start":{"line":739,"column":57},"end":{"line":739,"column":65}}],"line":739},"55":{"loc":{"start":{"line":740,"column":1},"end":{"line":742,"column":2}},"type":"if","locations":[{"start":{"line":740,"column":1},"end":{"line":742,"column":2}},{"start":{"line":740,"column":1},"end":{"line":742,"column":2}}],"line":740},"56":{"loc":{"start":{"line":746,"column":1},"end":{"line":749,"column":2}},"type":"if","locations":[{"start":{"line":746,"column":1},"end":{"line":749,"column":2}},{"start":{"line":746,"column":1},"end":{"line":749,"column":2}}],"line":746},"57":{"loc":{"start":{"line":754,"column":1},"end":{"line":757,"column":2}},"type":"if","locations":[{"start":{"line":754,"column":1},"end":{"line":757,"column":2}},{"start":{"line":754,"column":1},"end":{"line":757,"column":2}}],"line":754}},"s":{"0":1,"1":1,"2":1,"3":1,"4":0,"5":1,"6":1,"7":1,"8":1,"9":1,"10":1,"11":1,"12":1,"13":1,"14":0,"15":0,"16":0,"17":0,"18":1,"19":0,"20":1,"21":0,"22":0,"23":0,"24":0,"25":0,"26":1,"27":0,"28":0,"29":0,"30":0,"31":0,"32":1,"33":0,"34":0,"35":0,"36":0,"37":1,"38":2,"39":2,"40":1,"41":0,"42":0,"43":0,"44":0,"45":1,"46":1,"47":1,"48":0,"49":0,"50":0,"51":1,"52":0,"53":0,"54":0,"55":0,"56":1,"57":0,"58":0,"59":0,"60":0,"61":0,"62":0,"63":1,"64":0,"65":0,"66":1,"67":0,"68":0,"69":0,"70":0,"71":0,"72":0,"73":0,"74":0,"75":0,"76":0,"77":1,"78":0,"79":0,"80":1,"81":0,"82":0,"83":0,"84":1,"85":0,"86":0,"87":0,"88":0,"89":1,"90":0,"91":0,"92":0,"93":0,"94":0,"95":0,"96":0,"97":0,"98":0,"99":0,"100":1,"101":0,"102":0,"103":0,"104":0,"105":0,"106":0,"107":0,"108":0,"109":0,"110":0,"111":0,"112":0,"113":0,"114":0,"115":0,"116":0,"117":0,"118":0,"119":0,"120":0,"121":0,"122":1,"123":0,"124":0,"125":0,"126":0,"127":0,"128":0,"129":0,"130":0,"131":0,"132":1,"133":0,"134":0,"135":0,"136":0,"137":0,"138":0,"139":1,"140":0,"141":0,"142":0,"143":0,"144":0,"145":0,"146":0,"147":0,"148":0,"149":0,"150":0,"151":0,"152":0,"153":0,"154":0,"155":1,"156":0,"157":0,"158":0,"159":0,"160":0,"161":0,"162":0,"163":0,"164":0,"165":0,"166":0,"167":0,"168":1,"169":0,"170":0,"171":0,"172":0,"173":0,"174":0,"175":0,"176":1,"177":0,"178":0,"179":0,"180":0,"181":0,"182":0,"183":0,"184":0,"185":0,"186":1,"187":0,"188":0,"189":0,"190":0,"191":0,"192":0,"193":0,"194":1,"195":0,"196":0,"197":0,"198":0,"199":0,"200":0,"201":0,"202":0,"203":0,"204":0,"205":1,"206":0,"207":0,"208":0,"209":0,"210":0,"211":0,"212":0,"213":0,"214":0,"215":1,"216":0,"217":0,"218":0,"219":0,"220":0,"221":0,"222":1,"223":0,"224":0,"225":0,"226":1,"227":0,"228":0,"229":0,"230":0,"231":0,"232":0,"233":0,"234":0,"235":0,"236":0,"237":1,"238":2,"239":2,"240":2,"241":2,"242":2,"243":2,"244":2,"245":4,"246":1,"247":0,"248":0,"249":1,"250":0,"251":0,"252":1,"253":0,"254":0,"255":0,"256":1,"257":0,"258":0,"259":0,"260":0,"261":1,"262":0,"263":0,"264":0,"265":0,"266":1,"267":0,"268":0,"269":0,"270":1},"f":{"0":0,"1":0,"2":0,"3":0,"4":0,"5":0,"6":0,"7":0,"8":0,"9":2,"10":2,"11":0,"12":0,"13":1,"14":0,"15":0,"16":0,"17":0,"18":0,"19":0,"20":0,"21":0,"22":0,"23":0,"24":0,"25":0,"26":0,"27":0,"28":0,"29":0,"30":0,"31":0,"32":0,"33":0,"34":0,"35":0,"36":0,"37":0,"38":0,"39":0,"40":0,"41":0,"42":0,"43":0,"44":0,"45":0,"46":0,"47":0,"48":0,"49":0,"50":0,"51":0,"52":0,"53":2,"54":4,"55":0,"56":0,"57":0,"58":0,"59":0,"60":0},"b":{"0":[1,0],"1":[0],"2":[0,0],"3":[0,0],"4":[0,0],"5":[0,0],"6":[0,0],"7":[0,0],"8":[0,0],"9":[0,0],"10":[0,0],"11":[0,0],"12":[0,0],"13":[0,0],"14":[0,0],"15":[0,0],"16":[0,0],"17":[0,0],"18":[0,0],"19":[0,0],"20":[0,0],"21":[0],"22":[0,0],"23":[0,0],"24":[0,0],"25":[0],"26":[0,0],"27":[0,0],"28":[0,0],"29":[0,0],"30":[0,0],"31":[0,0,0],"32":[0,0],"33":[0,0],"34":[0,0],"35":[0,0],"36":[0,0],"37":[0,0],"38":[0,0],"39":[0,0],"40":[0,0],"41":[0,0],"42":[0,0],"43":[0,0],"44":[0,0],"45":[0],"46":[0,0],"47":[0,0],"48":[0,0],"49":[0,0],"50":[0],"51":[2,0],"52":[2,0],"53":[2,0],"54":[0],"55":[0,0],"56":[0,0],"57":[0,0]},"_coverageSchema":"1a1c01bbd47fc00a2c39e90264f33305004495a9","hash":"1e01326224ee5344cf15daedea8e4f87275c8cd8","contentHash":"b9a1858b9e743da68d27be1e699470b9e29fcbdf5d4495828823bea3d21cebc6"},"/Users/tormodflesjo/tormodWork/mega-rpg/game/build/buildings-object.js":{"path":"/Users/tormodflesjo/tormodWork/mega-rpg/game/build/buildings-object.js","statementMap":{"0":{"start":{"line":4,"column":0},"end":{"line":564,"column":2}},"1":{"start":{"line":171,"column":17},"end":{"line":172,"column":38}},"2":{"start":{"line":171,"column":48},"end":{"line":171,"column":75}},"3":{"start":{"line":172,"column":20},"end":{"line":172,"column":37}},"4":{"start":{"line":173,"column":16},"end":{"line":173,"column":17}},"5":{"start":{"line":174,"column":3},"end":{"line":174,"column":53}},"6":{"start":{"line":175,"column":3},"end":{"line":177,"column":9}},"7":{"start":{"line":176,"column":4},"end":{"line":176,"column":58}},"8":{"start":{"line":179,"column":3},"end":{"line":179,"column":44}},"9":{"start":{"line":234,"column":3},"end":{"line":234,"column":101}},"10":{"start":{"line":282,"column":3},"end":{"line":282,"column":105}},"11":{"start":{"line":493,"column":3},"end":{"line":493,"column":36}}},"fnMap":{"0":{"name":"(anonymous_0)","decl":{"start":{"line":169,"column":11},"end":{"line":169,"column":12}},"loc":{"start":{"line":169,"column":32},"end":{"line":180,"column":3}},"line":169},"1":{"name":"(anonymous_1)","decl":{"start":{"line":171,"column":36},"end":{"line":171,"column":37}},"loc":{"start":{"line":171,"column":48},"end":{"line":171,"column":75}},"line":171},"2":{"name":"(anonymous_2)","decl":{"start":{"line":172,"column":10},"end":{"line":172,"column":11}},"loc":{"start":{"line":172,"column":20},"end":{"line":172,"column":37}},"line":172},"3":{"name":"(anonymous_3)","decl":{"start":{"line":175,"column":35},"end":{"line":175,"column":36}},"loc":{"start":{"line":175,"column":49},"end":{"line":177,"column":4}},"line":175},"4":{"name":"(anonymous_4)","decl":{"start":{"line":232,"column":11},"end":{"line":232,"column":12}},"loc":{"start":{"line":232,"column":32},"end":{"line":235,"column":3}},"line":232},"5":{"name":"(anonymous_5)","decl":{"start":{"line":280,"column":11},"end":{"line":280,"column":12}},"loc":{"start":{"line":280,"column":32},"end":{"line":283,"column":3}},"line":280},"6":{"name":"(anonymous_6)","decl":{"start":{"line":491,"column":11},"end":{"line":491,"column":12}},"loc":{"start":{"line":491,"column":26},"end":{"line":494,"column":3}},"line":491}},"branchMap":{},"s":{"0":1,"1":0,"2":0,"3":0,"4":0,"5":0,"6":0,"7":0,"8":0,"9":0,"10":0,"11":0},"f":{"0":0,"1":0,"2":0,"3":0,"4":0,"5":0,"6":0},"b":{},"_coverageSchema":"1a1c01bbd47fc00a2c39e90264f33305004495a9","hash":"fb6bf0f27115ad5092c730fa006e84d50bb24fcc","contentHash":"76e139147204ffa8604253812eb60c51f2f739cc6881d74da9c1de134c267c22"},"/Users/tormodflesjo/tormodWork/mega-rpg/game/_CONSTS/hero-exp.js":{"path":"/Users/tormodflesjo/tormodWork/mega-rpg/game/_CONSTS/hero-exp.js","statementMap":{"0":{"start":{"line":2,"column":27},"end":{"line":36,"column":1}},"1":{"start":{"line":38,"column":32},"end":{"line":72,"column":1}},"2":{"start":{"line":76,"column":20},"end":{"line":118,"column":1}},"3":{"start":{"line":77,"column":1},"end":{"line":84,"column":2}},"4":{"start":{"line":78,"column":2},"end":{"line":78,"column":44}},"5":{"start":{"line":79,"column":2},"end":{"line":79,"column":9}},"6":{"start":{"line":81,"column":6},"end":{"line":84,"column":2}},"7":{"start":{"line":82,"column":2},"end":{"line":82,"column":52}},"8":{"start":{"line":83,"column":2},"end":{"line":83,"column":9}},"9":{"start":{"line":87,"column":15},"end":{"line":87,"column":20}},"10":{"start":{"line":88,"column":17},"end":{"line":88,"column":22}},"11":{"start":{"line":89,"column":46},"end":{"line":89,"column":55}},"12":{"start":{"line":90,"column":1},"end":{"line":97,"column":2}},"13":{"start":{"line":95,"column":2},"end":{"line":95,"column":42}},"14":{"start":{"line":96,"column":2},"end":{"line":96,"column":49}},"15":{"start":{"line":99,"column":21},"end":{"line":99,"column":64}},"16":{"start":{"line":102,"column":1},"end":{"line":115,"column":2}},"17":{"start":{"line":103,"column":2},"end":{"line":114,"column":3}},"18":{"start":{"line":104,"column":21},"end":{"line":104,"column":23}},"19":{"start":{"line":105,"column":3},"end":{"line":107,"column":4}},"20":{"start":{"line":106,"column":4},"end":{"line":106,"column":50}},"21":{"start":{"line":108,"column":3},"end":{"line":110,"column":5}},"22":{"start":{"line":113,"column":3},"end":{"line":113,"column":69}},"23":{"start":{"line":117,"column":1},"end":{"line":117,"column":57}},"24":{"start":{"line":122,"column":22},"end":{"line":162,"column":1}},"25":{"start":{"line":123,"column":1},"end":{"line":130,"column":2}},"26":{"start":{"line":124,"column":2},"end":{"line":124,"column":44}},"27":{"start":{"line":125,"column":2},"end":{"line":125,"column":9}},"28":{"start":{"line":127,"column":6},"end":{"line":130,"column":2}},"29":{"start":{"line":128,"column":2},"end":{"line":128,"column":52}},"30":{"start":{"line":129,"column":2},"end":{"line":129,"column":9}},"31":{"start":{"line":133,"column":17},"end":{"line":133,"column":22}},"32":{"start":{"line":134,"column":19},"end":{"line":134,"column":24}},"33":{"start":{"line":135,"column":31},"end":{"line":135,"column":40}},"34":{"start":{"line":136,"column":1},"end":{"line":141,"column":2}},"35":{"start":{"line":139,"column":2},"end":{"line":139,"column":40}},"36":{"start":{"line":140,"column":2},"end":{"line":140,"column":47}},"37":{"start":{"line":143,"column":21},"end":{"line":143,"column":70}},"38":{"start":{"line":146,"column":1},"end":{"line":159,"column":2}},"39":{"start":{"line":147,"column":2},"end":{"line":158,"column":3}},"40":{"start":{"line":148,"column":21},"end":{"line":148,"column":23}},"41":{"start":{"line":149,"column":3},"end":{"line":151,"column":4}},"42":{"start":{"line":150,"column":4},"end":{"line":150,"column":52}},"43":{"start":{"line":152,"column":3},"end":{"line":154,"column":5}},"44":{"start":{"line":157,"column":3},"end":{"line":157,"column":69}},"45":{"start":{"line":161,"column":1},"end":{"line":161,"column":61}},"46":{"start":{"line":165,"column":0},"end":{"line":165,"column":93}}},"fnMap":{"0":{"name":"(anonymous_0)","decl":{"start":{"line":76,"column":20},"end":{"line":76,"column":21}},"loc":{"start":{"line":76,"column":50},"end":{"line":118,"column":1}},"line":76},"1":{"name":"(anonymous_1)","decl":{"start":{"line":122,"column":22},"end":{"line":122,"column":23}},"loc":{"start":{"line":122,"column":52},"end":{"line":162,"column":1}},"line":122}},"branchMap":{"0":{"loc":{"start":{"line":77,"column":1},"end":{"line":84,"column":2}},"type":"if","locations":[{"start":{"line":77,"column":1},"end":{"line":84,"column":2}},{"start":{"line":77,"column":1},"end":{"line":84,"column":2}}],"line":77},"1":{"loc":{"start":{"line":77,"column":4},"end":{"line":77,"column":41}},"type":"binary-expr","locations":[{"start":{"line":77,"column":4},"end":{"line":77,"column":27}},{"start":{"line":77,"column":31},"end":{"line":77,"column":41}}],"line":77},"2":{"loc":{"start":{"line":81,"column":6},"end":{"line":84,"column":2}},"type":"if","locations":[{"start":{"line":81,"column":6},"end":{"line":84,"column":2}},{"start":{"line":81,"column":6},"end":{"line":84,"column":2}}],"line":81},"3":{"loc":{"start":{"line":90,"column":1},"end":{"line":97,"column":2}},"type":"if","locations":[{"start":{"line":90,"column":1},"end":{"line":97,"column":2}},{"start":{"line":90,"column":1},"end":{"line":97,"column":2}}],"line":90},"4":{"loc":{"start":{"line":91,"column":2},"end":{"line":93,"column":47}},"type":"binary-expr","locations":[{"start":{"line":91,"column":2},"end":{"line":91,"column":35}},{"start":{"line":92,"column":8},"end":{"line":92,"column":42}},{"start":{"line":93,"column":8},"end":{"line":93,"column":47}}],"line":91},"5":{"loc":{"start":{"line":102,"column":1},"end":{"line":115,"column":2}},"type":"if","locations":[{"start":{"line":102,"column":1},"end":{"line":115,"column":2}},{"start":{"line":102,"column":1},"end":{"line":115,"column":2}}],"line":102},"6":{"loc":{"start":{"line":117,"column":32},"end":{"line":117,"column":54}},"type":"cond-expr","locations":[{"start":{"line":117,"column":42},"end":{"line":117,"column":46}},{"start":{"line":117,"column":49},"end":{"line":117,"column":54}}],"line":117},"7":{"loc":{"start":{"line":123,"column":1},"end":{"line":130,"column":2}},"type":"if","locations":[{"start":{"line":123,"column":1},"end":{"line":130,"column":2}},{"start":{"line":123,"column":1},"end":{"line":130,"column":2}}],"line":123},"8":{"loc":{"start":{"line":123,"column":4},"end":{"line":123,"column":41}},"type":"binary-expr","locations":[{"start":{"line":123,"column":4},"end":{"line":123,"column":27}},{"start":{"line":123,"column":31},"end":{"line":123,"column":41}}],"line":123},"9":{"loc":{"start":{"line":127,"column":6},"end":{"line":130,"column":2}},"type":"if","locations":[{"start":{"line":127,"column":6},"end":{"line":130,"column":2}},{"start":{"line":127,"column":6},"end":{"line":130,"column":2}}],"line":127},"10":{"loc":{"start":{"line":136,"column":1},"end":{"line":141,"column":2}},"type":"if","locations":[{"start":{"line":136,"column":1},"end":{"line":141,"column":2}},{"start":{"line":136,"column":1},"end":{"line":141,"column":2}}],"line":136},"11":{"loc":{"start":{"line":137,"column":2},"end":{"line":137,"column":86}},"type":"cond-expr","locations":[{"start":{"line":137,"column":53},"end":{"line":137,"column":82}},{"start":{"line":137,"column":85},"end":{"line":137,"column":86}}],"line":137},"12":{"loc":{"start":{"line":146,"column":1},"end":{"line":159,"column":2}},"type":"if","locations":[{"start":{"line":146,"column":1},"end":{"line":159,"column":2}},{"start":{"line":146,"column":1},"end":{"line":159,"column":2}}],"line":146},"13":{"loc":{"start":{"line":161,"column":34},"end":{"line":161,"column":58}},"type":"cond-expr","locations":[{"start":{"line":161,"column":46},"end":{"line":161,"column":50}},{"start":{"line":161,"column":53},"end":{"line":161,"column":58}}],"line":161}},"s":{"0":1,"1":1,"2":1,"3":0,"4":0,"5":0,"6":0,"7":0,"8":0,"9":0,"10":0,"11":0,"12":0,"13":0,"14":0,"15":0,"16":0,"17":0,"18":0,"19":0,"20":0,"21":0,"22":0,"23":0,"24":1,"25":0,"26":0,"27":0,"28":0,"29":0,"30":0,"31":0,"32":0,"33":0,"34":0,"35":0,"36":0,"37":0,"38":0,"39":0,"40":0,"41":0,"42":0,"43":0,"44":0,"45":0,"46":1},"f":{"0":0,"1":0},"b":{"0":[0,0],"1":[0,0],"2":[0,0],"3":[0,0],"4":[0,0,0],"5":[0,0],"6":[0,0],"7":[0,0],"8":[0,0],"9":[0,0],"10":[0,0],"11":[0,0],"12":[0,0],"13":[0,0]},"_coverageSchema":"1a1c01bbd47fc00a2c39e90264f33305004495a9","hash":"71d6b03101d74048d5146a683bd18a0c1915f6ca","contentHash":"8d1e6d6990d8019282b6eedd0889bf27acc68f3e2b5b391bc08c11539371e6f2"},"/Users/tormodflesjo/tormodWork/mega-rpg/models/userValues/default.js":{"path":"/Users/tormodflesjo/tormodWork/mega-rpg/models/userValues/default.js","statementMap":{"0":{"start":{"line":1,"column":18},"end":{"line":46,"column":1}},"1":{"start":{"line":48,"column":19},"end":{"line":173,"column":1}},"2":{"start":{"line":175,"column":0},"end":{"line":175,"column":43}}},"fnMap":{},"branchMap":{},"s":{"0":1,"1":1,"2":1},"f":{},"b":{},"_coverageSchema":"1a1c01bbd47fc00a2c39e90264f33305004495a9","hash":"27ed1886d96d38848eee7ca3977445cf084c31ca","contentHash":"0ee4d926d20b91d024e47c04e9b9b769ecb4b0f57405896b42474834a835bed2"},"/Users/tormodflesjo/tormodWork/mega-rpg/models/userValues/resources.js":{"path":"/Users/tormodflesjo/tormodWork/mega-rpg/models/userValues/resources.js","statementMap":{"0":{"start":{"line":1,"column":18},"end":{"line":70,"column":1}},"1":{"start":{"line":72,"column":0},"end":{"line":72,"column":31}}},"fnMap":{},"branchMap":{},"s":{"0":1,"1":1},"f":{},"b":{},"_coverageSchema":"1a1c01bbd47fc00a2c39e90264f33305004495a9","hash":"c4908d3df202aa812dc792efda5c529072073263","contentHash":"d0d10b1ecebcbc0d0bed58ffba3aaafcfe72051be1851d8e470cad48ee2c9eec"},"/Users/tormodflesjo/tormodWork/mega-rpg/models/userValues/inventory.js":{"path":"/Users/tormodflesjo/tormodWork/mega-rpg/models/userValues/inventory.js","statementMap":{"0":{"start":{"line":1,"column":18},"end":{"line":34,"column":1}},"1":{"start":{"line":36,"column":0},"end":{"line":36,"column":31}}},"fnMap":{},"branchMap":{},"s":{"0":1,"1":1},"f":{},"b":{},"_coverageSchema":"1a1c01bbd47fc00a2c39e90264f33305004495a9","hash":"4a5473061ddc2eb8de03b326e021bd504d0f9a54","contentHash":"b1ae5916c37997294ac669fd2b19e54666395f4872e448019a4985825ed42861"},"/Users/tormodflesjo/tormodWork/mega-rpg/game/_GLOBAL_HELPERS/index.js":{"path":"/Users/tormodflesjo/tormodWork/mega-rpg/game/_GLOBAL_HELPERS/index.js","statementMap":{"0":{"start":{"line":3,"column":1},"end":{"line":5,"column":2}},"1":{"start":{"line":3,"column":18},"end":{"line":3,"column":19}},"2":{"start":{"line":4,"column":2},"end":{"line":4,"column":45}},"3":{"start":{"line":10,"column":25},"end":{"line":26,"column":1}},"4":{"start":{"line":13,"column":1},"end":{"line":15,"column":2}},"5":{"start":{"line":14,"column":2},"end":{"line":14,"column":18}},"6":{"start":{"line":17,"column":19},"end":{"line":17,"column":52}},"7":{"start":{"line":19,"column":1},"end":{"line":23,"column":2}},"8":{"start":{"line":20,"column":2},"end":{"line":20,"column":24}},"9":{"start":{"line":22,"column":2},"end":{"line":22,"column":43}},"10":{"start":{"line":25,"column":1},"end":{"line":25,"column":18}},"11":{"start":{"line":30,"column":24},"end":{"line":44,"column":1}},"12":{"start":{"line":31,"column":1},"end":{"line":34,"column":2}},"13":{"start":{"line":32,"column":2},"end":{"line":32,"column":67}},"14":{"start":{"line":33,"column":2},"end":{"line":33,"column":14}},"15":{"start":{"line":36,"column":21},"end":{"line":36,"column":82}},"16":{"start":{"line":37,"column":15},"end":{"line":37,"column":59}},"17":{"start":{"line":38,"column":19},"end":{"line":38,"column":39}},"18":{"start":{"line":40,"column":1},"end":{"line":43,"column":3}},"19":{"start":{"line":46,"column":31},"end":{"line":48,"column":1}},"20":{"start":{"line":47,"column":1},"end":{"line":47,"column":58}},"21":{"start":{"line":53,"column":21},"end":{"line":57,"column":1}},"22":{"start":{"line":54,"column":1},"end":{"line":56,"column":56}},"23":{"start":{"line":55,"column":17},"end":{"line":55,"column":36}},"24":{"start":{"line":56,"column":25},"end":{"line":56,"column":49}},"25":{"start":{"line":59,"column":22},"end":{"line":70,"column":1}},"26":{"start":{"line":60,"column":20},"end":{"line":60,"column":27}},"27":{"start":{"line":61,"column":1},"end":{"line":64,"column":2}},"28":{"start":{"line":62,"column":15},"end":{"line":62,"column":42}},"29":{"start":{"line":63,"column":2},"end":{"line":63,"column":24}},"30":{"start":{"line":65,"column":19},"end":{"line":65,"column":70}},"31":{"start":{"line":66,"column":1},"end":{"line":68,"column":4}},"32":{"start":{"line":67,"column":2},"end":{"line":67,"column":20}},"33":{"start":{"line":69,"column":1},"end":{"line":69,"column":27}},"34":{"start":{"line":73,"column":0},"end":{"line":73,"column":122}}},"fnMap":{"0":{"name":"asyncForEach","decl":{"start":{"line":2,"column":15},"end":{"line":2,"column":27}},"loc":{"start":{"line":2,"column":45},"end":{"line":6,"column":1}},"line":2},"1":{"name":"(anonymous_1)","decl":{"start":{"line":10,"column":25},"end":{"line":10,"column":26}},"loc":{"start":{"line":10,"column":39},"end":{"line":26,"column":1}},"line":10},"2":{"name":"(anonymous_2)","decl":{"start":{"line":30,"column":24},"end":{"line":30,"column":25}},"loc":{"start":{"line":30,"column":69},"end":{"line":44,"column":1}},"line":30},"3":{"name":"(anonymous_3)","decl":{"start":{"line":46,"column":31},"end":{"line":46,"column":32}},"loc":{"start":{"line":46,"column":45},"end":{"line":48,"column":1}},"line":46},"4":{"name":"(anonymous_4)","decl":{"start":{"line":53,"column":21},"end":{"line":53,"column":22}},"loc":{"start":{"line":53,"column":41},"end":{"line":57,"column":1}},"line":53},"5":{"name":"(anonymous_5)","decl":{"start":{"line":55,"column":10},"end":{"line":55,"column":11}},"loc":{"start":{"line":55,"column":17},"end":{"line":55,"column":36}},"line":55},"6":{"name":"(anonymous_6)","decl":{"start":{"line":56,"column":10},"end":{"line":56,"column":11}},"loc":{"start":{"line":56,"column":25},"end":{"line":56,"column":49}},"line":56},"7":{"name":"(anonymous_7)","decl":{"start":{"line":59,"column":22},"end":{"line":59,"column":23}},"loc":{"start":{"line":59,"column":28},"end":{"line":70,"column":1}},"line":59},"8":{"name":"(anonymous_8)","decl":{"start":{"line":66,"column":27},"end":{"line":66,"column":28}},"loc":{"start":{"line":66,"column":35},"end":{"line":68,"column":2}},"line":66}},"branchMap":{"0":{"loc":{"start":{"line":13,"column":1},"end":{"line":15,"column":2}},"type":"if","locations":[{"start":{"line":13,"column":1},"end":{"line":15,"column":2}},{"start":{"line":13,"column":1},"end":{"line":15,"column":2}}],"line":13},"1":{"loc":{"start":{"line":13,"column":5},"end":{"line":13,"column":54}},"type":"binary-expr","locations":[{"start":{"line":13,"column":5},"end":{"line":13,"column":33}},{"start":{"line":13,"column":37},"end":{"line":13,"column":54}}],"line":13},"2":{"loc":{"start":{"line":17,"column":19},"end":{"line":17,"column":52}},"type":"cond-expr","locations":[{"start":{"line":17,"column":45},"end":{"line":17,"column":47}},{"start":{"line":17,"column":50},"end":{"line":17,"column":52}}],"line":17},"3":{"loc":{"start":{"line":31,"column":1},"end":{"line":34,"column":2}},"type":"if","locations":[{"start":{"line":31,"column":1},"end":{"line":34,"column":2}},{"start":{"line":31,"column":1},"end":{"line":34,"column":2}}],"line":31},"4":{"loc":{"start":{"line":61,"column":1},"end":{"line":64,"column":2}},"type":"if","locations":[{"start":{"line":61,"column":1},"end":{"line":64,"column":2}},{"start":{"line":61,"column":1},"end":{"line":64,"column":2}}],"line":61}},"s":{"0":1,"1":1,"2":1,"3":1,"4":79,"5":59,"6":20,"7":20,"8":75,"9":75,"10":20,"11":1,"12":0,"13":0,"14":0,"15":0,"16":0,"17":0,"18":0,"19":1,"20":6,"21":1,"22":0,"23":0,"24":0,"25":1,"26":2,"27":2,"28":0,"29":0,"30":2,"31":2,"32":6,"33":2,"34":1},"f":{"0":1,"1":79,"2":0,"3":6,"4":0,"5":0,"6":0,"7":2,"8":6},"b":{"0":[59,20],"1":[79,20],"2":[4,16],"3":[0,0],"4":[0,2]},"_coverageSchema":"1a1c01bbd47fc00a2c39e90264f33305004495a9","hash":"b4b9942b6e5bf0de1ba7c8c78010a7057994e0fb","contentHash":"8f72042ca4390355b76c6487868fb6780b4ed0077dd747dc853580ca490a7fb7"},"/Users/tormodflesjo/tormodWork/mega-rpg/commands/buy.js":{"path":"/Users/tormodflesjo/tormodWork/mega-rpg/commands/buy.js","statementMap":{"0":{"start":{"line":1,"column":29},"end":{"line":1,"column":60}},"1":{"start":{"line":2,"column":34},"end":{"line":2,"column":60}},"2":{"start":{"line":4,"column":0},"end":{"line":33,"column":2}},"3":{"start":{"line":20,"column":25},"end":{"line":20,"column":44}},"4":{"start":{"line":21,"column":17},"end":{"line":21,"column":109}},"5":{"start":{"line":23,"column":18},"end":{"line":23,"column":62}},"6":{"start":{"line":23,"column":32},"end":{"line":23,"column":61}},"7":{"start":{"line":24,"column":2},"end":{"line":27,"column":3}},"8":{"start":{"line":25,"column":27},"end":{"line":25,"column":68}},"9":{"start":{"line":26,"column":3},"end":{"line":26,"column":48}},"10":{"start":{"line":29,"column":19},"end":{"line":29,"column":61}},"11":{"start":{"line":31,"column":2},"end":{"line":31,"column":73}}},"fnMap":{"0":{"name":"(anonymous_0)","decl":{"start":{"line":19,"column":1},"end":{"line":19,"column":2}},"loc":{"start":{"line":19,"column":36},"end":{"line":32,"column":2}},"line":19},"1":{"name":"(anonymous_1)","decl":{"start":{"line":23,"column":28},"end":{"line":23,"column":29}},"loc":{"start":{"line":23,"column":32},"end":{"line":23,"column":61}},"line":23}},"branchMap":{"0":{"loc":{"start":{"line":21,"column":17},"end":{"line":21,"column":109}},"type":"cond-expr","locations":[{"start":{"line":21,"column":68},"end":{"line":21,"column":105}},{"start":{"line":21,"column":108},"end":{"line":21,"column":109}}],"line":21},"1":{"loc":{"start":{"line":21,"column":17},"end":{"line":21,"column":65}},"type":"binary-expr","locations":[{"start":{"line":21,"column":17},"end":{"line":21,"column":38}},{"start":{"line":21,"column":42},"end":{"line":21,"column":65}}],"line":21},"2":{"loc":{"start":{"line":24,"column":2},"end":{"line":27,"column":3}},"type":"if","locations":[{"start":{"line":24,"column":2},"end":{"line":27,"column":3}},{"start":{"line":24,"column":2},"end":{"line":27,"column":3}}],"line":24}},"s":{"0":1,"1":1,"2":1,"3":0,"4":0,"5":0,"6":0,"7":0,"8":0,"9":0,"10":0,"11":0},"f":{"0":0,"1":0},"b":{"0":[0,0],"1":[0,0],"2":[0,0]},"_coverageSchema":"1a1c01bbd47fc00a2c39e90264f33305004495a9","hash":"0b3ce6f24aeb3e3210700cc5a09350fa25c37f3f","contentHash":"d49894e98513e2de5d16b8ab94b219b31fc8f2101d7c761f952710872b386fb4"},"/Users/tormodflesjo/tormodWork/mega-rpg/game/buy/buy-item.js":{"path":"/Users/tormodflesjo/tormodWork/mega-rpg/game/buy/buy-item.js","statementMap":{"0":{"start":{"line":1,"column":19},"end":{"line":1,"column":55}},"1":{"start":{"line":2,"column":20},"end":{"line":2,"column":47}},"2":{"start":{"line":5,"column":25},"end":{"line":19,"column":1}},"3":{"start":{"line":6,"column":1},"end":{"line":9,"column":2}},"4":{"start":{"line":7,"column":18},"end":{"line":7,"column":35}},"5":{"start":{"line":8,"column":2},"end":{"line":8,"column":17}},"6":{"start":{"line":11,"column":19},"end":{"line":13,"column":75}},"7":{"start":{"line":12,"column":15},"end":{"line":12,"column":48}},"8":{"start":{"line":13,"column":12},"end":{"line":13,"column":64}},"9":{"start":{"line":14,"column":14},"end":{"line":14,"column":35}},"10":{"start":{"line":16,"column":17},"end":{"line":16,"column":50}},"11":{"start":{"line":18,"column":1},"end":{"line":18,"column":16}},"12":{"start":{"line":22,"column":20},"end":{"line":37,"column":1}},"13":{"start":{"line":23,"column":15},"end":{"line":23,"column":78}},"14":{"start":{"line":24,"column":15},"end":{"line":24,"column":19}},"15":{"start":{"line":26,"column":1},"end":{"line":32,"column":4}},"16":{"start":{"line":27,"column":30},"end":{"line":27,"column":46}},"17":{"start":{"line":28,"column":2},"end":{"line":31,"column":3}},"18":{"start":{"line":28,"column":27},"end":{"line":28,"column":66}},"19":{"start":{"line":29,"column":3},"end":{"line":29,"column":69}},"20":{"start":{"line":30,"column":3},"end":{"line":30,"column":19}},"21":{"start":{"line":34,"column":1},"end":{"line":34,"column":89}},"22":{"start":{"line":34,"column":13},"end":{"line":34,"column":89}},"23":{"start":{"line":36,"column":1},"end":{"line":36,"column":16}},"24":{"start":{"line":40,"column":16},"end":{"line":49,"column":1}},"25":{"start":{"line":41,"column":21},"end":{"line":41,"column":61}},"26":{"start":{"line":42,"column":1},"end":{"line":42,"column":54}},"27":{"start":{"line":42,"column":27},"end":{"line":42,"column":54}},"28":{"start":{"line":44,"column":1},"end":{"line":44,"column":28}},"29":{"start":{"line":46,"column":1},"end":{"line":46,"column":19}},"30":{"start":{"line":48,"column":1},"end":{"line":48,"column":45}},"31":{"start":{"line":51,"column":29},"end":{"line":71,"column":1}},"32":{"start":{"line":52,"column":1},"end":{"line":52,"column":81}},"33":{"start":{"line":52,"column":11},"end":{"line":52,"column":81}},"34":{"start":{"line":53,"column":38},"end":{"line":53,"column":42}},"35":{"start":{"line":54,"column":29},"end":{"line":54,"column":40}},"36":{"start":{"line":55,"column":31},"end":{"line":55,"column":35}},"37":{"start":{"line":58,"column":1},"end":{"line":63,"column":2}},"38":{"start":{"line":59,"column":2},"end":{"line":62,"column":4}},"39":{"start":{"line":66,"column":1},"end":{"line":68,"column":2}},"40":{"start":{"line":66,"column":22},"end":{"line":66,"column":61}},"41":{"start":{"line":67,"column":2},"end":{"line":67,"column":85}},"42":{"start":{"line":70,"column":1},"end":{"line":70,"column":27}},"43":{"start":{"line":73,"column":0},"end":{"line":73,"column":51}}},"fnMap":{"0":{"name":"(anonymous_0)","decl":{"start":{"line":5,"column":25},"end":{"line":5,"column":26}},"loc":{"start":{"line":5,"column":54},"end":{"line":19,"column":1}},"line":5},"1":{"name":"(anonymous_1)","decl":{"start":{"line":12,"column":10},"end":{"line":12,"column":11}},"loc":{"start":{"line":12,"column":15},"end":{"line":12,"column":48}},"line":12},"2":{"name":"(anonymous_2)","decl":{"start":{"line":13,"column":7},"end":{"line":13,"column":8}},"loc":{"start":{"line":13,"column":12},"end":{"line":13,"column":64}},"line":13},"3":{"name":"(anonymous_3)","decl":{"start":{"line":22,"column":20},"end":{"line":22,"column":21}},"loc":{"start":{"line":22,"column":29},"end":{"line":37,"column":1}},"line":22},"4":{"name":"(anonymous_4)","decl":{"start":{"line":26,"column":35},"end":{"line":26,"column":36}},"loc":{"start":{"line":26,"column":42},"end":{"line":32,"column":2}},"line":26},"5":{"name":"(anonymous_5)","decl":{"start":{"line":28,"column":22},"end":{"line":28,"column":23}},"loc":{"start":{"line":28,"column":27},"end":{"line":28,"column":66}},"line":28},"6":{"name":"(anonymous_6)","decl":{"start":{"line":40,"column":16},"end":{"line":40,"column":17}},"loc":{"start":{"line":40,"column":45},"end":{"line":49,"column":1}},"line":40},"7":{"name":"(anonymous_7)","decl":{"start":{"line":51,"column":29},"end":{"line":51,"column":30}},"loc":{"start":{"line":51,"column":53},"end":{"line":71,"column":1}},"line":51},"8":{"name":"(anonymous_8)","decl":{"start":{"line":66,"column":17},"end":{"line":66,"column":18}},"loc":{"start":{"line":66,"column":22},"end":{"line":66,"column":61}},"line":66}},"branchMap":{"0":{"loc":{"start":{"line":6,"column":1},"end":{"line":9,"column":2}},"type":"if","locations":[{"start":{"line":6,"column":1},"end":{"line":9,"column":2}},{"start":{"line":6,"column":1},"end":{"line":9,"column":2}}],"line":6},"1":{"loc":{"start":{"line":12,"column":15},"end":{"line":12,"column":48}},"type":"binary-expr","locations":[{"start":{"line":12,"column":15},"end":{"line":12,"column":36}},{"start":{"line":12,"column":40},"end":{"line":12,"column":48}}],"line":12},"2":{"loc":{"start":{"line":28,"column":2},"end":{"line":31,"column":3}},"type":"if","locations":[{"start":{"line":28,"column":2},"end":{"line":31,"column":3}},{"start":{"line":28,"column":2},"end":{"line":31,"column":3}}],"line":28},"3":{"loc":{"start":{"line":28,"column":27},"end":{"line":28,"column":66}},"type":"binary-expr","locations":[{"start":{"line":28,"column":27},"end":{"line":28,"column":46}},{"start":{"line":28,"column":50},"end":{"line":28,"column":66}}],"line":28},"4":{"loc":{"start":{"line":34,"column":1},"end":{"line":34,"column":89}},"type":"if","locations":[{"start":{"line":34,"column":1},"end":{"line":34,"column":89}},{"start":{"line":34,"column":1},"end":{"line":34,"column":89}}],"line":34},"5":{"loc":{"start":{"line":42,"column":1},"end":{"line":42,"column":54}},"type":"if","locations":[{"start":{"line":42,"column":1},"end":{"line":42,"column":54}},{"start":{"line":42,"column":1},"end":{"line":42,"column":54}}],"line":42},"6":{"loc":{"start":{"line":52,"column":1},"end":{"line":52,"column":81}},"type":"if","locations":[{"start":{"line":52,"column":1},"end":{"line":52,"column":81}},{"start":{"line":52,"column":1},"end":{"line":52,"column":81}}],"line":52},"7":{"loc":{"start":{"line":58,"column":1},"end":{"line":63,"column":2}},"type":"if","locations":[{"start":{"line":58,"column":1},"end":{"line":63,"column":2}},{"start":{"line":58,"column":1},"end":{"line":63,"column":2}}],"line":58},"8":{"loc":{"start":{"line":66,"column":1},"end":{"line":68,"column":2}},"type":"if","locations":[{"start":{"line":66,"column":1},"end":{"line":68,"column":2}},{"start":{"line":66,"column":1},"end":{"line":68,"column":2}}],"line":66},"9":{"loc":{"start":{"line":66,"column":22},"end":{"line":66,"column":61}},"type":"binary-expr","locations":[{"start":{"line":66,"column":22},"end":{"line":66,"column":41}},{"start":{"line":66,"column":45},"end":{"line":66,"column":61}}],"line":66}},"s":{"0":1,"1":1,"2":1,"3":0,"4":0,"5":0,"6":0,"7":0,"8":0,"9":0,"10":0,"11":0,"12":1,"13":0,"14":0,"15":0,"16":0,"17":0,"18":0,"19":0,"20":0,"21":0,"22":0,"23":0,"24":1,"25":0,"26":0,"27":0,"28":0,"29":0,"30":0,"31":1,"32":0,"33":0,"34":0,"35":0,"36":0,"37":0,"38":0,"39":0,"40":0,"41":0,"42":0,"43":1},"f":{"0":0,"1":0,"2":0,"3":0,"4":0,"5":0,"6":0,"7":0,"8":0},"b":{"0":[0,0],"1":[0,0],"2":[0,0],"3":[0,0],"4":[0,0],"5":[0,0],"6":[0,0],"7":[0,0],"8":[0,0],"9":[0,0]},"_coverageSchema":"1a1c01bbd47fc00a2c39e90264f33305004495a9","hash":"69b905e62d26f2b15658b1fda811367a14e344e6","contentHash":"2a5b549b3be98f859aa9d2c249acf4911c373ae2c652633695e1d03258b11c58"},"/Users/tormodflesjo/tormodWork/mega-rpg/game/use/consumables-object.js":{"path":"/Users/tormodflesjo/tormodWork/mega-rpg/game/use/consumables-object.js","statementMap":{"0":{"start":{"line":1,"column":26},"end":{"line":98,"column":1}},"1":{"start":{"line":11,"column":3},"end":{"line":11,"column":45}},"2":{"start":{"line":23,"column":3},"end":{"line":23,"column":45}},"3":{"start":{"line":35,"column":3},"end":{"line":35,"column":45}},"4":{"start":{"line":47,"column":3},"end":{"line":47,"column":45}},"5":{"start":{"line":59,"column":3},"end":{"line":59,"column":45}},"6":{"start":{"line":71,"column":3},"end":{"line":71,"column":45}},"7":{"start":{"line":83,"column":3},"end":{"line":83,"column":45}},"8":{"start":{"line":95,"column":3},"end":{"line":95,"column":45}},"9":{"start":{"line":100,"column":25},"end":{"line":110,"column":1}},"10":{"start":{"line":102,"column":1},"end":{"line":102,"column":95}},"11":{"start":{"line":102,"column":43},"end":{"line":102,"column":95}},"12":{"start":{"line":103,"column":1},"end":{"line":103,"column":87}},"13":{"start":{"line":103,"column":49},"end":{"line":103,"column":87}},"14":{"start":{"line":105,"column":1},"end":{"line":105,"column":45}},"15":{"start":{"line":107,"column":21},"end":{"line":107,"column":38}},"16":{"start":{"line":109,"column":1},"end":{"line":109,"column":122}},"17":{"start":{"line":113,"column":0},"end":{"line":113,"column":35}}},"fnMap":{"0":{"name":"(anonymous_0)","decl":{"start":{"line":10,"column":11},"end":{"line":10,"column":12}},"loc":{"start":{"line":10,"column":32},"end":{"line":12,"column":3}},"line":10},"1":{"name":"(anonymous_1)","decl":{"start":{"line":22,"column":11},"end":{"line":22,"column":12}},"loc":{"start":{"line":22,"column":32},"end":{"line":24,"column":3}},"line":22},"2":{"name":"(anonymous_2)","decl":{"start":{"line":34,"column":11},"end":{"line":34,"column":12}},"loc":{"start":{"line":34,"column":32},"end":{"line":36,"column":3}},"line":34},"3":{"name":"(anonymous_3)","decl":{"start":{"line":46,"column":11},"end":{"line":46,"column":12}},"loc":{"start":{"line":46,"column":32},"end":{"line":48,"column":3}},"line":46},"4":{"name":"(anonymous_4)","decl":{"start":{"line":58,"column":11},"end":{"line":58,"column":12}},"loc":{"start":{"line":58,"column":32},"end":{"line":60,"column":3}},"line":58},"5":{"name":"(anonymous_5)","decl":{"start":{"line":70,"column":11},"end":{"line":70,"column":12}},"loc":{"start":{"line":70,"column":32},"end":{"line":72,"column":3}},"line":70},"6":{"name":"(anonymous_6)","decl":{"start":{"line":82,"column":11},"end":{"line":82,"column":12}},"loc":{"start":{"line":82,"column":32},"end":{"line":84,"column":3}},"line":82},"7":{"name":"(anonymous_7)","decl":{"start":{"line":94,"column":11},"end":{"line":94,"column":12}},"loc":{"start":{"line":94,"column":32},"end":{"line":96,"column":3}},"line":94},"8":{"name":"(anonymous_8)","decl":{"start":{"line":100,"column":25},"end":{"line":100,"column":26}},"loc":{"start":{"line":100,"column":46},"end":{"line":110,"column":1}},"line":100}},"branchMap":{"0":{"loc":{"start":{"line":102,"column":1},"end":{"line":102,"column":95}},"type":"if","locations":[{"start":{"line":102,"column":1},"end":{"line":102,"column":95}},{"start":{"line":102,"column":1},"end":{"line":102,"column":95}}],"line":102},"1":{"loc":{"start":{"line":103,"column":1},"end":{"line":103,"column":87}},"type":"if","locations":[{"start":{"line":103,"column":1},"end":{"line":103,"column":87}},{"start":{"line":103,"column":1},"end":{"line":103,"column":87}}],"line":103}},"s":{"0":1,"1":0,"2":0,"3":0,"4":0,"5":0,"6":0,"7":0,"8":0,"9":1,"10":0,"11":0,"12":
[...]
column":2}}],"line":22},"2":{"loc":{"start":{"line":22,"column":9},"end":{"line":22,"column":35}},"type":"binary-expr","locations":[{"start":{"line":22,"column":9},"end":{"line":22,"column":20}},{"start":{"line":22,"column":24},"end":{"line":22,"column":35}}],"line":22},"3":{"loc":{"start":{"line":25,"column":6},"end":{"line":57,"column":2}},"type":"if","locations":[{"start":{"line":25,"column":6},"end":{"line":57,"column":2}},{"start":{"line":25,"column":6},"end":{"line":57,"column":2}}],"line":25},"4":{"loc":{"start":{"line":25,"column":9},"end":{"line":25,"column":35}},"type":"binary-expr","locations":[{"start":{"line":25,"column":9},"end":{"line":25,"column":20}},{"start":{"line":25,"column":24},"end":{"line":25,"column":35}}],"line":25},"5":{"loc":{"start":{"line":28,"column":6},"end":{"line":57,"column":2}},"type":"if","locations":[{"start":{"line":28,"column":6},"end":{"line":57,"column":2}},{"start":{"line":28,"column":6},"end":{"line":57,"column":2}}],"line":28},"6":{"loc":{"start":{"line":28,"column":9},"end":{"line":28,"column":35}},"type":"binary-expr","locations":[{"start":{"line":28,"column":9},"end":{"line":28,"column":20}},{"start":{"line":28,"column":24},"end":{"line":28,"column":35}}],"line":28},"7":{"loc":{"start":{"line":31,"column":6},"end":{"line":57,"column":2}},"type":"if","locations":[{"start":{"line":31,"column":6},"end":{"line":57,"column":2}},{"start":{"line":31,"column":6},"end":{"line":57,"column":2}}],"line":31},"8":{"loc":{"start":{"line":31,"column":9},"end":{"line":31,"column":35}},"type":"binary-expr","locations":[{"start":{"line":31,"column":9},"end":{"line":31,"column":20}},{"start":{"line":31,"column":24},"end":{"line":31,"column":35}}],"line":31},"9":{"loc":{"start":{"line":34,"column":6},"end":{"line":57,"column":2}},"type":"if","locations":[{"start":{"line":34,"column":6},"end":{"line":57,"column":2}},{"start":{"line":34,"column":6},"end":{"line":57,"column":2}}],"line":34},"10":{"loc":{"start":{"line":34,"column":9},"end":{"line":34,"column":35}},"type":"binary-expr","locations":[{"start":{"line":34,"column":9},"end":{"line":34,"column":20}},{"start":{"line":34,"column":24},"end":{"line":34,"column":35}}],"line":34},"11":{"loc":{"start":{"line":37,"column":6},"end":{"line":57,"column":2}},"type":"if","locations":[{"start":{"line":37,"column":6},"end":{"line":57,"column":2}},{"start":{"line":37,"column":6},"end":{"line":57,"column":2}}],"line":37},"12":{"loc":{"start":{"line":37,"column":9},"end":{"line":37,"column":35}},"type":"binary-expr","locations":[{"start":{"line":37,"column":9},"end":{"line":37,"column":20}},{"start":{"line":37,"column":24},"end":{"line":37,"column":35}}],"line":37},"13":{"loc":{"start":{"line":40,"column":6},"end":{"line":57,"column":2}},"type":"if","locations":[{"start":{"line":40,"column":6},"end":{"line":57,"column":2}},{"start":{"line":40,"column":6},"end":{"line":57,"column":2}}],"line":40},"14":{"loc":{"start":{"line":40,"column":9},"end":{"line":40,"column":35}},"type":"binary-expr","locations":[{"start":{"line":40,"column":9},"end":{"line":40,"column":20}},{"start":{"line":40,"column":24},"end":{"line":40,"column":35}}],"line":40},"15":{"loc":{"start":{"line":43,"column":6},"end":{"line":57,"column":2}},"type":"if","locations":[{"start":{"line":43,"column":6},"end":{"line":57,"column":2}},{"start":{"line":43,"column":6},"end":{"line":57,"column":2}}],"line":43},"16":{"loc":{"start":{"line":43,"column":9},"end":{"line":43,"column":35}},"type":"binary-expr","locations":[{"start":{"line":43,"column":9},"end":{"line":43,"column":20}},{"start":{"line":43,"column":24},"end":{"line":43,"column":35}}],"line":43},"17":{"loc":{"start":{"line":46,"column":6},"end":{"line":57,"column":2}},"type":"if","locations":[{"start":{"line":46,"column":6},"end":{"line":57,"column":2}},{"start":{"line":46,"column":6},"end":{"line":57,"column":2}}],"line":46},"18":{"loc":{"start":{"line":46,"column":9},"end":{"line":46,"column":36}},"type":"binary-expr","locations":[{"start":{"line":46,"column":9},"end":{"line":46,"column":20}},{"start":{"line":46,"column":24},"end":{"line":46,"column":36}}],"line":46},"19":{"loc":{"start":{"line":53,"column":2},"end":{"line":53,"column":44}},"type":"if","locations":[{"start":{"line":53,"column":2},"end":{"line":53,"column":44}},{"start":{"line":53,"column":2},"end":{"line":53,"column":44}}],"line":53},"20":{"loc":{"start":{"line":61,"column":1},"end":{"line":61,"column":55}},"type":"if","locations":[{"start":{"line":61,"column":1},"end":{"line":61,"column":55}},{"start":{"line":61,"column":1},"end":{"line":61,"column":55}}],"line":61},"21":{"loc":{"start":{"line":61,"column":4},"end":{"line":61,"column":35}},"type":"binary-expr","locations":[{"start":{"line":61,"column":4},"end":{"line":61,"column":20}},{"start":{"line":61,"column":24},"end":{"line":61,"column":35}}],"line":61}},"s":{"0":1,"1":1,"2":1,"3":1,"4":1,"5":1,"6":1,"7":1,"8":1,"9":1,"10":1,"11":0,"12":0,"13":0,"14":0,"15":0,"16":0,"17":0,"18":0,"19":0,"20":0,"21":0,"22":0,"23":0,"24":0,"25":0,"26":0,"27":0,"28":0,"29":0,"30":0,"31":0,"32":0,"33":0,"34":0,"35":0,"36":1,"37":0,"38":0,"39":0,"40":0,"41":1},"f":{"0":0,"1":0},"b":{"0":[0,0],"1":[0,0],"2":[0,0],"3":[0,0],"4":[0,0],"5":[0,0],"6":[0,0],"7":[0,0],"8":[0,0],"9":[0,0],"10":[0,0],"11":[0,0],"12":[0,0],"13":[0,0],"14":[0,0],"15":[0,0],"16":[0,0],"17":[0,0],"18":[0,0],"19":[0,0],"20":[0,0],"21":[0,0]},"_coverageSchema":"1a1c01bbd47fc00a2c39e90264f33305004495a9","hash":"4e7e0d9cec647c0a27f36a0ab140d263d5e7370a","contentHash":"b7d3ace389f35629831221146e9fb9ac42ec91f8a53982d550b06f8eac2394c9"},"/Users/tormodflesjo/tormodWork/mega-rpg/game/tower/army-tower/army-tower-enemies/level-10.js":{"path":"/Users/tormodflesjo/tormodWork/mega-rpg/game/tower/army-tower/army-tower-enemies/level-10.js","statementMap":{"0":{"start":{"line":1,"column":17},"end":{"line":81,"column":1}},"1":{"start":{"line":83,"column":0},"end":{"line":83,"column":26}}},"fnMap":{},"branchMap":{},"s":{"0":1,"1":1},"f":{},"b":{},"_coverageSchema":"1a1c01bbd47fc00a2c39e90264f33305004495a9","hash":"6339f4f010b639c995b99ede1c55222cc500903d","contentHash":"d356daa478222f6eb144a3233db746b49f137dbfd6af227f2b2bc1e3ce144a43"},"/Users/tormodflesjo/tormodWork/mega-rpg/game/tower/army-tower/army-tower-enemies/level-20.js":{"path":"/Users/tormodflesjo/tormodWork/mega-rpg/game/tower/army-tower/army-tower-enemies/level-20.js","statementMap":{"0":{"start":{"line":1,"column":20},"end":{"line":81,"column":1}},"1":{"start":{"line":83,"column":0},"end":{"line":83,"column":29}}},"fnMap":{},"branchMap":{},"s":{"0":1,"1":1},"f":{},"b":{},"_coverageSchema":"1a1c01bbd47fc00a2c39e90264f33305004495a9","hash":"d93d0053a93756453e5f56909124f84d38ac0aed","contentHash":"d69343b9b525031f46bd602a723164df1aaf80a5e7afcdababd556a1e1668e96"},"/Users/tormodflesjo/tormodWork/mega-rpg/game/tower/army-tower/army-tower-enemies/level-30.js":{"path":"/Users/tormodflesjo/tormodWork/mega-rpg/game/tower/army-tower/army-tower-enemies/level-30.js","statementMap":{"0":{"start":{"line":1,"column":20},"end":{"line":81,"column":1}},"1":{"start":{"line":83,"column":0},"end":{"line":83,"column":29}}},"fnMap":{},"branchMap":{},"s":{"0":1,"1":1},"f":{},"b":{},"_coverageSchema":"1a1c01bbd47fc00a2c39e90264f33305004495a9","hash":"aed01ead852232bc97eb4f74fc554c203efb09b3","contentHash":"2326deeb87805ac555e4cd79e7bf355f1726808f02d25f273dc8322db3d82bd2"},"/Users/tormodflesjo/tormodWork/mega-rpg/game/tower/army-tower/army-tower-enemies/level-40.js":{"path":"/Users/tormodflesjo/tormodWork/mega-rpg/game/tower/army-tower/army-tower-enemies/level-40.js","statementMap":{"0":{"start":{"line":1,"column":19},"end":{"line":81,"column":1}},"1":{"start":{"line":83,"column":0},"end":{"line":83,"column":28}}},"fnMap":{},"branchMap":{},"s":{"0":1,"1":1},"f":{},"b":{},"_coverageSchema":"1a1c01bbd47fc00a2c39e90264f33305004495a9","hash":"a4c52fca72da568eaa5ca56f9fafb4c43672b80d","contentHash":"7b1c83456899d5290e3ba5cadfd442614f06b29f230dd55cfc3fe3aa3f0cd122"},"/Users/tormodflesjo/tormodWork/mega-rpg/game/tower/army-tower/army-tower-enemies/level-50.js":{"path":"/Users/tormodflesjo/tormodWork/mega-rpg/game/tower/army-tower/army-tower-enemies/level-50.js","statementMap":{"0":{"start":{"line":1,"column":19},"end":{"line":81,"column":1}},"1":{"start":{"line":83,"column":0},"end":{"line":83,"column":28}}},"fnMap":{},"branchMap":{},"s":{"0":1,"1":1},"f":{},"b":{},"_coverageSchema":"1a1c01bbd47fc00a2c39e90264f33305004495a9","hash":"5ab8ee87b6c9288ceadb6939fba567dadbe9b754","contentHash":"ff42a13fddacbc468e5233c321dba7f208dc5446d1b46b82c89dfc2488e9bff8"},"/Users/tormodflesjo/tormodWork/mega-rpg/game/tower/army-tower/army-tower-enemies/level-60.js":{"path":"/Users/tormodflesjo/tormodWork/mega-rpg/game/tower/army-tower/army-tower-enemies/level-60.js","statementMap":{"0":{"start":{"line":1,"column":19},"end":{"line":81,"column":1}},"1":{"start":{"line":83,"column":0},"end":{"line":83,"column":28}}},"fnMap":{},"branchMap":{},"s":{"0":1,"1":1},"f":{},"b":{},"_coverageSchema":"1a1c01bbd47fc00a2c39e90264f33305004495a9","hash":"ae25b201f62b2d9536407240c9b4958af8d1ed5f","contentHash":"709be40253ecfb9109497a7df3a46e80ad25b4d4789d53b1b98e5ed5bd6442d3"},"/Users/tormodflesjo/tormodWork/mega-rpg/game/tower/army-tower/army-tower-enemies/level-70.js":{"path":"/Users/tormodflesjo/tormodWork/mega-rpg/game/tower/army-tower/army-tower-enemies/level-70.js","statementMap":{"0":{"start":{"line":1,"column":21},"end":{"line":81,"column":1}},"1":{"start":{"line":83,"column":0},"end":{"line":83,"column":30}}},"fnMap":{},"branchMap":{},"s":{"0":1,"1":1},"f":{},"b":{},"_coverageSchema":"1a1c01bbd47fc00a2c39e90264f33305004495a9","hash":"1ad164b7ccce5f05991c66d908d59199456c10ae","contentHash":"595a3f1c841419a42040c4a43b501c82729a08e323b3330e806228621530cfbc"},"/Users/tormodflesjo/tormodWork/mega-rpg/game/tower/army-tower/army-tower-enemies/level-80.js":{"path":"/Users/tormodflesjo/tormodWork/mega-rpg/game/tower/army-tower/army-tower-enemies/level-80.js","statementMap":{"0":{"start":{"line":1,"column":21},"end":{"line":81,"column":1}},"1":{"start":{"line":83,"column":0},"end":{"line":83,"column":30}}},"fnMap":{},"branchMap":{},"s":{"0":1,"1":1},"f":{},"b":{},"_coverageSchema":"1a1c01bbd47fc00a2c39e90264f33305004495a9","hash":"ccee29b6b1981978f69b0ba450ad88e6410ebc92","contentHash":"f2f4856edbee5194e18549e844fd7d24827d33f775bc112f605ba999165b25fa"},"/Users/tormodflesjo/tormodWork/mega-rpg/game/tower/army-tower/army-tower-enemies/level-90.js":{"path":"/Users/tormodflesjo/tormodWork/mega-rpg/game/tower/army-tower/army-tower-enemies/level-90.js","statementMap":{"0":{"start":{"line":1,"column":20},"end":{"line":81,"column":1}},"1":{"start":{"line":83,"column":0},"end":{"line":83,"column":29}}},"fnMap":{},"branchMap":{},"s":{"0":1,"1":1},"f":{},"b":{},"_coverageSchema":"1a1c01bbd47fc00a2c39e90264f33305004495a9","hash":"8e5f15d9c6cadb5e4ff524cbf5aeefe9660802e2","contentHash":"197bf216ea84b71ffd051ce12384d5c4d8a735b1308220a6c32257c7c378ab79"},"/Users/tormodflesjo/tormodWork/mega-rpg/game/tower/army-tower/army-tower-enemies/level-100.js":{"path":"/Users/tormodflesjo/tormodWork/mega-rpg/game/tower/army-tower/army-tower-enemies/level-100.js","statementMap":{"0":{"start":{"line":1,"column":21},"end":{"line":81,"column":1}},"1":{"start":{"line":83,"column":0},"end":{"line":83,"column":30}}},"fnMap":{},"branchMap":{},"s":{"0":1,"1":1},"f":{},"b":{},"_coverageSchema":"1a1c01bbd47fc00a2c39e90264f33305004495a9","hash":"025f3ee15accdfd584b459ee3ee8037145c5713d","contentHash":"5f9b368b4207cb110c42b54c36f26e6959314482e4771b1b16c31cd88cd673ee"},"/Users/tormodflesjo/tormodWork/mega-rpg/game/tower/embeds/tower-results-embed.js":{"path":"/Users/tormodflesjo/tormodWork/mega-rpg/game/tower/embeds/tower-results-embed.js","statementMap":{"0":{"start":{"line":1,"column":16},"end":{"line":1,"column":37}},"1":{"start":{"line":2,"column":20},"end":{"line":2,"column":50}},"2":{"start":{"line":5,"column":23},"end":{"line":52,"column":1}},"3":{"start":{"line":6,"column":77},"end":{"line":6,"column":84}},"4":{"start":{"line":7,"column":18},"end":{"line":7,"column":179}},"5":{"start":{"line":7,"column":39},"end":{"line":7,"column":60}},"6":{"start":{"line":8,"column":19},"end":{"line":8,"column":28}},"7":{"start":{"line":10,"column":28},"end":{"line":20,"column":3}},"8":{"start":{"line":11,"column":65},"end":{"line":11,"column":67}},"9":{"start":{"line":13,"column":16},"end":{"line":17,"column":3}},"10":{"start":{"line":19,"column":2},"end":{"line":19,"column":15}},"11":{"start":{"line":22,"column":19},"end":{"line":22,"column":129}},"12":{"start":{"line":23,"column":20},"end":{"line":23,"column":199}},"13":{"start":{"line":23,"column":168},"end":{"line":23,"column":193}},"14":{"start":{"line":25,"column":17},"end":{"line":25,"column":37}},"15":{"start":{"line":26,"column":18},"end":{"line":26,"column":39}},"16":{"start":{"line":27,"column":22},"end":{"line":30,"column":3}},"17":{"start":{"line":32,"column":1},"end":{"line":36,"column":2}},"18":{"start":{"line":33,"column":2},"end":{"line":35,"column":5}},"19":{"start":{"line":34,"column":3},"end":{"line":34,"column":94}},"20":{"start":{"line":38,"column":1},"end":{"line":41,"column":4}},"21":{"start":{"line":40,"column":27},"end":{"line":40,"column":168}},"22":{"start":{"line":40,"column":83},"end":{"line":40,"column":116}},"23":{"start":{"line":40,"column":139},"end":{"line":40,"column":158}},"24":{"start":{"line":43,"column":24},"end":{"line":49,"column":3}},"25":{"start":{"line":51,"column":1},"end":{"line":51,"column":27}},"26":{"start":{"line":54,"column":0},"end":{"line":54,"column":32}}},"fnMap":{"0":{"name":"(anonymous_0)","decl":{"start":{"line":5,"column":23},"end":{"line":5,"column":24}},"loc":{"start":{"line":5,"column":36},"end":{"line":52,"column":1}},"line":5},"1":{"name":"(anonymous_1)","decl":{"start":{"line":7,"column":31},"end":{"line":7,"column":32}},"loc":{"start":{"line":7,"column":39},"end":{"line":7,"column":60}},"line":7},"2":{"name":"(anonymous_2)","decl":{"start":{"line":10,"column":46},"end":{"line":10,"column":47}},"loc":{"start":{"line":10,"column":61},"end":{"line":20,"column":2}},"line":10},"3":{"name":"(anonymous_3)","decl":{"start":{"line":23,"column":154},"end":{"line":23,"column":155}},"loc":{"start":{"line":23,"column":168},"end":{"line":23,"column":193}},"line":23},"4":{"name":"(anonymous_4)","decl":{"start":{"line":33,"column":16},"end":{"line":33,"column":17}},"loc":{"start":{"line":33,"column":24},"end":{"line":35,"column":3}},"line":33},"5":{"name":"(anonymous_5)","decl":{"start":{"line":40,"column":19},"end":{"line":40,"column":20}},"loc":{"start":{"line":40,"column":27},"end":{"line":40,"column":168}},"line":40},"6":{"name":"(anonymous_6)","decl":{"start":{"line":40,"column":77},"end":{"line":40,"column":78}},"loc":{"start":{"line":40,"column":83},"end":{"line":40,"column":116}},"line":40},"7":{"name":"(anonymous_7)","decl":{"start":{"line":40,"column":125},"end":{"line":40,"column":126}},"loc":{"start":{"line":40,"column":139},"end":{"line":40,"column":158}},"line":40}},"branchMap":{"0":{"loc":{"start":{"line":16,"column":31},"end":{"line":16,"column":51}},"type":"cond-expr","locations":[{"start":{"line":16,"column":37},"end":{"line":16,"column":42}},{"start":{"line":16,"column":45},"end":{"line":16,"column":51}}],"line":16},"1":{"loc":{"start":{"line":28,"column":11},"end":{"line":28,"column":35}},"type":"cond-expr","locations":[{"start":{"line":28,"column":17},"end":{"line":28,"column":24}},{"start":{"line":28,"column":27},"end":{"line":28,"column":35}}],"line":28},"2":{"loc":{"start":{"line":28,"column":45},"end":{"line":28,"column":69}},"type":"cond-expr","locations":[{"start":{"line":28,"column":51},"end":{"line":28,"column":58}},{"start":{"line":28,"column":61},"end":{"line":28,"column":69}}],"line":28},"3":{"loc":{"start":{"line":29,"column":9},"end":{"line":29,"column":37}},"type":"cond-expr","locations":[{"start":{"line":29,"column":15},"end":{"line":29,"column":24}},{"start":{"line":29,"column":27},"end":{"line":29,"column":37}}],"line":29},"4":{"loc":{"start":{"line":32,"column":1},"end":{"line":36,"column":2}},"type":"if","locations":[{"start":{"line":32,"column":1},"end":{"line":36,"column":2}},{"start":{"line":32,"column":1},"end":{"line":36,"column":2}}],"line":32}},"s":{"0":1,"1":1,"2":1,"3":0,"4":0,"5":0,"6":0,"7":0,"8":0,"9":0,"10":0,"11":0,"12":0,"13":0,"14":0,"15":0,"16":0,"17":0,"18":0,"19":0,"20":0,"21":0,"22":0,"23":0,"24":0,"25":0,"26":1},"f":{"0":0,"1":0,"2":0,"3":0,"4":0,"5":0,"6":0,"7":0},"b":{"0":[0,0],"1":[0,0],"2":[0,0],"3":[0,0],"4":[0,0]},"_coverageSchema":"1a1c01bbd47fc00a2c39e90264f33305004495a9","hash":"1df390351032bef747e328c0e1368a14b55536a9","contentHash":"9ab21b98dbf330684a412cebaa36172443b9c66f4c5e18accc35904a8110b418"},"/Users/tormodflesjo/tormodWork/mega-rpg/game/tower/embeds/tower-info-embed.js":{"path":"/Users/tormodflesjo/tormodWork/mega-rpg/game/tower/embeds/tower-info-embed.js","statementMap":{"0":{"start":{"line":1,"column":16},"end":{"line":1,"column":37}},"1":{"start":{"line":4,"column":23},"end":{"line":42,"column":1}},"2":{"start":{"line":5,"column":18},"end":{"line":5,"column":61}},"3":{"start":{"line":6,"column":19},"end":{"line":6,"column":28}},"4":{"start":{"line":8,"column":16},"end":{"line":33,"column":2}},"5":{"start":{"line":35,"column":24},"end":{"line":40,"column":3}},"6":{"start":{"line":41,"column":1},"end":{"line":41,"column":23}},"7":{"start":{"line":44,"column":0},"end":{"line":44,"column":32}}},"fnMap":{"0":{"name":"(anonymous_0)","decl":{"start":{"line":4,"column":23},"end":{"line":4,"column":24}},"loc":{"start":{"line":4,"column":33},"end":{"line":42,"column":1}},"line":4}},"branchMap":{},"s":{"0":1,"1":1,"2":0,"3":0,"4":0,"5":0,"6":0,"7":1},"f":{"0":0},"b":{},"_coverageSchema":"1a1c01bbd47fc00a2c39e90264f33305004495a9","hash":"b862602cf09886bb80cd37cdfa69bc2cc32f411e","contentHash":"d6c06972031e7319af7862230fe22e9cc536a4cb802dac28702e5c4c2071768f"},"/Users/tormodflesjo/tormodWork/mega-rpg/commands/use.js":{"path":"/Users/tormodflesjo/tormodWork/mega-rpg/commands/use.js","statementMap":{"0":{"start":{"line":1,"column":26},"end":{"line":1,"column":67}},"1":{"start":{"line":3,"column":0},"end":{"line":34,"column":2}},"2":{"start":{"line":18,"column":2},"end":{"line":20,"column":3}},"3":{"start":{"line":19,"column":3},"end":{"line":19,"column":129}},"4":{"start":{"line":22,"column":2},"end":{"line":22,"column":77}},"5":{"start":{"line":22,"column":23},"end":{"line":22,"column":75}},"6":{"start":{"line":24,"column":15},"end":{"line":24,"column":48}},"7":{"start":{"line":26,"column":2},"end":{"line":32,"column":3}},"8":{"start":{"line":27,"column":20},"end":{"line":27,"column":50}},"9":{"start":{"line":28,"column":3},"end":{"line":28,"column":71}},"10":{"start":{"line":31,"column":3},"end":{"line":31,"column":109}}},"fnMap":{"0":{"name":"(anonymous_0)","decl":{"start":{"line":17,"column":1},"end":{"line":17,"column":2}},"loc":{"start":{"line":17,"column":36},"end":{"line":33,"column":2}},"line":17},"1":{"name":"(anonymous_1)","decl":{"start":{"line":22,"column":18},"end":{"line":22,"column":19}},"loc":{"start":{"line":22,"column":23},"end":{"line":22,"column":75}},"line":22}},"branchMap":{"0":{"loc":{"start":{"line":18,"column":2},"end":{"line":20,"column":3}},"type":"if","locations":[{"start":{"line":18,"column":2},"end":{"line":20,"column":3}},{"start":{"line":18,"column":2},"end":{"line":20,"column":3}}],"line":18},"1":{"loc":{"start":{"line":26,"column":2},"end":{"line":32,"column":3}},"type":"if","locations":[{"start":{"line":26,"column":2},"end":{"line":32,"column":3}},{"start":{"line":26,"column":2},"end":{"line":32,"column":3}}],"line":26}},"s":{"0":1,"1":1,"2":0,"3":0,"4":0,"5":0,"6":0,"7":0,"8":0,"9":0,"10":0},"f":{"0":0,"1":0},"b":{"0":[0,0],"1":[0,0]},"_coverageSchema":"1a1c01bbd47fc00a2c39e90264f33305004495a9","hash":"faa99160624bac135981fb920a9f3dbf3b93a1d9","contentHash":"dba863ab760d5bf16440a8227ace5b6f33787b9cc03d91e9ad8158b9fda34aad"}}