{"/Users/tormod/tormodwork/mega-rpg/models/User.js":{"path":"/Users/tormod/tormodwork/mega-rpg/models/User.js","statementMap":{"0":{"start":{"line":1,"column":0},"end":{"line":1,"column":27}},"1":{"start":{"line":3,"column":17},"end":{"line":3,"column":36}},"2":{"start":{"line":5,"column":0},"end":{"line":10,"column":1}},"3":{"start":{"line":6,"column":1},"end":{"line":6,"column":101}},"4":{"start":{"line":9,"column":1},"end":{"line":9,"column":111}},"5":{"start":{"line":13,"column":19},"end":{"line":13,"column":27}},"6":{"start":{"line":15,"column":24},"end":{"line":15,"column":65}},"7":{"start":{"line":16,"column":56},"end":{"line":16,"column":91}},"8":{"start":{"line":17,"column":34},"end":{"line":17,"column":65}},"9":{"start":{"line":18,"column":22},"end":{"line":18,"column":55}},"10":{"start":{"line":19,"column":22},"end":{"line":19,"column":55}},"11":{"start":{"line":20,"column":35},"end":{"line":20,"column":69}},"12":{"start":{"line":23,"column":19},"end":{"line":303,"column":2}},"13":{"start":{"line":305,"column":0},"end":{"line":311,"column":2}},"14":{"start":{"line":306,"column":23},"end":{"line":308,"column":4}},"15":{"start":{"line":307,"column":2},"end":{"line":307,"column":30}},"16":{"start":{"line":309,"column":1},"end":{"line":309,"column":43}},"17":{"start":{"line":310,"column":1},"end":{"line":310,"column":54}},"18":{"start":{"line":313,"column":0},"end":{"line":315,"column":2}},"19":{"start":{"line":314,"column":1},"end":{"line":314,"column":25}},"20":{"start":{"line":317,"column":0},"end":{"line":323,"column":2}},"21":{"start":{"line":318,"column":20},"end":{"line":318,"column":84}},"22":{"start":{"line":318,"column":62},"end":{"line":318,"column":82}},"23":{"start":{"line":319,"column":1},"end":{"line":319,"column":35}},"24":{"start":{"line":320,"column":1},"end":{"line":320,"column":38}},"25":{"start":{"line":322,"column":1},"end":{"line":322,"column":8}},"26":{"start":{"line":325,"column":0},"end":{"line":331,"column":2}},"27":{"start":{"line":326,"column":20},"end":{"line":326,"column":85}},"28":{"start":{"line":326,"column":62},"end":{"line":326,"column":83}},"29":{"start":{"line":327,"column":1},"end":{"line":327,"column":41}},"30":{"start":{"line":329,"column":1},"end":{"line":329,"column":47}},"31":{"start":{"line":330,"column":1},"end":{"line":330,"column":20}},"32":{"start":{"line":333,"column":0},"end":{"line":338,"column":2}},"33":{"start":{"line":334,"column":20},"end":{"line":334,"column":84}},"34":{"start":{"line":334,"column":62},"end":{"line":334,"column":82}},"35":{"start":{"line":335,"column":1},"end":{"line":335,"column":57}},"36":{"start":{"line":337,"column":1},"end":{"line":337,"column":69}},"37":{"start":{"line":340,"column":0},"end":{"line":344,"column":2}},"38":{"start":{"line":341,"column":1},"end":{"line":343,"column":4}},"39":{"start":{"line":342,"column":2},"end":{"line":342,"column":42}},"40":{"start":{"line":346,"column":0},"end":{"line":351,"column":2}},"41":{"start":{"line":347,"column":1},"end":{"line":350,"column":4}},"42":{"start":{"line":348,"column":2},"end":{"line":348,"column":30}},"43":{"start":{"line":349,"column":2},"end":{"line":349,"column":50}},"44":{"start":{"line":349,"column":28},"end":{"line":349,"column":50}},"45":{"start":{"line":354,"column":0},"end":{"line":356,"column":2}},"46":{"start":{"line":355,"column":1},"end":{"line":355,"column":28}},"47":{"start":{"line":358,"column":0},"end":{"line":363,"column":2}},"48":{"start":{"line":359,"column":1},"end":{"line":362,"column":2}},"49":{"start":{"line":360,"column":2},"end":{"line":360,"column":61}},"50":{"start":{"line":361,"column":2},"end":{"line":361,"column":68}},"51":{"start":{"line":365,"column":0},"end":{"line":372,"column":2}},"52":{"start":{"line":366,"column":23},"end":{"line":366,"column":84}},"53":{"start":{"line":367,"column":1},"end":{"line":367,"column":73}},"54":{"start":{"line":369,"column":1},"end":{"line":369,"column":66}},"55":{"start":{"line":371,"column":1},"end":{"line":371,"column":20}},"56":{"start":{"line":374,"column":0},"end":{"line":382,"column":2}},"57":{"start":{"line":375,"column":1},"end":{"line":377,"column":2}},"58":{"start":{"line":376,"column":2},"end":{"line":376,"column":58}},"59":{"start":{"line":379,"column":1},"end":{"line":379,"column":148}},"60":{"start":{"line":379,"column":47},"end":{"line":379,"column":146}},"61":{"start":{"line":380,"column":1},"end":{"line":380,"column":28}},"62":{"start":{"line":381,"column":1},"end":{"line":381,"column":20}},"63":{"start":{"line":384,"column":0},"end":{"line":386,"column":2}},"64":{"start":{"line":385,"column":1},"end":{"line":385,"column":148}},"65":{"start":{"line":385,"column":47},"end":{"line":385,"column":146}},"66":{"start":{"line":388,"column":0},"end":{"line":404,"column":2}},"67":{"start":{"line":389,"column":21},"end":{"line":389,"column":23}},"68":{"start":{"line":390,"column":22},"end":{"line":396,"column":3}},"69":{"start":{"line":391,"column":2},"end":{"line":394,"column":3}},"70":{"start":{"line":392,"column":3},"end":{"line":392,"column":21}},"71":{"start":{"line":393,"column":3},"end":{"line":393,"column":15}},"72":{"start":{"line":395,"column":2},"end":{"line":395,"column":15}},"73":{"start":{"line":397,"column":1},"end":{"line":401,"column":2}},"74":{"start":{"line":398,"column":2},"end":{"line":398,"column":30}},"75":{"start":{"line":400,"column":2},"end":{"line":400,"column":53}},"76":{"start":{"line":403,"column":1},"end":{"line":403,"column":8}},"77":{"start":{"line":406,"column":0},"end":{"line":409,"column":2}},"78":{"start":{"line":407,"column":1},"end":{"line":407,"column":22}},"79":{"start":{"line":408,"column":1},"end":{"line":408,"column":20}},"80":{"start":{"line":411,"column":0},"end":{"line":414,"column":2}},"81":{"start":{"line":412,"column":16},"end":{"line":412,"column":72}},"82":{"start":{"line":412,"column":45},"end":{"line":412,"column":71}},"83":{"start":{"line":413,"column":1},"end":{"line":413,"column":42}},"84":{"start":{"line":417,"column":0},"end":{"line":426,"column":2}},"85":{"start":{"line":418,"column":1},"end":{"line":422,"column":2}},"86":{"start":{"line":419,"column":2},"end":{"line":421,"column":3}},"87":{"start":{"line":420,"column":3},"end":{"line":420,"column":60}},"88":{"start":{"line":424,"column":1},"end":{"line":424,"column":65}},"89":{"start":{"line":428,"column":0},"end":{"line":441,"column":2}},"90":{"start":{"line":429,"column":23},"end":{"line":429,"column":117}},"91":{"start":{"line":429,"column":57},"end":{"line":429,"column":116}},"92":{"start":{"line":430,"column":1},"end":{"line":432,"column":2}},"93":{"start":{"line":431,"column":2},"end":{"line":431,"column":9}},"94":{"start":{"line":433,"column":1},"end":{"line":433,"column":48}},"95":{"start":{"line":435,"column":1},"end":{"line":435,"column":92}},"96":{"start":{"line":435,"column":43},"end":{"line":435,"column":92}},"97":{"start":{"line":437,"column":1},"end":{"line":437,"column":60}},"98":{"start":{"line":438,"column":1},"end":{"line":438,"column":56}},"99":{"start":{"line":440,"column":1},"end":{"line":440,"column":20}},"100":{"start":{"line":447,"column":0},"end":{"line":491,"column":2}},"101":{"start":{"line":448,"column":24},"end":{"line":448,"column":26}},"102":{"start":{"line":450,"column":1},"end":{"line":485,"column":4}},"103":{"start":{"line":451,"column":2},"end":{"line":484,"column":5}},"104":{"start":{"line":452,"column":3},"end":{"line":483,"column":4}},"105":{"start":{"line":453,"column":62},"end":{"line":453,"column":70}},"106":{"start":{"line":455,"column":26},"end":{"line":455,"column":49}},"107":{"start":{"line":456,"column":19},"end":{"line":457,"column":57}},"108":{"start":{"line":457,"column":23},"end":{"line":457,"column":40}},"109":{"start":{"line":460,"column":4},"end":{"line":463,"column":5}},"110":{"start":{"line":461,"column":5},"end":{"line":462,"column":54}},"111":{"start":{"line":466,"column":4},"end":{"line":466,"column":82}},"112":{"start":{"line":466,"column":45},"end":{"line":466,"column":82}},"113":{"start":{"line":469,"column":4},"end":{"line":470,"column":53}},"114":{"start":{"line":472,"column":4},"end":{"line":473,"column":53}},"115":{"start":{"line":474,"column":4},"end":{"line":474,"column":33}},"116":{"start":{"line":476,"column":4},"end":{"line":476,"column":51}},"117":{"start":{"line":479,"column":4},"end":{"line":482,"column":5}},"118":{"start":{"line":480,"column":5},"end":{"line":480,"column":35}},"119":{"start":{"line":481,"column":5},"end":{"line":481,"column":48}},"120":{"start":{"line":488,"column":1},"end":{"line":488,"column":19}},"121":{"start":{"line":490,"column":1},"end":{"line":490,"column":23}},"122":{"start":{"line":493,"column":0},"end":{"line":498,"column":2}},"123":{"start":{"line":494,"column":1},"end":{"line":497,"column":4}},"124":{"start":{"line":495,"column":2},"end":{"line":495,"column":53}},"125":{"start":{"line":495,"column":31},"end":{"line":495,"column":53}},"126":{"start":{"line":496,"column":2},"end":{"line":496,"column":49}},"127":{"start":{"line":500,"column":0},"end":{"line":520,"column":2}},"128":{"start":{"line":501,"column":1},"end":{"line":506,"column":2}},"129":{"start":{"line":503,"column":2},"end":{"line":505,"column":3}},"130":{"start":{"line":504,"column":3},"end":{"line":504,"column":60}},"131":{"start":{"line":510,"column":26},"end":{"line":510,"column":28}},"132":{"start":{"line":511,"column":1},"end":{"line":514,"column":4}},"133":{"start":{"line":512,"column":2},"end":{"line":512,"column":52}},"134":{"start":{"line":513,"column":2},"end":{"line":513,"column":35}},"135":{"start":{"line":516,"column":1},"end":{"line":517,"column":40}},"136":{"start":{"line":519,"column":1},"end":{"line":519,"column":56}},"137":{"start":{"line":523,"column":0},"end":{"line":536,"column":2}},"138":{"start":{"line":525,"column":18},"end":{"line":525,"column":65}},"139":{"start":{"line":527,"column":1},"end":{"line":535,"column":2}},"140":{"start":{"line":528,"column":2},"end":{"line":528,"column":39}},"141":{"start":{"line":530,"column":2},"end":{"line":530,"column":34}},"142":{"start":{"line":533,"column":2},"end":{"line":533,"column":50}},"143":{"start":{"line":534,"column":2},"end":{"line":534,"column":60}},"144":{"start":{"line":538,"column":0},"end":{"line":566,"column":2}},"145":{"start":{"line":540,"column":28},"end":{"line":540,"column":29}},"146":{"start":{"line":541,"column":18},"end":{"line":541,"column":65}},"147":{"start":{"line":544,"column":1},"end":{"line":544,"column":44}},"148":{"start":{"line":545,"column":1},"end":{"line":545,"column":39}},"149":{"start":{"line":548,"column":1},"end":{"line":556,"column":2}},"150":{"start":{"line":550,"column":2},"end":{"line":550,"column":101}},"151":{"start":{"line":550,"column":52},"end":{"line":550,"column":101}},"152":{"start":{"line":551,"column":2},"end":{"line":551,"column":52}},"153":{"start":{"line":553,"column":2},"end":{"line":555,"column":3}},"154":{"start":{"line":554,"column":3},"end":{"line":554,"column":67}},"155":{"start":{"line":558,"column":1},"end":{"line":560,"column":2}},"156":{"start":{"line":559,"column":2},"end":{"line":559,"column":59}},"157":{"start":{"line":562,"column":1},"end":{"line":562,"column":46}},"158":{"start":{"line":563,"column":1},"end":{"line":563,"column":45}},"159":{"start":{"line":565,"column":1},"end":{"line":565,"column":20}},"160":{"start":{"line":569,"column":0},"end":{"line":592,"column":2}},"161":{"start":{"line":571,"column":1},"end":{"line":578,"column":4}},"162":{"start":{"line":572,"column":2},"end":{"line":577,"column":5}},"163":{"start":{"line":573,"column":3},"end":{"line":576,"column":4}},"164":{"start":{"line":574,"column":4},"end":{"line":574,"column":73}},"165":{"start":{"line":575,"column":4},"end":{"line":575,"column":60}},"166":{"start":{"line":581,"column":1},"end":{"line":581,"column":80}},"167":{"start":{"line":584,"column":1},"end":{"line":591,"column":2}},"168":{"start":{"line":585,"column":2},"end":{"line":587,"column":5}},"169":{"start":{"line":586,"column":3},"end":{"line":586,"column":62}},"170":{"start":{"line":588,"column":2},"end":{"line":588,"column":22}},"171":{"start":{"line":589,"column":2},"end":{"line":589,"column":63}},"172":{"start":{"line":590,"column":2},"end":{"line":590,"column":175}},"173":{"start":{"line":595,"column":0},"end":{"line":607,"column":2}},"174":{"start":{"line":597,"column":1},"end":{"line":597,"column":80}},"175":{"start":{"line":599,"column":1},"end":{"line":606,"column":2}},"176":{"start":{"line":600,"column":2},"end":{"line":602,"column":5}},"177":{"start":{"line":601,"column":3},"end":{"line":601,"column":62}},"178":{"start":{"line":603,"column":2},"end":{"line":603,"column":22}},"179":{"start":{"line":604,"column":2},"end":{"line":604,"column":63}},"180":{"start":{"line":605,"column":2},"end":{"line":605,"column":175}},"181":{"start":{"line":609,"column":0},"end":{"line":623,"column":2}},"182":{"start":{"line":610,"column":1},"end":{"line":610,"column":35}},"183":{"start":{"line":612,"column":1},"end":{"line":619,"column":2}},"184":{"start":{"line":613,"column":2},"end":{"line":615,"column":5}},"185":{"start":{"line":614,"column":3},"end":{"line":614,"column":62}},"186":{"start":{"line":616,"column":2},"end":{"line":616,"column":22}},"187":{"start":{"line":617,"column":2},"end":{"line":617,"column":63}},"188":{"start":{"line":618,"column":2},"end":{"line":618,"column":175}},"189":{"start":{"line":620,"column":1},"end":{"line":622,"column":2}},"190":{"start":{"line":621,"column":2},"end":{"line":621,"column":30}},"191":{"start":{"line":626,"column":0},"end":{"line":636,"column":2}},"192":{"start":{"line":627,"column":1},"end":{"line":627,"column":33}},"193":{"start":{"line":628,"column":1},"end":{"line":628,"column":91}},"194":{"start":{"line":628,"column":48},"end":{"line":628,"column":91}},"195":{"start":{"line":630,"column":1},"end":{"line":633,"column":2}},"196":{"start":{"line":631,"column":2},"end":{"line":631,"column":33}},"197":{"start":{"line":632,"column":2},"end":{"line":632,"column":38}},"198":{"start":{"line":635,"column":1},"end":{"line":635,"column":8}},"199":{"start":{"line":639,"column":0},"end":{"line":656,"column":2}},"200":{"start":{"line":640,"column":1},"end":{"line":640,"column":29}},"201":{"start":{"line":641,"column":1},"end":{"line":651,"column":2}},"202":{"start":{"line":642,"column":2},"end":{"line":642,"column":45}},"203":{"start":{"line":643,"column":2},"end":{"line":643,"column":22}},"204":{"start":{"line":646,"column":2},"end":{"line":649,"column":3}},"205":{"start":{"line":647,"column":3},"end":{"line":647,"column":38}},"206":{"start":{"line":648,"column":3},"end":{"line":648,"column":37}},"207":{"start":{"line":650,"column":2},"end":{"line":650,"column":42}},"208":{"start":{"line":653,"column":1},"end":{"line":653,"column":38}},"209":{"start":{"line":655,"column":1},"end":{"line":655,"column":20}},"210":{"start":{"line":658,"column":0},"end":{"line":674,"column":2}},"211":{"start":{"line":659,"column":1},"end":{"line":659,"column":29}},"212":{"start":{"line":660,"column":1},"end":{"line":660,"column":55}},"213":{"start":{"line":660,"column":30},"end":{"line":660,"column":55}},"214":{"start":{"line":662,"column":1},"end":{"line":671,"column":2}},"215":{"start":{"line":663,"column":2},"end":{"line":663,"column":45}},"216":{"start":{"line":664,"column":2},"end":{"line":664,"column":22}},"217":{"start":{"line":667,"column":2},"end":{"line":669,"column":3}},"218":{"start":{"line":668,"column":3},"end":{"line":668,"column":40}},"219":{"start":{"line":673,"column":1},"end":{"line":673,"column":20}},"220":{"start":{"line":676,"column":0},"end":{"line":685,"column":2}},"221":{"start":{"line":677,"column":1},"end":{"line":679,"column":2}},"222":{"start":{"line":678,"column":2},"end":{"line":678,"column":45}},"223":{"start":{"line":681,"column":1},"end":{"line":682,"column":47}},"224":{"start":{"line":681,"column":37},"end":{"line":681,"column":77}},"225":{"start":{"line":682,"column":6},"end":{"line":682,"column":47}},"226":{"start":{"line":684,"column":1},"end":{"line":684,"column":37}},"227":{"start":{"line":687,"column":0},"end":{"line":693,"column":2}},"228":{"start":{"line":688,"column":1},"end":{"line":688,"column":46}},"229":{"start":{"line":690,"column":1},"end":{"line":692,"column":4}},"230":{"start":{"line":691,"column":2},"end":{"line":691,"column":42}},"231":{"start":{"line":698,"column":0},"end":{"line":716,"column":2}},"232":{"start":{"line":699,"column":1},"end":{"line":699,"column":30}},"233":{"start":{"line":701,"column":1},"end":{"line":713,"column":4}},"234":{"start":{"line":703,"column":27},"end":{"line":703,"column":29}},"235":{"start":{"line":704,"column":2},"end":{"line":710,"column":5}},"236":{"start":{"line":705,"column":3},"end":{"line":707,"column":4}},"237":{"start":{"line":706,"column":4},"end":{"line":706,"column":34}},"238":{"start":{"line":708,"column":3},"end":{"line":708,"column":51}},"239":{"start":{"line":709,"column":3},"end":{"line":709,"column":35}},"240":{"start":{"line":712,"column":2},"end":{"line":712,"column":45}},"241":{"start":{"line":715,"column":1},"end":{"line":715,"column":20}},"242":{"start":{"line":719,"column":0},"end":{"line":732,"column":2}},"243":{"start":{"line":720,"column":1},"end":{"line":722,"column":2}},"244":{"start":{"line":721,"column":2},"end":{"line":721,"column":29}},"245":{"start":{"line":723,"column":1},"end":{"line":731,"column":2}},"246":{"start":{"line":724,"column":2},"end":{"line":730,"column":3}},"247":{"start":{"line":725,"column":3},"end":{"line":725,"column":23}},"248":{"start":{"line":726,"column":3},"end":{"line":726,"column":64}},"249":{"start":{"line":727,"column":3},"end":{"line":729,"column":6}},"250":{"start":{"line":728,"column":4},"end":{"line":728,"column":63}},"251":{"start":{"line":734,"column":0},"end":{"line":738,"column":2}},"252":{"start":{"line":735,"column":1},"end":{"line":735,"column":49}},"253":{"start":{"line":737,"column":1},"end":{"line":737,"column":20}},"254":{"start":{"line":740,"column":0},"end":{"line":743,"column":2}},"255":{"start":{"line":741,"column":1},"end":{"line":741,"column":39}},"256":{"start":{"line":742,"column":1},"end":{"line":742,"column":20}},"257":{"start":{"line":746,"column":0},"end":{"line":749,"column":2}},"258":{"start":{"line":748,"column":1},"end":{"line":748,"column":33}},"259":{"start":{"line":750,"column":0},"end":{"line":756,"column":2}},"260":{"start":{"line":751,"column":1},"end":{"line":754,"column":2}},"261":{"start":{"line":752,"column":2},"end":{"line":752,"column":46}},"262":{"start":{"line":753,"column":2},"end":{"line":753,"column":9}},"263":{"start":{"line":755,"column":1},"end":{"line":755,"column":24}},"264":{"start":{"line":758,"column":0},"end":{"line":764,"column":2}},"265":{"start":{"line":759,"column":1},"end":{"line":762,"column":2}},"266":{"start":{"line":760,"column":2},"end":{"line":760,"column":67}},"267":{"start":{"line":761,"column":2},"end":{"line":761,"column":9}},"268":{"start":{"line":763,"column":1},"end":{"line":763,"column":44}},"269":{"start":{"line":767,"column":35},"end":{"line":771,"column":1}},"270":{"start":{"line":768,"column":20},"end":{"line":768,"column":47}},"271":{"start":{"line":769,"column":16},"end":{"line":769,"column":104}},"272":{"start":{"line":770,"column":1},"end":{"line":770,"column":15}},"273":{"start":{"line":774,"column":0},"end":{"line":774,"column":52}}},"fnMap":{"0":{"name":"(anonymous_0)","decl":{"start":{"line":305,"column":32},"end":{"line":305,"column":33}},"loc":{"start":{"line":305,"column":58},"end":{"line":311,"column":1}},"line":305},"1":{"name":"(anonymous_1)","decl":{"start":{"line":306,"column":60},"end":{"line":306,"column":61}},"loc":{"start":{"line":306,"column":65},"end":{"line":308,"column":2}},"line":306},"2":{"name":"(anonymous_2)","decl":{"start":{"line":313,"column":33},"end":{"line":313,"column":34}},"loc":{"start":{"line":313,"column":55},"end":{"line":315,"column":1}},"line":313},"3":{"name":"(anonymous_3)","decl":{"start":{"line":317,"column":33},"end":{"line":317,"column":34}},"loc":{"start":{"line":317,"column":59},"end":{"line":323,"column":1}},"line":317},"4":{"name":"(anonymous_4)","decl":{"start":{"line":318,"column":57},"end":{"line":318,"column":58}},"loc":{"start":{"line":318,"column":62},"end":{"line":318,"column":82}},"line":318},"5":{"name":"(anonymous_5)","decl":{"start":{"line":325,"column":42},"end":{"line":325,"column":43}},"loc":{"start":{"line":325,"column":64},"end":{"line":331,"column":1}},"line":325},"6":{"name":"(anonymous_6)","decl":{"start":{"line":326,"column":57},"end":{"line":326,"column":58}},"loc":{"start":{"line":326,"column":62},"end":{"line":326,"column":83}},"line":326},"7":{"name":"(anonymous_7)","decl":{"start":{"line":333,"column":37},"end":{"line":333,"column":38}},"loc":{"start":{"line":333,"column":77},"end":{"line":338,"column":1}},"line":333},"8":{"name":"(anonymous_8)","decl":{"start":{"line":334,"column":57},"end":{"line":334,"column":58}},"loc":{"start":{"line":334,"column":62},"end":{"line":334,"column":82}},"line":334},"9":{"name":"(anonymous_9)","decl":{"start":{"line":340,"column":39},"end":{"line":340,"column":40}},"loc":{"start":{"line":340,"column":53},"end":{"line":344,"column":1}},"line":340},"10":{"name":"(anonymous_10)","decl":{"start":{"line":341,"column":26},"end":{"line":341,"column":27}},"loc":{"start":{"line":341,"column":29},"end":{"line":343,"column":2}},"line":341},"11":{"name":"(anonymous_11)","decl":{"start":{"line":346,"column":41},"end":{"line":346,"column":42}},"loc":{"start":{"line":346,"column":55},"end":{"line":351,"column":1}},"line":346},"12":{"name":"(anonymous_12)","decl":{"start":{"line":347,"column":26},"end":{"line":347,"column":27}},"loc":{"start":{"line":347,"column":29},"end":{"line":350,"column":2}},"line":347},"13":{"name":"(anonymous_13)","decl":{"start":{"line":354,"column":36},"end":{"line":354,"column":37}},"loc":{"start":{"line":354,"column":56},"end":{"line":356,"column":1}},"line":354},"14":{"name":"(anonymous_14)","decl":{"start":{"line":358,"column":35},"end":{"line":358,"column":36}},"loc":{"start":{"line":358,"column":68},"end":{"line":363,"column":1}},"line":358},"15":{"name":"(anonymous_15)","decl":{"start":{"line":365,"column":40},"end":{"line":365,"column":41}},"loc":{"start":{"line":365,"column":73},"end":{"line":372,"column":1}},"line":365},"16":{"name":"(anonymous_16)","decl":{"start":{"line":374,"column":33},"end":{"line":374,"column":34}},"loc":{"start":{"line":374,"column":66},"end":{"line":382,"column":1}},"line":374},"17":{"name":"(anonymous_17)","decl":{"start":{"line":379,"column":34},"end":{"line":379,"column":35}},"loc":{"start":{"line":379,"column":47},"end":{"line":379,"column":146}},"line":379},"18":{"name":"(anonymous_18)","decl":{"start":{"line":384,"column":37},"end":{"line":384,"column":38}},"loc":{"start":{"line":384,"column":56},"end":{"line":386,"column":1}},"line":384},"19":{"name":"(anonymous_19)","decl":{"start":{"line":385,"column":34},"end":{"line":385,"column":35}},"loc":{"start":{"line":385,"column":47},"end":{"line":385,"column":146}},"line":385},"20":{"name":"(anonymous_20)","decl":{"start":{"line":388,"column":41},"end":{"line":388,"column":42}},"loc":{"start":{"line":388,"column":86},"end":{"line":404,"column":1}},"line":388},"21":{"name":"(anonymous_21)","decl":{"start":{"line":390,"column":39},"end":{"line":390,"column":40}},"loc":{"start":{"line":390,"column":56},"end":{"line":396,"column":2}},"line":390},"22":{"name":"(anonymous_22)","decl":{"start":{"line":406,"column":36},"end":{"line":406,"column":37}},"loc":{"start":{"line":406,"column":53},"end":{"line":409,"column":1}},"line":406},"23":{"name":"(anonymous_23)","decl":{"start":{"line":411,"column":40},"end":{"line":411,"column":41}},"loc":{"start":{"line":411,"column":51},"end":{"line":414,"column":1}},"line":411},"24":{"name":"(anonymous_24)","decl":{"start":{"line":412,"column":33},"end":{"line":412,"column":34}},"loc":{"start":{"line":412,"column":45},"end":{"line":412,"column":71}},"line":412},"25":{"name":"(anonymous_25)","decl":{"start":{"line":417,"column":38},"end":{"line":417,"column":39}},"loc":{"start":{"line":417,"column":67},"end":{"line":426,"column":1}},"line":417},"26":{"name":"(anonymous_26)","decl":{"start":{"line":428,"column":41},"end":{"line":428,"column":42}},"loc":{"start":{"line":428,"column":82},"end":{"line":441,"column":1}},"line":428},"27":{"name":"(anonymous_27)","decl":{"start":{"line":429,"column":45},"end":{"line":429,"column":46}},"loc":{"start":{"line":429,"column":57},"end":{"line":429,"column":116}},"line":429},"28":{"name":"(anonymous_28)","decl":{"start":{"line":447,"column":37},"end":{"line":447,"column":38}},"loc":{"start":{"line":447,"column":85},"end":{"line":491,"column":1}},"line":447},"29":{"name":"(anonymous_29)","decl":{"start":{"line":450,"column":26},"end":{"line":450,"column":27}},"loc":{"start":{"line":450,"column":37},"end":{"line":485,"column":2}},"line":450},"30":{"name":"(anonymous_30)","decl":{"start":{"line":451,"column":22},"end":{"line":451,"column":23}},"loc":{"start":{"line":451,"column":39},"end":{"line":484,"column":3}},"line":451},"31":{"name":"(anonymous_31)","decl":{"start":{"line":457,"column":18},"end":{"line":457,"column":19}},"loc":{"start":{"line":457,"column":23},"end":{"line":457,"column":40}},"line":457},"32":{"name":"(anonymous_32)","decl":{"start":{"line":493,"column":38},"end":{"line":493,"column":39}},"loc":{"start":{"line":493,"column":66},"end":{"line":498,"column":1}},"line":493},"33":{"name":"(anonymous_33)","decl":{"start":{"line":494,"column":21},"end":{"line":494,"column":22}},"loc":{"start":{"line":494,"column":30},"end":{"line":497,"column":2}},"line":494},"34":{"name":"(anonymous_34)","decl":{"start":{"line":500,"column":29},"end":{"line":500,"column":30}},"loc":{"start":{"line":500,"column":63},"end":{"line":520,"column":1}},"line":500},"35":{"name":"(anonymous_35)","decl":{"start":{"line":511,"column":27},"end":{"line":511,"column":28}},"loc":{"start":{"line":511,"column":35},"end":{"line":514,"column":2}},"line":511},"36":{"name":"(anonymous_36)","decl":{"start":{"line":523,"column":32},"end":{"line":523,"column":33}},"loc":{"start":{"line":523,"column":65},"end":{"line":536,"column":1}},"line":523},"37":{"name":"(anonymous_37)","decl":{"start":{"line":538,"column":31},"end":{"line":538,"column":32}},"loc":{"start":{"line":538,"column":59},"end":{"line":566,"column":1}},"line":538},"38":{"name":"(anonymous_38)","decl":{"start":{"line":569,"column":30},"end":{"line":569,"column":31}},"loc":{"start":{"line":569,"column":67},"end":{"line":592,"column":1}},"line":569},"39":{"name":"(anonymous_39)","decl":{"start":{"line":571,"column":40},"end":{"line":571,"column":41}},"loc":{"start":{"line":571,"column":56},"end":{"line":578,"column":2}},"line":571},"40":{"name":"(anonymous_40)","decl":{"start":{"line":572,"column":36},"end":{"line":572,"column":37}},"loc":{"start":{"line":572,"column":44},"end":{"line":577,"column":3}},"line":572},"41":{"name":"(anonymous_41)","decl":{"start":{"line":585,"column":63},"end":{"line":585,"column":64}},"loc":{"start":{"line":585,"column":66},"end":{"line":587,"column":3}},"line":585},"42":{"name":"(anonymous_42)","decl":{"start":{"line":595,"column":32},"end":{"line":595,"column":33}},"loc":{"start":{"line":595,"column":57},"end":{"line":607,"column":1}},"line":595},"43":{"name":"(anonymous_43)","decl":{"start":{"line":600,"column":63},"end":{"line":600,"column":64}},"loc":{"start":{"line":600,"column":66},"end":{"line":602,"column":3}},"line":600},"44":{"name":"(anonymous_44)","decl":{"start":{"line":609,"column":43},"end":{"line":609,"column":44}},"loc":{"start":{"line":609,"column":60},"end":{"line":623,"column":1}},"line":609},"45":{"name":"(anonymous_45)","decl":{"start":{"line":613,"column":63},"end":{"line":613,"column":64}},"loc":{"start":{"line":613,"column":66},"end":{"line":615,"column":3}},"line":613},"46":{"name":"(anonymous_46)","decl":{"start":{"line":626,"column":30},"end":{"line":626,"column":31}},"loc":{"start":{"line":626,"column":51},"end":{"line":636,"column":1}},"line":626},"47":{"name":"(anonymous_47)","decl":{"start":{"line":639,"column":29},"end":{"line":639,"column":30}},"loc":{"start":{"line":639,"column":78},"end":{"line":656,"column":1}},"line":639},"48":{"name":"(anonymous_48)","decl":{"start":{"line":658,"column":31},"end":{"line":658,"column":32}},"loc":{"start":{"line":658,"column":82},"end":{"line":674,"column":1}},"line":658},"49":{"name":"(anonymous_49)","decl":{"start":{"line":676,"column":29},"end":{"line":676,"column":30}},"loc":{"start":{"line":676,"column":62},"end":{"line":685,"column":1}},"line":676},"50":{"name":"(anonymous_50)","decl":{"start":{"line":687,"column":39},"end":{"line":687,"column":40}},"loc":{"start":{"line":687,"column":86},"end":{"line":693,"column":1}},"line":687},"51":{"name":"(anonymous_51)","decl":{"start":{"line":690,"column":38},"end":{"line":690,"column":39}},"loc":{"start":{"line":690,"column":41},"end":{"line":692,"column":2}},"line":690},"52":{"name":"(anonymous_52)","decl":{"start":{"line":698,"column":32},"end":{"line":698,"column":33}},"loc":{"start":{"line":698,"column":66},"end":{"line":716,"column":1}},"line":698},"53":{"name":"(anonymous_53)","decl":{"start":{"line":701,"column":14},"end":{"line":701,"column":15}},"loc":{"start":{"line":701,"column":19},"end":{"line":713,"column":2}},"line":701},"54":{"name":"(anonymous_54)","decl":{"start":{"line":704,"column":24},"end":{"line":704,"column":25}},"loc":{"start":{"line":704,"column":36},"end":{"line":710,"column":3}},"line":704},"55":{"name":"(anonymous_55)","decl":{"start":{"line":719,"column":39},"end":{"line":719,"column":40}},"loc":{"start":{"line":719,"column":62},"end":{"line":732,"column":1}},"line":719},"56":{"name":"(anonymous_56)","decl":{"start":{"line":727,"column":64},"end":{"line":727,"column":65}},"loc":{"start":{"line":727,"column":67},"end":{"line":729,"column":4}},"line":727},"57":{"name":"(anonymous_57)","decl":{"start":{"line":734,"column":39},"end":{"line":734,"column":40}},"loc":{"start":{"line":734,"column":64},"end":{"line":738,"column":1}},"line":734},"58":{"name":"(anonymous_58)","decl":{"start":{"line":740,"column":36},"end":{"line":740,"column":37}},"loc":{"start":{"line":740,"column":61},"end":{"line":743,"column":1}},"line":740},"59":{"name":"(anonymous_59)","decl":{"start":{"line":746,"column":36},"end":{"line":746,"column":37}},"loc":{"start":{"line":746,"column":56},"end":{"line":749,"column":1}},"line":746},"60":{"name":"(anonymous_60)","decl":{"start":{"line":750,"column":31},"end":{"line":750,"column":32}},"loc":{"start":{"line":750,"column":54},"end":{"line":756,"column":1}},"line":750},"61":{"name":"(anonymous_61)","decl":{"start":{"line":758,"column":38},"end":{"line":758,"column":39}},"loc":{"start":{"line":758,"column":72},"end":{"line":764,"column":1}},"line":758},"62":{"name":"(anonymous_62)","decl":{"start":{"line":767,"column":35},"end":{"line":767,"column":36}},"loc":{"start":{"line":767,"column":65},"end":{"line":771,"column":1}},"line":767}},"branchMap":{"0":{"loc":{"start":{"line":5,"column":0},"end":{"line":10,"column":1}},"type":"if","locations":[{"start":{"line":5,"column":0},"end":{"line":10,"column":1}},{"start":{"line":5,"column":0},"end":{"line":10,"column":1}}],"line":5},"1":{"loc":{"start":{"line":333,"column":63},"end":{"line":333,"column":75}},"type":"default-arg","locations":[{"start":{"line":333,"column":74},"end":{"line":333,"column":75}}],"line":333},"2":{"loc":{"start":{"line":349,"column":2},"end":{"line":349,"column":50}},"type":"if","locations":[{"start":{"line":349,"column":2},"end":{"line":349,"column":50}},{"start":{"line":349,"column":2},"end":{"line":349,"column":50}}],"line":349},"3":{"loc":{"start":{"line":359,"column":1},"end":{"line":362,"column":2}},"type":"if","locations":[{"start":{"line":359,"column":1},"end":{"line":362,"column":2}},{"start":{"line":359,"column":1},"end":{"line":362,"column":2}}],"line":359},"4":{"loc":{"start":{"line":379,"column":49},"end":{"line":379,"column":145}},"type":"binary-expr","locations":[{"start":{"line":379,"column":49},"end":{"line":379,"column":95}},{"start":{"line":379,"column":99},"end":{"line":379,"column":145}}],"line":379},"5":{"loc":{"start":{"line":385,"column":49},"end":{"line":385,"column":145}},"type":"binary-expr","locations":[{"start":{"line":385,"column":49},"end":{"line":385,"column":95}},{"start":{"line":385,"column":99},"end":{"line":385,"column":145}}],"line":385},"6":{"loc":{"start":{"line":391,"column":2},"end":{"line":394,"column":3}},"type":"if","locations":[{"start":{"line":391,"column":2},"end":{"line":394,"column":3}},{"start":{"line":391,"column":2},"end":{"line":394,"column":3}}],"line":391},"7":{"loc":{"start":{"line":391,"column":5},"end":{"line":391,"column":73}},"type":"binary-expr","locations":[{"start":{"line":391,"column":5},"end":{"line":391,"column":36}},{"start":{"line":391,"column":40},"end":{"line":391,"column":73}}],"line":391},"8":{"loc":{"start":{"line":397,"column":1},"end":{"line":401,"column":2}},"type":"if","locations":[{"start":{"line":397,"column":1},"end":{"line":401,"column":2}},{"start":{"line":397,"column":1},"end":{"line":401,"column":2}}],"line":397},"9":{"loc":{"start":{"line":418,"column":1},"end":{"line":422,"column":2}},"type":"if","locations":[{"start":{"line":418,"column":1},"end":{"line":422,"column":2}},{"start":{"line":418,"column":1},"end":{"line":422,"column":2}}],"line":418},"10":{"loc":{"start":{"line":429,"column":57},"end":{"line":429,"column":116}},"type":"binary-expr","locations":[{"start":{"line":429,"column":57},"end":{"line":429,"column":89}},{"start":{"line":429,"column":93},"end":{"line":429,"column":116}}],"line":429},"11":{"loc":{"start":{"line":430,"column":1},"end":{"line":432,"column":2}},"type":"if","locations":[{"start":{"line":430,"column":1},"end":{"line":432,"column":2}},{"start":{"line":430,"column":1},"end":{"line":432,"column":2}}],"line":430},"12":{"loc":{"start":{"line":435,"column":1},"end":{"line":435,"column":92}},"type":"if","locations":[{"start":{"line":435,"column":1},"end":{"line":435,"column":92}},{"start":{"line":435,"column":1},"end":{"line":435,"column":92}}],"line":435},"13":{"loc":{"start":{"line":452,"column":3},"end":{"line":483,"column":4}},"type":"if","locations":[{"start":{"line":452,"column":3},"end":{"line":483,"column":4}},{"start":{"line":452,"column":3},"end":{"line":483,"column":4}}],"line":452},"14":{"loc":{"start":{"line":460,"column":4},"end":{"line":463,"column":5}},"type":"if","locations":[{"start":{"line":460,"column":4},"end":{"line":463,"column":5}},{"start":{"line":460,"column":4},"end":{"line":463,"column":5}}],"line":460},"15":{"loc":{"start":{"line":460,"column":7},"end":{"line":460,"column":29}},"type":"binary-expr","locations":[{"start":{"line":460,"column":7},"end":{"line":460,"column":16}},{"start":{"line":460,"column":20},"end":{"line":460,"column":29}}],"line":460},"16":{"loc":{"start":{"line":461,"column":40},"end":{"line":462,"column":53}},"type":"cond-expr","locations":[{"start":{"line":462,"column":6},"end":{"line":462,"column":42}},{"start":{"line":462,"column":45},"end":{"line":462,"column":53}}],"line":461},"17":{"loc":{"start":{"line":466,"column":4},"end":{"line":466,"column":82}},"type":"if","locations":[{"start":{"line":466,"column":4},"end":{"line":466,"column":82}},{"start":{"line":466,"column":4},"end":{"line":466,"column":82}}],"line":466},"18":{"loc":{"start":{"line":469,"column":32},"end":{"line":470,"column":52}},"type":"cond-expr","locations":[{"start":{"line":470,"column":5},"end":{"line":470,"column":41}},{"start":{"line":470,"column":44},"end":{"line":470,"column":52}}],"line":469},"19":{"loc":{"start":{"line":472,"column":32},"end":{"line":473,"column":52}},"type":"cond-expr","locations":[{"start":{"line":473,"column":5},"end":{"line":473,"column":41}},{"start":{"line":473,"column":44},"end":{"line":473,"column":52}}],"line":472},"20":{"loc":{"start":{"line":479,"column":4},"end":{"line":482,"column":5}},"type":"if","locations":[{"start":{"line":479,"column":4},"end":{"line":482,"column":5}},{"start":{"line":479,"column":4},"end":{"line":482,"column":5}}],"line":479},"21":{"loc":{"start":{"line":495,"column":2},"end":{"line":495,"column":53}},"type":"if","locations":[{"start":{"line":495,"column":2},"end":{"line":495,"column":53}},{"start":{"line":495,"column":2},"end":{"line":495,"column":53}}],"line":495},"22":{"loc":{"start":{"line":500,"column":44},"end":{"line":500,"column":54}},"type":"default-arg","locations":[{"start":{"line":500,"column":53},"end":{"line":500,"column":54}}],"line":500},"23":{"loc":{"start":{"line":501,"column":1},"end":{"line":506,"column":2}},"type":"if","locations":[{"start":{"line":501,"column":1},"end":{"line":506,"column":2}},{"start":{"line":501,"column":1},"end":{"line":506,"column":2}}],"line":501},"24":{"loc":{"start":{"line":512,"column":13},"end":{"line":512,"column":51}},"type":"cond-expr","locations":[{"start":{"line":512,"column":24},"end":{"line":512,"column":38}},{"start":{"line":512,"column":41},"end":{"line":512,"column":51}}],"line":512},"25":{"loc":{"start":{"line":516,"column":23},"end":{"line":517,"column":39}},"type":"cond-expr","locations":[{"start":{"line":517,"column":2},"end":{"line":517,"column":30}},{"start":{"line":517,"column":33},"end":{"line":517,"column":39}}],"line":516},"26":{"loc":{"start":{"line":523,"column":53},"end":{"line":523,"column":63}},"type":"default-arg","locations":[{"start":{"line":523,"column":62},"end":{"line":523,"column":63}}],"line":523},"27":{"loc":{"start":{"line":527,"column":1},"end":{"line":535,"column":2}},"type":"if","locations":[{"start":{"line":527,"column":1},"end":{"line":535,"column":2}},{"start":{"line":527,"column":1},"end":{"line":535,"column":2}}],"line":527},"28":{"loc":{"start":{"line":548,"column":1},"end":{"line":556,"column":2}},"type":"if","locations":[{"start":{"line":548,"column":1},"end":{"line":556,"column":2}},{"start":{"line":548,"column":1},"end":{"line":556,"column":2}}],"line":548},"29":{"loc":{"start":{"line":550,"column":2},"end":{"line":550,"column":101}},"type":"if","locations":[{"start":{"line":550,"column":2},"end":{"line":550,"column":101}},{"start":{"line":550,"column":2},"end":{"line":550,"column":101}}],"line":550},"30":{"loc":{"start":{"line":573,"column":3},"end":{"line":576,"column":4}},"type":"if","locations":[{"start":{"line":573,"column":3},"end":{"line":576,"column":4}},{"start":{"line":573,"column":3},"end":{"line":576,"column":4}}],"line":573},"31":{"loc":{"start":{"line":584,"column":1},"end":{"line":591,"column":2}},"type":"if","locations":[{"start":{"line":584,"column":1},"end":{"line":591,"column":2}},{"start":{"line":584,"column":1},"end":{"line":591,"column":2}}],"line":584},"32":{"loc":{"start":{"line":584,"column":5},"end":{"line":584,"column":70}},"type":"binary-expr","locations":[{"start":{"line":584,"column":5},"end":{"line":584,"column":33}},{"start":{"line":584,"column":37},"end":{"line":584,"column":55}},{"start":{"line":584,"column":59},"end":{"line":584,"column":70}}],"line":584},"33":{"loc":{"start":{"line":590,"column":25},"end":{"line":590,"column":174}},"type":"cond-expr","locations":[{"start":{"line":590,"column":66},"end":{"line":590,"column":169}},{"start":{"line":590,"column":172},"end":{"line":590,"column":174}}],"line":590},"34":{"loc":{"start":{"line":599,"column":1},"end":{"line":606,"column":2}},"type":"if","locations":[{"start":{"line":599,"column":1},"end":{"line":606,"column":2}},{"start":{"line":599,"column":1},"end":{"line":606,"column":2}}],"line":599},"35":{"loc":{"start":{"line":599,"column":5},"end":{"line":599,"column":55}},"type":"binary-expr","locations":[{"start":{"line":599,"column":5},"end":{"line":599,"column":33}},{"start":{"line":599,"column":37},"end":{"line":599,"column":55}}],"line":599},"36":{"loc":{"start":{"line":605,"column":25},"end":{"line":605,"column":174}},"type":"cond-expr","locations":[{"start":{"line":605,"column":66},"end":{"line":605,"column":169}},{"start":{"line":605,"column":172},"end":{"line":605,"column":174}}],"line":605},"37":{"loc":{"start":{"line":612,"column":1},"end":{"line":619,"column":2}},"type":"if","locations":[{"start":{"line":612,"column":1},"end":{"line":619,"column":2}},{"start":{"line":612,"column":1},"end":{"line":619,"column":2}}],"line":612},"38":{"loc":{"start":{"line":612,"column":5},"end":{"line":612,"column":55}},"type":"binary-expr","locations":[{"start":{"line":612,"column":5},"end":{"line":612,"column":33}},{"start":{"line":612,"column":37},"end":{"line":612,"column":55}}],"line":612},"39":{"loc":{"start":{"line":618,"column":25},"end":{"line":618,"column":174}},"type":"cond-expr","locations":[{"start":{"line":618,"column":66},"end":{"line":618,"column":169}},{"start":{"line":618,"column":172},"end":{"line":618,"column":174}}],"line":618},"40":{"loc":{"start":{"line":620,"column":1},"end":{"line":622,"column":2}},"type":"if","locations":[{"start":{"line":620,"column":1},"end":{"line":622,"column":2}},{"start":{"line":620,"column":1},"end":{"line":622,"column":2}}],"line":620},"41":{"loc":{"start":{"line":628,"column":1},"end":{"line":628,"column":91}},"type":"if","locations":[{"start":{"line":628,"column":1},"end":{"line":628,"column":91}},{"start":{"line":628,"column":1},"end":{"line":628,"column":91}}],"line":628},"42":{"loc":{"start":{"line":630,"column":1},"end":{"line":633,"column":2}},"type":"if","locations":[{"start":{"line":630,"column":1},"end":{"line":633,"column":2}},{"start":{"line":630,"column":1},"end":{"line":633,"column":2}}],"line":630},"43":{"loc":{"start":{"line":641,"column":1},"end":{"line":651,"column":2}},"type":"if","locations":[{"start":{"line":641,"column":1},"end":{"line":651,"column":2}},{"start":{"line":641,"column":1},"end":{"line":651,"column":2}}],"line":641},"44":{"loc":{"start":{"line":660,"column":1},"end":{"line":660,"column":55}},"type":"if","locations":[{"start":{"line":660,"column":1},"end":{"line":660,"column":55}},{"start":{"line":660,"column":1},"end":{"line":660,"column":55}}],"line":660},"45":{"loc":{"start":{"line":662,"column":1},"end":{"line":671,"column":2}},"type":"if","locations":[{"start":{"line":662,"column":1},"end":{"line":671,"column":2}},{"start":{"line":662,"column":1},"end":{"line":671,"column":2}}],"line":662},"46":{"loc":{"start":{"line":676,"column":50},"end":{"line":676,"column":60}},"type":"default-arg","locations":[{"start":{"line":676,"column":59},"end":{"line":676,"column":60}}],"line":676},"47":{"loc":{"start":{"line":677,"column":1},"end":{"line":679,"column":2}},"type":"if","locations":[{"start":{"line":677,"column":1},"end":{"line":679,"column":2}},{"start":{"line":677,"column":1},"end":{"line":679,"column":2}}],"line":677},"48":{"loc":{"start":{"line":681,"column":1},"end":{"line":682,"column":47}},"type":"if","locations":[{"start":{"line":681,"column":1},"end":{"line":682,"column":47}},{"start":{"line":681,"column":1},"end":{"line":682,"column":47}}],"line":681},"49":{"loc":{"start":{"line":705,"column":3},"end":{"line":707,"column":4}},"type":"if","locations":[{"start":{"line":705,"column":3},"end":{"line":707,"column":4}},{"start":{"line":705,"column":3},"end":{"line":707,"column":4}}],"line":705},"50":{"loc":{"start":{"line":708,"column":14},"end":{"line":708,"column":50}},"type":"cond-expr","locations":[{"start":{"line":708,"column":25},"end":{"line":708,"column":38}},{"start":{"line":708,"column":41},"end":{"line":708,"column":50}}],"line":708},"51":{"loc":{"start":{"line":719,"column":54},"end":{"line":719,"column":60}},"type":"default-arg","locations":[{"start":{"line":719,"column":59},"end":{"line":719,"column":60}}],"line":719},"52":{"loc":{"start":{"line":720,"column":1},"end":{"line":722,"column":2}},"type":"if","locations":[{"start":{"line":720,"column":1},"end":{"line":722,"column":2}},{"start":{"line":720,"column":1},"end":{"line":722,"column":2}}],"line":720},"53":{"loc":{"start":{"line":723,"column":1},"end":{"line":731,"column":2}},"type":"if","locations":[{"start":{"line":723,"column":1},"end":{"line":731,"column":2}},{"start":{"line":723,"column":1},"end":{"line":731,"column":2}}],"line":723},"54":{"loc":{"start":{"line":724,"column":2},"end":{"line":730,"column":3}},"type":"if","locations":[{"start":{"line":724,"column":2},"end":{"line":730,"column":3}},{"start":{"line":724,"column":2},"end":{"line":730,"column":3}}],"line":724},"55":{"loc":{"start":{"line":751,"column":1},"end":{"line":754,"column":2}},"type":"if","locations":[{"start":{"line":751,"column":1},"end":{"line":754,"column":2}},{"start":{"line":751,"column":1},"end":{"line":754,"column":2}}],"line":751},"56":{"loc":{"start":{"line":759,"column":1},"end":{"line":762,"column":2}},"type":"if","locations":[{"start":{"line":759,"column":1},"end":{"line":762,"column":2}},{"start":{"line":759,"column":1},"end":{"line":762,"column":2}}],"line":759}},"s":{"0":1,"1":1,"2":1,"3":1,"4":0,"5":1,"6":1,"7":1,"8":1,"9":1,"10":1,"11":1,"12":1,"13":1,"14":0,"15":0,"16":0,"17":0,"18":1,"19":0,"20":1,"21":0,"22":0,"23":0,"24":0,"25":0,"26":1,"27":0,"28":0,"29":0,"30":0,"31":0,"32":1,"33":0,"34":0,"35":0,"36":0,"37":1,"38":2,"39":2,"40":1,"41":0,"42":0,"43":0,"44":0,"45":1,"46":1,"47":1,"48":0,"49":0,"50":0,"51":1,"52":0,"53":0,"54":0,"55":0,"56":1,"57":0,"58":0,"59":0,"60":0,"61":0,"62":0,"63":1,"64":0,"65":0,"66":1,"67":0,"68":0,"69":0,"70":0,"71":0,"72":0,"73":0,"74":0,"75":0,"76":0,"77":1,"78":0,"79":0,"80":1,"81":0,"82":0,"83":0,"84":1,"85":0,"86":0,"87":0,"88":0,"89":1,"90":0,"91":0,"92":0,"93":0,"94":0,"95":0,"96":0,"97":0,"98":0,"99":0,"100":1,"101":0,"102":0,"103":0,"104":0,"105":0,"106":0,"107":0,"108":0,"109":0,"110":0,"111":0,"112":0,"113":0,"114":0,"115":0,"116":0,"117":0,"118":0,"119":0,"120":0,"121":0,"122":1,"123":0,"124":0,"125":0,"126":0,"127":1,"128":0,"129":0,"130":0,"131":0,"132":0,"133":0,"134":0,"135":0,"136":0,"137":1,"138":0,"139":0,"140":0,"141":0,"142":0,"143":0,"144":1,"145":0,"146":0,"147":0,"148":0,"149":0,"150":0,"151":0,"152":0,"153":0,"154":0,"155":0,"156":0,"157":0,"158":0,"159":0,"160":1,"161":0,"162":0,"163":0,"164":0,"165":0,"166":0,"167":0,"168":0,"169":0,"170":0,"171":0,"172":0,"173":1,"174":0,"175":0,"176":0,"177":0,"178":0,"179":0,"180":0,"181":1,"182":0,"183":0,"184":0,"185":0,"186":0,"187":0,"188":0,"189":0,"190":0,"191":1,"192":0,"193":0,"194":0,"195":0,"196":0,"197":0,"198":0,"199":1,"200":0,"201":0,"202":0,"203":0,"204":0,"205":0,"206":0,"207":0,"208":0,"209":0,"210":1,"211":0,"212":0,"213":0,"214":0,"215":0,"216":0,"217":0,"218":0,"219":0,"220":1,"221":0,"222":0,"223":0,"224":0,"225":0,"226":0,"227":1,"228":0,"229":0,"230":0,"231":1,"232":0,"233":0,"234":0,"235":0,"236":0,"237":0,"238":0,"239":0,"240":0,"241":0,"242":1,"243":2,"244":2,"245":2,"246":2,"247":2,"248":2,"249":2,"250":4,"251":1,"252":0,"253":0,"254":1,"255":0,"256":0,"257":1,"258":1,"259":1,"260":0,"261":0,"262":0,"263":0,"264":1,"265":0,"266":0,"267":0,"268":0,"269":1,"270":0,"271":0,"272":0,"273":1},"f":{"0":0,"1":0,"2":0,"3":0,"4":0,"5":0,"6":0,"7":0,"8":0,"9":2,"10":2,"11":0,"12":0,"13":1,"14":0,"15":0,"16":0,"17":0,"18":0,"19":0,"20":0,"21":0,"22":0,"23":0,"24":0,"25":0,"26":0,"27":0,"28":0,"29":0,"30":0,"31":0,"32":0,"33":0,"34":0,"35":0,"36":0,"37":0,"38":0,"39":0,"40":0,"41":0,"42":0,"43":0,"44":0,"45":0,"46":0,"47":0,"48":0,"49":0,"50":0,"51":0,"52":0,"53":0,"54":0,"55":2,"56":4,"57":0,"58":0,"59":1,"60":0,"61":0,"62":0},"b":{"0":[1,0],"1":[0],"2":[0,0],"3":[0,0],"4":[0,0],"5":[0,0],"6":[0,0],"7":[0,0],"8":[0,0],"9":[0,0],"10":[0,0],"11":[0,0],"12":[0,0],"13":[0,0],"14":[0,0],"15":[0,0],"16":[0,0],"17":[0,0],"18":[0,0],"19":[0,0],"20":[0,0],"21":[0,0],"22":[0],"23":[0,0],"24":[0,0],"25":[0,0],"26":[0],"27":[0,0],"28":[0,0],"29":[0,0],"30":[0,0],"31":[0,0],"32":[0,0,0],"33":[0,0],"34":[0,0],"35":[0,0],"36":[0,0],"37":[0,0],"38":[0,0],"39":[0,0],"40":[0,0],"41":[0,0],"42":[0,0],"43":[0,0],"44":[0,0],"45":[0,0],"46":[0],"47":[0,0],"48":[0,0],"49":[0,0],"50":[0,0],"51":[0],"52":[2,0],"53":[2,0],"54":[2,0],"55":[0,0],"56":[0,0]},"_coverageSchema":"1a1c01bbd47fc00a2c39e90264f33305004495a9","hash":"b426d8b86c603e432825e777f75c26de517e9488","contentHash":"7350d93b931527f0cb9dfcb7a3da08eb423bb958991cd486295bb1228e6beb71"},"/Users/tormod/tormodwork/mega-rpg/game/build/buildings-object.js":{"path":"/Users/tormod/tormodwork/mega-rpg/game/build/buildings-object.js","statementMap":{"0":{"start":{"line":4,"column":0},"end":{"line":672,"column":2}},"1":{"start":{"line":171,"column":17},"end":{"line":172,"column":38}},"2":{"start":{"line":171,"column":48},"end":{"line":171,"column":75}},"3":{"start":{"line":172,"column":20},"end":{"line":172,"column":37}},"4":{"start":{"line":173,"column":16},"end":{"line":173,"column":17}},"5":{"start":{"line":174,"column":3},"end":{"line":174,"column":53}},"6":{"start":{"line":175,"column":3},"end":{"line":177,"column":9}},"7":{"start":{"line":176,"column":4},"end":{"line":176,"column":58}},"8":{"start":{"line":179,"column":3},"end":{"line":179,"column":44}},"9":{"start":{"line":234,"column":3},"end":{"line":234,"column":101}},"10":{"start":{"line":282,"column":3},"end":{"line":282,"column":105}},"11":{"start":{"line":529,"column":3},"end":{"line":529,"column":36}},"12":{"start":{"line":669,"column":3},"end":{"line":669,"column":90}}},"fnMap":{"0":{"name":"(anonymous_0)","decl":{"start":{"line":169,"column":11},"end":{"line":169,"column":12}},"loc":{"start":{"line":169,"column":32},"end":{"line":180,"column":3}},"line":169},"1":{"name":"(anonymous_1)","decl":{"start":{"line":171,"column":36},"end":{"line":171,"column":37}},"loc":{"start":{"line":171,"column":48},"end":{"line":171,"column":75}},"line":171},"2":{"name":"(anonymous_2)","decl":{"start":{"line":172,"column":10},"end":{"line":172,"column":11}},"loc":{"start":{"line":172,"column":20},"end":{"line":172,"column":37}},"line":172},"3":{"name":"(anonymous_3)","decl":{"start":{"line":175,"column":35},"end":{"line":175,"column":36}},"loc":{"start":{"line":175,"column":49},"end":{"line":177,"column":4}},"line":175},"4":{"name":"(anonymous_4)","decl":{"start":{"line":232,"column":11},"end":{"line":232,"column":12}},"loc":{"start":{"line":232,"column":32},"end":{"line":235,"column":3}},"line":232},"5":{"name":"(anonymous_5)","decl":{"start":{"line":280,"column":11},"end":{"line":280,"column":12}},"loc":{"start":{"line":280,"column":32},"end":{"line":283,"column":3}},"line":280},"6":{"name":"(anonymous_6)","decl":{"start":{"line":527,"column":11},"end":{"line":527,"column":12}},"loc":{"start":{"line":527,"column":26},"end":{"line":530,"column":3}},"line":527},"7":{"name":"(anonymous_7)","decl":{"start":{"line":668,"column":11},"end":{"line":668,"column":12}},"loc":{"start":{"line":668,"column":27},"end":{"line":670,"column":3}},"line":668}},"branchMap":{},"s":{"0":1,"1":0,"2":0,"3":0,"4":0,"5":0,"6":0,"7":0,"8":0,"9":0,"10":0,"11":0,"12":0},"f":{"0":0,"1":0,"2":0,"3":0,"4":0,"5":0,"6":0,"7":0},"b":{},"_coverageSchema":"1a1c01bbd47fc00a2c39e90264f33305004495a9","hash":"bd89c1d8798f2378e5451364e7798c359437ff7c","contentHash":"ab0bb8c9fb90dc7dc190018cb9ec58ac416c8863814bd3c2a29f1f7f571291af"},"/Users/tormod/tormodwork/mega-rpg/game/_CONSTS/hero-exp.js":{"path":"/Users/tormod/tormodwork/mega-rpg/game/_CONSTS/hero-exp.js","statementMap":{"0":{"start":{"line":2,"column":27},"end":{"line":41,"column":1}},"1":{"start":{"line":43,"column":32},"end":{"line":80,"column":1}},"2":{"start":{"line":84,"column":20},"end":{"line":126,"column":1}},"3":{"start":{"line":85,"column":1},"end":{"line":92,"column":2}},"4":{"start":{"line":86,"column":2},"end":{"line":86,"column":44}},"5":{"start":{"line":87,"column":2},"end":{"line":87,"column":9}},"6":{"start":{"line":89,"column":6},"end":{"line":92,"column":2}},"7":{"start":{"line":90,"column":2},"end":{"line":90,"column":52}},"8":{"start":{"line":91,"column":2},"end":{"line":91,"column":9}},"9":{"start":{"line":95,"column":15},"end":{"line":95,"column":20}},"10":{"start":{"line":96,"column":17},"end":{"line":96,"column":22}},"11":{"start":{"line":97,"column":46},"end":{"line":97,"column":55}},"12":{"start":{"line":98,"column":1},"end":{"line":105,"column":2}},"13":{"start":{"line":103,"column":2},"end":{"line":103,"column":42}},"14":{"start":{"line":104,"column":2},"end":{"line":104,"column":49}},"15":{"start":{"line":107,"column":21},"end":{"line":107,"column":64}},"16":{"start":{"line":110,"column":1},"end":{"line":123,"column":2}},"17":{"start":{"line":111,"column":2},"end":{"line":122,"column":3}},"18":{"start":{"line":112,"column":21},"end":{"line":112,"column":23}},"19":{"start":{"line":113,"column":3},"end":{"line":115,"column":4}},"20":{"start":{"line":114,"column":4},"end":{"line":114,"column":50}},"21":{"start":{"line":116,"column":3},"end":{"line":118,"column":5}},"22":{"start":{"line":121,"column":3},"end":{"line":121,"column":69}},"23":{"start":{"line":125,"column":1},"end":{"line":125,"column":57}},"24":{"start":{"line":130,"column":22},"end":{"line":170,"column":1}},"25":{"start":{"line":131,"column":1},"end":{"line":138,"column":2}},"26":{"start":{"line":132,"column":2},"end":{"line":132,"column":44}},"27":{"start":{"line":133,"column":2},"end":{"line":133,"column":9}},"28":{"start":{"line":135,"column":6},"end":{"line":138,"column":2}},"29":{"start":{"line":136,"column":2},"end":{"line":136,"column":52}},"30":{"start":{"line":137,"column":2},"end":{"line":137,"column":9}},"31":{"start":{"line":141,"column":17},"end":{"line":141,"column":22}},"32":{"start":{"line":142,"column":19},"end":{"line":142,"column":24}},"33":{"start":{"line":143,"column":31},"end":{"line":143,"column":40}},"34":{"start":{"line":144,"column":1},"end":{"line":149,"column":2}},"35":{"start":{"line":147,"column":2},"end":{"line":147,"column":40}},"36":{"start":{"line":148,"column":2},"end":{"line":148,"column":47}},"37":{"start":{"line":151,"column":21},"end":{"line":151,"column":70}},"38":{"start":{"line":154,"column":1},"end":{"line":167,"column":2}},"39":{"start":{"line":155,"column":2},"end":{"line":166,"column":3}},"40":{"start":{"line":156,"column":21},"end":{"line":156,"column":23}},"41":{"start":{"line":157,"column":3},"end":{"line":159,"column":4}},"42":{"start":{"line":158,"column":4},"end":{"line":158,"column":52}},"43":{"start":{"line":160,"column":3},"end":{"line":162,"column":5}},"44":{"start":{"line":165,"column":3},"end":{"line":165,"column":69}},"45":{"start":{"line":169,"column":1},"end":{"line":169,"column":61}},"46":{"start":{"line":173,"column":0},"end":{"line":173,"column":93}}},"fnMap":{"0":{"name":"(anonymous_0)","decl":{"start":{"line":84,"column":20},"end":{"line":84,"column":21}},"loc":{"start":{"line":84,"column":50},"end":{"line":126,"column":1}},"line":84},"1":{"name":"(anonymous_1)","decl":{"start":{"line":130,"column":22},"end":{"line":130,"column":23}},"loc":{"start":{"line":130,"column":52},"end":{"line":170,"column":1}},"line":130}},"branchMap":{"0":{"loc":{"start":{"line":85,"column":1},"end":{"line":92,"column":2}},"type":"if","locations":[{"start":{"line":85,"column":1},"end":{"line":92,"column":2}},{"start":{"line":85,"column":1},"end":{"line":92,"column":2}}],"line":85},"1":{"loc":{"start":{"line":85,"column":4},"end":{"line":85,"column":41}},"type":"binary-expr","locations":[{"start":{"line":85,"column":4},"end":{"line":85,"column":27}},{"start":{"line":85,"column":31},"end":{"line":85,"column":41}}],"line":85},"2":{"loc":{"start":{"line":89,"column":6},"end":{"line":92,"column":2}},"type":"if","locations":[{"start":{"line":89,"column":6},"end":{"line":92,"column":2}},{"start":{"line":89,"column":6},"end":{"line":92,"column":2}}],"line":89},"3":{"loc":{"start":{"line":98,"column":1},"end":{"line":105,"column":2}},"type":"if","locations":[{"start":{"line":98,"column":1},"end":{"line":105,"column":2}},{"start":{"line":98,"column":1},"end":{"line":105,"column":2}}],"line":98},"4":{"loc":{"start":{"line":99,"column":2},"end":{"line":101,"column":47}},"type":"binary-expr","locations":[{"start":{"line":99,"column":2},"end":{"line":99,"column":35}},{"start":{"line":100,"column":8},"end":{"line":100,"column":42}},{"start":{"line":101,"column":8},"end":{"line":101,"column":47}}],"line":99},"5":{"loc":{"start":{"line":110,"column":1},"end":{"line":123,"column":2}},"type":"if","locations":[{"start":{"line":110,"column":1},"end":{"line":123,"column":2}},{"start":{"line":110,"column":1},"end":{"line":123,"column":2}}],"line":110},"6":{"loc":{"start":{"line":125,"column":32},"end":{"line":125,"column":54}},"type":"cond-expr","locations":[{"start":{"line":125,"column":42},"end":{"line":125,"column":46}},{"start":{"line":125,"column":49},"end":{"line":125,"column":54}}],"line":125},"7":{"loc":{"start":{"line":131,"column":1},"end":{"line":138,"column":2}},"type":"if","locations":[{"start":{"line":131,"column":1},"end":{"line":138,"column":2}},{"start":{"line":131,"column":1},"end":{"line":138,"column":2}}],"line":131},"8":{"loc":{"start":{"line":131,"column":4},"end":{"line":131,"column":41}},"type":"binary-expr","locations":[{"start":{"line":131,"column":4},"end":{"line":131,"column":27}},{"start":{"line":131,"column":31},"end":{"line":131,"column":41}}],"line":131},"9":{"loc":{"start":{"line":135,"column":6},"end":{"line":138,"column":2}},"type":"if","locations":[{"start":{"line":135,"column":6},"end":{"line":138,"column":2}},{"start":{"line":135,"column":6},"end":{"line":138,"column":2}}],"line":135},"10":{"loc":{"start":{"line":144,"column":1},"end":{"line":149,"column":2}},"type":"if","locations":[{"start":{"line":144,"column":1},"end":{"line":149,"column":2}},{"start":{"line":144,"column":1},"end":{"line":149,"column":2}}],"line":144},"11":{"loc":{"start":{"line":145,"column":2},"end":{"line":145,"column":86}},"type":"cond-expr","locations":[{"start":{"line":145,"column":53},"end":{"line":145,"column":82}},{"start":{"line":145,"column":85},"end":{"line":145,"column":86}}],"line":145},"12":{"loc":{"start":{"line":154,"column":1},"end":{"line":167,"column":2}},"type":"if","locations":[{"start":{"line":154,"column":1},"end":{"line":167,"column":2}},{"start":{"line":154,"column":1},"end":{"line":167,"column":2}}],"line":154},"13":{"loc":{"start":{"line":169,"column":34},"end":{"line":169,"column":58}},"type":"cond-expr","locations":[{"start":{"line":169,"column":46},"end":{"line":169,"column":50}},{"start":{"line":169,"column":53},"end":{"line":169,"column":58}}],"line":169}},"s":{"0":1,"1":1,"2":1,"3":0,"4":0,"5":0,"6":0,"7":0,"8":0,"9":0,"10":0,"11":0,"12":0,"13":0,"14":0,"15":0,"16":0,"17":0,"18":0,"19":0,"20":0,"21":0,"22":0,"23":0,"24":1,"25":0,"26":0,"27":0,"28":0,"29":0,"30":0,"31":0,"32":0,"33":0,"34":0,"35":0,"36":0,"37":0,"38":0,"39":0,"40":0,"41":0,"42":0,"43":0,"44":0,"45":0,"46":1},"f":{"0":0,"1":0},"b":{"0":[0,0],"1":[0,0],"2":[0,0],"3":[0,0],"4":[0,0,0],"5":[0,0],"6":[0,0],"7":[0,0],"8":[0,0],"9":[0,0],"10":[0,0],"11":[0,0],"12":[0,0],"13":[0,0]},"_coverageSchema":"1a1c01bbd47fc00a2c39e90264f33305004495a9","hash":"1440be5ba1a8a757ce801d035f4a7562ed4b2412","contentHash":"03dcec428afa358e8e5477191560fe997f9f555945effb447170450dce1b91d7"},"/Users/tormod/tormodwork/mega-rpg/models/userValues/default.js":{"path":"/Users/tormod/tormodwork/mega-rpg/models/userValues/default.js","statementMap":{"0":{"start":{"line":1,"column":18},"end":{"line":46,"column":1}},"1":{"start":{"line":48,"column":19},"end":{"line":173,"column":1}},"2":{"start":{"line":175,"column":0},"end":{"line":175,"column":43}}},"fnMap":{},"branchMap":{},"s":{"0":1,"1":1,"2":1},"f":{},"b":{},"_coverageSchema":"1a1c01bbd47fc00a2c39e90264f33305004495a9","hash":"8d675c6b574a9b512dcb3ae9038a43bcb95b95d3","contentHash":"fc103256b60abba9ff88734ea5381b703ac2dfbb779b7ee1ec4e60fe54722a06"},"/Users/tormod/tormodwork/mega-rpg/models/userValues/resources.js":{"path":"/Users/tormod/tormodwork/mega-rpg/models/userValues/resources.js","statementMap":{"0":{"start":{"line":1,"column":18},"end":{"line":70,"column":1}},"1":{"start":{"line":72,"column":0},"end":{"line":72,"column":31}}},"fnMap":{},"branchMap":{},"s":{"0":1,"1":1},"f":{},"b":{},"_coverageSchema":"1a1c01bbd47fc00a2c39e90264f33305004495a9","hash":"c25e2673321d1af2393e13af5367e56c3fea8c28","contentHash":"30843712fe24dc7f54cfa00cebd15cda40b27a40a12be142a74993f6f7d84d67"},"/Users/tormod/tormodwork/mega-rpg/models/userValues/inventory.js":{"path":"/Users/tormod/tormodwork/mega-rpg/models/userValues/inventory.js","statementMap":{"0":{"start":{"line":1,"column":18},"end":{"line":34,"column":1}},"1":{"start":{"line":36,"column":0},"end":{"line":36,"column":31}}},"fnMap":{},"branchMap":{},"s":{"0":1,"1":1},"f":{},"b":{},"_coverageSchema":"1a1c01bbd47fc00a2c39e90264f33305004495a9","hash":"b443dfff019a75e705c32976c83e6dea836cedf6","contentHash":"ff7d6d698f239ca86634445be2dd349dc5cf34b84df6e9462dfd732a2fdc40e5"},"/Users/tormod/tormodwork/mega-rpg/game/_GLOBAL_HELPERS/index.js":{"path":"/Users/tormod/tormodwork/mega-rpg/game/_GLOBAL_HELPERS/index.js","statementMap":{"0":{"start":{"line":1,"column":13},"end":{"line":1,"column":41}},"1":{"start":{"line":5,"column":1},"end":{"line":7,"column":2}},"2":{"start":{"line":5,"column":18},"end":{"line":5,"column":19}},"3":{"start":{"line":6,"column":2},"end":{"line":6,"column":45}},"4":{"start":{"line":12,"column":25},"end":{"line":28,"column":1}},"5":{"start":{"line":15,"column":1},"end":{"line":17,"column":2}},"6":{"start":{"line":16,"column":2},"end":{"line":16,"column":18}},"7":{"start":{"line":19,"column":19},"end":{"line":19,"column":52}},"8":{"start":{"line":21,"column":1},"end":{"line":25,"column":2}},"9":{"start":{"line":22,"column":2},"end":{"line":22,"column":24}},"10":{"start":{"line":24,"column":2},"end":{"line":24,"column":43}},"11":{"start":{"line":27,"column":1},"end":{"line":27,"column":18}},"12":{"start":{"line":32,"column":24},"end":{"line":46,"column":1}},"13":{"start":{"line":33,"column":1},"end":{"line":36,"column":2}},"14":{"start":{"line":34,"column":2},"end":{"line":34,"column":67}},"15":{"start":{"line":35,"column":2},"end":{"line":35,"column":14}},"16":{"start":{"line":38,"column":21},"end":{"line":38,"column":82}},"17":{"start":{"line":39,"column":15},"end":{"line":39,"column":59}},"18":{"start":{"line":40,"column":19},"end":{"line":40,"column":39}},"19":{"start":{"line":42,"column":1},"end":{"line":45,"column":3}},"20":{"start":{"line":48,"column":31},"end":{"line":50,"column":1}},"21":{"start":{"line":49,"column":1},"end":{"line":49,"column":58}},"22":{"start":{"line":55,"column":21},"end":{"line":59,"column":1}},"23":{"start":{"line":56,"column":1},"end":{"line":58,"column":56}},"24":{"start":{"line":57,"column":17},"end":{"line":57,"column":36}},"25":{"start":{"line":58,"column":25},"end":{"line":58,"column":49}},"26":{"start":{"line":61,"column":22},"end":{"line":72,"column":1}},"27":{"start":{"line":62,"column":20},"end":{"line":62,"column":27}},"28":{"start":{"line":63,"column":1},"end":{"line":66,"column":2}},"29":{"start":{"line":64,"column":15},"end":{"line":64,"column":42}},"30":{"start":{"line":65,"column":2},"end":{"line":65,"column":24}},"31":{"start":{"line":67,"column":19},"end":{"line":67,"column":70}},"32":{"start":{"line":68,"column":1},"end":{"line":70,"column":4}},"33":{"start":{"line":69,"column":2},"end":{"line":69,"column":20}},"34":{"start":{"line":71,"column":1},"end":{"line":71,"column":27}},"35":{"start":{"line":75,"column":28},"end":{"line":88,"column":1}},"36":{"start":{"line":78,"column":34},"end":{"line":78,"column":51}},"37":{"start":{"line":79,"column":31},"end":{"line":79,"column":60}},"38":{"start":{"line":80,"column":28},"end":{"line":80,"column":31}},"39":{"start":{"line":81,"column":1},"end":{"line":81,"column":96}},"40":{"start":{"line":81,"column":51},"end":{"line":81,"column":96}},"41":{"start":{"line":82,"column":29},"end":{"line":82,"column":95}},"42":{"start":{"line":82,"column":67},"end":{"line":82,"column":91}},"43":{"start":{"line":83,"column":30},"end":{"line":83,"column":57}},"44":{"start":{"line":84,"column":29},"end":{"line":84,"column":56}},"45":{"start":{"line":85,"column":23},"end":{"line":85,"column":112}},"46":{"start":{"line":86,"column":32},"end":{"line":86,"column":83}},"47":{"start":{"line":87,"column":1},"end":{"line":87,"column":136}},"48":{"start":{"line":90,"column":26},"end":{"line":92,"column":1}},"49":{"start":{"line":91,"column":1},"end":{"line":91,"column":329}},"50":{"start":{"line":94,"column":22},"end":{"line":106,"column":1}},"51":{"start":{"line":95,"column":1},"end":{"line":98,"column":2}},"52":{"start":{"line":96,"column":2},"end":{"line":96,"column":35}},"53":{"start":{"line":97,"column":2},"end":{"line":97,"column":9}},"54":{"start":{"line":99,"column":17},"end":{"line":103,"column":2}},"55":{"start":{"line":104,"column":17},"end":{"line":104,"column":38}},"56":{"start":{"line":105,"column":1},"end":{"line":105,"column":23}},"57":{"start":{"line":109,"column":0},"end":{"line":109,"column":177}}},"fnMap":{"0":{"name":"asyncForEach","decl":{"start":{"line":4,"column":15},"end":{"line":4,"column":27}},"loc":{"start":{"line":4,"column":45},"end":{"line":8,"column":1}},"line":4},"1":{"name":"(anonymous_1)","decl":{"start":{"line":12,"column":25},"end":{"line":12,"column":26}},"loc":{"start":{"line":12,"column":39},"end":{"line":28,"column":1}},"line":12},"2":{"name":"(anonymous_2)","decl":{"start":{"line":32,"column":24},"end":{"line":32,"column":25}},"loc":{"start":{"line":32,"column":69},"end":{"line":46,"column":1}},"line":32},"3":{"name":"(anonymous_3)","decl":{"start":{"line":48,"column":31},"end":{"line":48,"column":32}},"loc":{"start":{"line":48,"column":45},"end":{"line":50,"column":1}},"line":48},"4":{"name":"(anonymous_4)","decl":{"start":{"line":55,"column":21},"end":{"line":55,"column":22}},"loc":{"start":{"line":55,"column":41},"end":{"line":59,"column":1}},"line":55},"5":{"name":"(anonymous_5)","decl":{"start":{"line":57,"column":10},"end":{"line":57,"column":11}},"loc":{"start":{"line":57,"column":17},"end":{"line":57,"column":36}},"line":57},"6":{"name":"(anonymous_6)","decl":{"start":{"line":58,"column":10},"end":{"line":58,"column":11}},"loc":{"start":{"line":58,"column":25},"end":{"line":58,"column":49}},"line":58},"7":{"name":"(anonymous_7)","decl":{"start":{"line":61,"column":22},"end":{"line":61,"column":23}},"loc":{"start":{"line":61,"column":28},"end":{"line":72,"column":1}},"line":61},"8":{"name":"(anonymous_8)","decl":{"start":{"line":68,"column":27},"end":{"line":68,"column":28}},"loc":{"start":{"line":68,"column":35},"end":{"line":70,"column":2}},"line":68},"9":{"name":"(anonymous_9)","decl":{"start":{"line":75,"column":28},"end":{"line":75,"column":29}},"loc":{"start":{"line":75,"column":62},"end":{"line":88,"column":1}},"line":75},"10":{"name":"(anonymous_10)","decl":{"start":{"line":82,"column":48},"end":{"line":82,"column":49}},"loc":{"start":{"line":82,"column":67},"end":{"line":82,"column":91}},"line":82},"11":{"name":"(anonymous_11)","decl":{"start":{"line":90,"column":26},"end":{"line":90,"column":27}},"loc":{"start":{"line":90,"column":36},"end":{"line":92,"column":1}},"line":90},"12":{"name":"(anonymous_12)","decl":{"start":{"line":94,"column":22},"end":{"line":94,"column":23}},"loc":{"start":{"line":94,"column":43},"end":{"line":106,"column":1}},"line":94}},"branchMap":{"0":{"loc":{"start":{"line":15,"column":1},"end":{"line":17,"column":2}},"type":"if","locations":[{"start":{"line":15,"column":1},"end":{"line":17,"column":2}},{"start":{"line":15,"column":1},"end":{"line":17,"column":2}}],"line":15},"1":{"loc":{"start":{"line":15,"column":5},"end":{"line":15,"column":54}},"type":"binary-expr","locations":[{"start":{"line":15,"column":5},"end":{"line":15,"column":33}},{"start":{"line":15,"column":37},"end":{"line":15,"column":54}}],"line":15},"2":{"loc":{"start":{"line":19,"column":19},"end":{"line":19,"column":52}},"type":"cond-expr","locations":[{"start":{"line":19,"column":45},"end":{"line":19,"column":47}},{"start":{"line":19,"column":50},"end":{"line":19,"column":52}}],"line":19},"3":{"loc":{"start":{"line":33,"column":1},"end":{"line":36,"column":2}},"type":"if","locations":[{"start":{"line":33,"column":1},"end":{"line":36,"column":2}},{"start":{"line":33,"column":1},"end":{"line":36,"column":2}}],"line":33},"4":{"loc":{"start":{"line":63,"column":1},"end":{"line":66,"column":2}},"type":"if","locations":[{"start":{"line":63,"column":1},"end":{"line":66,"column":2}},{"start":{"line":63,"column":1},"end":{"line":66,"column":2}}],"line":63},"5":{"loc":{"start":{"line":81,"column":1},"end":{"line":81,"column":96}},"type":"if","locations":[{"start":{"line":81,"column":1},"end":{"line":81,"column":96}},{"start":{"line":81,"column":1},"end":{"line":81,"column":96}}],"line":81},"6":{"loc":{"start":{"line":84,"column":29},"end":{"line":84,"column":56}},"type":"cond-expr","locations":[{"start":{"line":84,"column":43},"end":{"line":84,"column":44}},{"start":{"line":84,"column":47},"end":{"line":84,"column":56}}],"line":84},"7":{"loc":{"start":{"line":95,"column":1},"end":{"line":98,"column":2}},"type":"if","locations":[{"start":{"line":95,"column":1},"end":{"line":98,"column":2}},{"start":{"line":95,"column":1},"end":{"line":98,"column":2}}],"line":95}},"s":{"0":1,"1":1,"2":1,"3":1,"4":1,"5":79,"6":59,"7":20,"8":20,"9":75,"10":75,"11":20,"12":1,"13":0,"14":0,"15":0,"16":0,"17":0,"18":0,"19":0,"20":1,"21":6,"22":1,"23":0,"24":0,"25":0,"26":1,"27":2,"28":2,"29":0,"30":0,"31":2,"32":2,"33":6,"34":2,"35":1,"36":0,"37":0,"38":0,"39":0,"40":0,"41":0,"42":0,"43":0,"44":0,"45":0,"46":0,"47":0,"48":1,"49":0,"50":1,"51":0,"52":0,"53":0,"54":0,"55":0,"56":0,"57":1},"f":{"0":1,"1":79,"2":0,"3":6,"4":0,"5":0,"6":0,"7":2,"8":6,"9":0,"10":0,"11":0,"12":0},"b":{"0":[59,20],"1":[79,20],"2":[4,16],"3":[0,0],"4":[0,2],"5":[0,0],"6":[0,0],"7":[0,0]},"_coverageSchema":"1a1c01bbd47fc00a2c39e90264f33305004495a9","hash":"bad6a91c0ca4019ddef090290e83a358b0dd6283","contentHash":"ca90345f382bd0c7312be10abb93cd78e887643e34002435ef254ff35aff4f6b"},"/Users/tormod/tormodwork/mega-rpg/commands/buy.js":{"path":"/Users/tormod/tormodwork/mega-rpg/commands/buy.js","statementMap":{"0":{"start":{"line":1,"column":29},"end":{"line":1,"column":60}},"1":{"start":{"line":2,"column":34},"end":{"line":2,"column":60}},"2":{"start":{"line":4,"column":0},"end":{"line":33,"column":2}},"3":{"start":{"line":20,"column":25},"end":{"line":20,"column":44}},"4":{"start":{"line":21,"column":17},"end":{"line":21,"column":109}},"5":{"start":{"line":23,"column":18},"end":{"line":23,"column":62}},"6":{"start":{"line":23,"column":32},"end":{"line":23,"column":61}},"7":{"start":{"line":24,"column":2},"end":{"line":27,"column":3}},"8":{"start":{"line":25,"column":27},"end":{"line":25,"column":68}},"9":{"start":{"line":26,"column":3},"end":{"line":26,"column":48}},"10":{"start":{"line":29,"column":19},"end":{"line":29,"column":61}},"11":{"start":{"line":31,"column":2},"end":{"line":31,"column":73}}},"fnMap":{"0":{"name":"(anonymous_0)","decl":{"start":{"line":19,"column":1},"end":{"line":19,"column":2}},"loc":{"start":{"line":19,"column":36},"end":{"line":32,"column":2}},"line":19},"1":{"name":"(anonymous_1)","decl":{"start":{"line":23,"column":28},"end":{"line":23,"column":29}},"loc":{"start":{"line":23,"column":32},"end":{"line":23,"column":61}},"line":23}},"branchMap":{"0":{"loc":{"start":{"line":21,"column":17},"end":{"line":21,"column":109}},"type":"cond-expr","locations":[{"start":{"line":21,"column":68},"end":{"line":21,"column":105}},{"start":{"line":21,"column":108},"end":{"line":21,"column":109}}],"line":21},"1":{"loc":{"start":{"line":21,"column":17},"end":{"line":21,"column":65}},"type":"binary-expr","locations":[{"start":{"line":21,"column":17},"end":{"line":21,"column":38}},{"start":{"line":21,"column":42},"end":{"line":21,"column":65}}],"line":21},"2":{"loc":{"start":{"line":24,"column":2},"end":{"line":27,"column":3}},"type":"if","locations":[{"start":{"line":24,"column":2},"end":{"line":27,"column":3}},{"start":{"line":24,"column":2},"end":{"line":27,"column":3}}],"line":24}},"s":{"0":1,"1":1,"2":1,"3":0,"4":0,"5":0,"6":0,"7":0,"8":0,"9":0,"10":0,"11":0},"f":{"0":0,"1":0},"b":{"0":[0,0],"1":[0,0],"2":[0,0]},"_coverageSchema":"1a1c01bbd47fc00a2c39e90264f33305004495a9","hash":"1bdde6770f0e4f08e0421ec6cdf475a9c469c475","contentHash":"ddbb68f61e01681bb82c2cd42a23b5b83f041a7cd03a0ea680b747b235e7b223"},"/Users/tormod/tormodwork/mega-rpg/game/buy/buy-item.js":{"path":"/Users/tormod/tormodwork/mega-rpg/game/buy/buy-item.js","statementMap":{"0":{"start":{"line":1,"column":19},"end":{"line":1,"column":55}},"1":{"start":{"line":2,"column":20},"end":{"line":2,"column":47}},"2":{"start":{"line":5,"column":25},"end":{"line":19,"column":1}},"3":{"start":{"line":6,"column":1},"end":{"line":9,"column":2}},"4":{"start":{"line":7,"column":18},"end":{"line":7,"column":35}},"5":{"start":{"line":8,"column":2},"end":{"line":8,"column":17}},"6":{"start":{"line":11,"column":19},"end":{"line":13,"column":75}},"7":{"start":{"line":12,"column":15},"end":{"line":12,"column":48}},"8":{"start":{"line":13,"column":12},"end":{"line":13,"column":64}},"9":{"start":{"line":14,"column":14},"end":{"line":14,"column":35}},"10":{"start":{"line":16,"column":17},"end":{"line":16,"column":50}},"11":{"start":{"line":18,"column":1},"end":{"line":18,"column":16}},"12":{"start":{"line":22,"column":20},"end":{"line":37,"column":1}},"13":{"start":{"line":23,"column":15},"end":{"line":23,"column":78}},"14":{"start":{"line":24,"column":15},"end":{"line":24,"column":19}},"15":{"start":{"line":26,"column":1},"end":{"line":32,"column":4}},"16":{"start":{"line":27,"column":30},"end":{"line":27,"column":46}},"17":{"start":{"line":28,"column":2},"end":{"line":31,"column":3}},"18":{"start":{"line":28,"column":27},"end":{"line":28,"column":66}},"19":{"start":{"line":29,"column":3},"end":{"line":29,"column":69}},"20":{"start":{"line":30,"column":3},"end":{"line":30,"column":19}},"21":{"start":{"line":34,"column":1},"end":{"line":34,"column":89}},"22":{"start":{"line":34,"column":13},"end":{"line":34,"column":89}},"23":{"start":{"line":36,"column":1},"end":{"line":36,"column":16}},"24":{"start":{"line":40,"column":16},"end":{"line":49,"column":1}},"25":{"start":{"line":41,"column":21},"end":{"line":41,"column":61}},"26":{"start":{"line":42,"column":1},"end":{"line":42,"column":54}},"27":{"start":{"line":42,"column":27},"end":{"line":42,"column":54}},"28":{"start":{"line":44,"column":1},"end":{"line":44,"column":28}},"29":{"start":{"line":46,"column":1},"end":{"line":46,"column":19}},"30":{"start":{"line":48,"column":1},"end":{"line":48,"column":45}},"31":{"start":{"line":51,"column":29},"end":{"line":71,"column":1}},"32":{"start":{"line":52,"column":1},"end":{"line":52,"column":81}},"33":{"start":{"line":52,"column":11},"end":{"line":52,"column":81}},"34":{"start":{"line":53,"column":38},"end":{"line":53,"column":42}},"35":{"start":{"line":54,"column":29},"end":{"line":54,"column":40}},"36":{"start":{"line":55,"column":31},"end":{"line":55,"column":35}},"37":{"start":{"line":58,"column":1},"end":{"line":63,"column":2}},"38":{"start":{"line":59,"column":2},"end":{"line":62,"column":4}},"39":{"start":{"line":66,"column":1},"end":{"line":68,"column":2}},"40":{"start":{"line":66,"column":22},"end":{"line":66,"column":61}},"41":{"start":{"line":67,"column":2},"end":{"line":67,"column":85}},"42":{"start":{"line":70,"column":1},"end":{"line":70,"column":27}},"43":{"start":{"line":73,"column":0},"end":{"line":73,"column":51}}},"fnMap":{"0":{"name":"(anonymous_0)","decl":{"start":{"line":5,"column":25},"end":{"line":5,"column":26}},"loc":{"start":{"line":5,"column":54},"end":{"line":19,"column":1}},"line":5},"1":{"name":"(anonymous_1)","decl":{"start":{"line":12,"column":10},"end":{"line":12,"column":11}},"loc":{"start":{"line":12,"column":15},"end":{"line":12,"column":48}},"line":12},"2":{"name":"(anonymous_2)","decl":{"start":{"line":13,"column":7},"end":{"line":13,"column":8}},"loc":{"start":{"line":13,"column":12},"end":{"line":13,"column":64}},"line":13},"3":{"name":"(anonymous_3)","decl":{"start":{"line":22,"column":20},"end":{"line":22,"column":21}},"loc":{"start":{"line":22,"column":29},"end":{"line":37,"column":1}},"line":22},"4":{"name":"(anonymous_4)","decl":{"start":{"line":26,"column":35},"end":{"line":26,"column":36}},"loc":{"start":{"line":26,"column":42},"end":{"line":32,"column":2}},"line":26},"5":{"name":"(anonymous_5)","decl":{"start":{"line":28,"column":22},"end":{"line":28,"column":23}},"loc":{"start":{"line":28,"column":27},"end":{"line":28,"column":66}},"line":28},"6":{"name":"(anonymous_6)","decl":{"start":{"line":40,"column":16},"end":{"line":40,"column":17}},"loc":{"start":{"line":40,"column":45},"end":{"line":49,"column":1}},"line":40},"7":{"name":"(anonymous_7)","decl":{"start":{"line":51,"column":29},"end":{"line":51,"column":30}},"loc":{"start":{"line":51,"column":53},"end":{"line":71,"column":1}},"line":51},"8":{"name":"(anonymous_8)","decl":{"start":{"line":66,"column":17},"end":{"line":66,"column":18}},"loc":{"start":{"line":66,"column":22},"end":{"line":66,"column":61}},"line":66}},"branchMap":{"0":{"loc":{"start":{"line":6,"column":1},"end":{"line":9,"column":2}},"type":"if","locations":[{"start":{"line":6,"column":1},"end":{"line":9,"column":2}},{"start":{"line":6,"column":1},"end":{"line":9,"column":2}}],"line":6},"1":{"loc":{"start":{"line":12,"column":15},"end":{"line":12,"column":48}},"type":"binary-expr","locations":[{"start":{"line":12,"column":15},"end":{"line":12,"column":36}},{"start":{"line":12,"column":40},"end":{"line":12,"column":48}}],"line":12},"2":{"loc":{"start":{"line":28,"column":2},"end":{"line":31,"column":3}},"type":"if","locations":[{"start":{"line":28,"column":2},"end":{"line":31,"column":3}},{"start":{"line":28,"column":2},"end":{"line":31,"column":3}}],"line":28},"3":{"loc":{"start":{"line":28,"column":27},"end":{"line":28,"column":66}},"type":"binary-expr","locations":[{"start":{"line":28,"column":27},"end":{"line":28,"column":46}},{"start":{"line":28,"column":50},"end":{"line":28,"column":66}}],"line":28},"4":{"loc":{"start":{"line":34,"column":1},"end":{"line":34,"column":89}},"type":"if","locations":[{"start":{"line":34,"column":1},"end":{"line":34,"column":89}},{"start":{"line":34,"column":1},"end":{"line":34,"column":89}}],"line":34},"5":{"loc":{"start":{"line":42,"column":1},"end":{"line":42,"column":54}},"type":"if","locations":[{"start":{"line":42,"column":1},"end":{"line":42,"column":54}},{"start":{"line":42,"column":1},"end":{"line":42,"column":54}}],"line":42},"6":{"loc":{"start":{"line":52,"column":1},"end":{"line":52,"column":81}},"type":"if","locations":[{"start":{"line":52,"column":1},"end":{"line":52,"column":81}},{"start":{"line":52,"column":1},"end":{"line":52,"column":81}}],"line":52},"7":{"loc":{"start":{"line":58,"column":1},"end":{"line":63,"column":2}},"type":"if","locations":[{"start":{"line":58,"column":1},"end":{"line":63,"column":2}},{"start":{"line":58,"column":1},"end":{"line":63,"column":2}}],"line":58},"8":{"loc":{"start":{"line":66,"column":1},"end":{"line":68,"column":2}},"type":"if","locations":[{"start":{"line":66,"column":1},"end":{"line":68,"column":2}},{"start":{"line":66,"column":1},"end":{"line":68,"column":2}}],"line":66},"9":{"loc":{"start":{"line":66,"column":22},"end":{"line":66,"column":61}},"type":"binary-expr","locations":[{"start":{"line":66,"column":22},"end":{"line":66,"column":41}},{"start":{"line":66,"column":45},"end":{"line":66,"column":61}}],"line":66}},"s":{"0":1,"1":1,"2":1,"3":0,"4":0,"5":0,"6":0,"7":0,"8":0,"9":0,"10":0,"11":0,"12":1,"13":0,"14":0,"15":0,"16":0,"17":0,"18":0,"19":0,"20":0,"21":0,"22":0,"23":0,"24":1,"25":0,"26":0,"27":0,"28":0,"29":0,"30":0,"31":1,"32":0,"33":0,"34":0,"35":0,"36":0,"37":0,"38":0,"39":0,"40":0,"41":0,"42":0,"43":1},"f":{"0":0,"1":0,"2":0,"3":0,"4":0,"5":0,"6":0,"7":0,"8":0},"b":{"0":[0,0],"1":[0,0],"2":[0,0],"3":[0,0],"4":[0,0],"5":[0,0],"6":[0,0
[...]
e":57,"column":2}},"type":"if","locations":[{"start":{"line":22,"column":6},"end":{"line":57,"column":2}},{"start":{"line":22,"column":6},"end":{"line":57,"column":2}}],"line":22},"2":{"loc":{"start":{"line":22,"column":9},"end":{"line":22,"column":35}},"type":"binary-expr","locations":[{"start":{"line":22,"column":9},"end":{"line":22,"column":20}},{"start":{"line":22,"column":24},"end":{"line":22,"column":35}}],"line":22},"3":{"loc":{"start":{"line":25,"column":6},"end":{"line":57,"column":2}},"type":"if","locations":[{"start":{"line":25,"column":6},"end":{"line":57,"column":2}},{"start":{"line":25,"column":6},"end":{"line":57,"column":2}}],"line":25},"4":{"loc":{"start":{"line":25,"column":9},"end":{"line":25,"column":35}},"type":"binary-expr","locations":[{"start":{"line":25,"column":9},"end":{"line":25,"column":20}},{"start":{"line":25,"column":24},"end":{"line":25,"column":35}}],"line":25},"5":{"loc":{"start":{"line":28,"column":6},"end":{"line":57,"column":2}},"type":"if","locations":[{"start":{"line":28,"column":6},"end":{"line":57,"column":2}},{"start":{"line":28,"column":6},"end":{"line":57,"column":2}}],"line":28},"6":{"loc":{"start":{"line":28,"column":9},"end":{"line":28,"column":35}},"type":"binary-expr","locations":[{"start":{"line":28,"column":9},"end":{"line":28,"column":20}},{"start":{"line":28,"column":24},"end":{"line":28,"column":35}}],"line":28},"7":{"loc":{"start":{"line":31,"column":6},"end":{"line":57,"column":2}},"type":"if","locations":[{"start":{"line":31,"column":6},"end":{"line":57,"column":2}},{"start":{"line":31,"column":6},"end":{"line":57,"column":2}}],"line":31},"8":{"loc":{"start":{"line":31,"column":9},"end":{"line":31,"column":35}},"type":"binary-expr","locations":[{"start":{"line":31,"column":9},"end":{"line":31,"column":20}},{"start":{"line":31,"column":24},"end":{"line":31,"column":35}}],"line":31},"9":{"loc":{"start":{"line":34,"column":6},"end":{"line":57,"column":2}},"type":"if","locations":[{"start":{"line":34,"column":6},"end":{"line":57,"column":2}},{"start":{"line":34,"column":6},"end":{"line":57,"column":2}}],"line":34},"10":{"loc":{"start":{"line":34,"column":9},"end":{"line":34,"column":35}},"type":"binary-expr","locations":[{"start":{"line":34,"column":9},"end":{"line":34,"column":20}},{"start":{"line":34,"column":24},"end":{"line":34,"column":35}}],"line":34},"11":{"loc":{"start":{"line":37,"column":6},"end":{"line":57,"column":2}},"type":"if","locations":[{"start":{"line":37,"column":6},"end":{"line":57,"column":2}},{"start":{"line":37,"column":6},"end":{"line":57,"column":2}}],"line":37},"12":{"loc":{"start":{"line":37,"column":9},"end":{"line":37,"column":35}},"type":"binary-expr","locations":[{"start":{"line":37,"column":9},"end":{"line":37,"column":20}},{"start":{"line":37,"column":24},"end":{"line":37,"column":35}}],"line":37},"13":{"loc":{"start":{"line":40,"column":6},"end":{"line":57,"column":2}},"type":"if","locations":[{"start":{"line":40,"column":6},"end":{"line":57,"column":2}},{"start":{"line":40,"column":6},"end":{"line":57,"column":2}}],"line":40},"14":{"loc":{"start":{"line":40,"column":9},"end":{"line":40,"column":35}},"type":"binary-expr","locations":[{"start":{"line":40,"column":9},"end":{"line":40,"column":20}},{"start":{"line":40,"column":24},"end":{"line":40,"column":35}}],"line":40},"15":{"loc":{"start":{"line":43,"column":6},"end":{"line":57,"column":2}},"type":"if","locations":[{"start":{"line":43,"column":6},"end":{"line":57,"column":2}},{"start":{"line":43,"column":6},"end":{"line":57,"column":2}}],"line":43},"16":{"loc":{"start":{"line":43,"column":9},"end":{"line":43,"column":35}},"type":"binary-expr","locations":[{"start":{"line":43,"column":9},"end":{"line":43,"column":20}},{"start":{"line":43,"column":24},"end":{"line":43,"column":35}}],"line":43},"17":{"loc":{"start":{"line":46,"column":6},"end":{"line":57,"column":2}},"type":"if","locations":[{"start":{"line":46,"column":6},"end":{"line":57,"column":2}},{"start":{"line":46,"column":6},"end":{"line":57,"column":2}}],"line":46},"18":{"loc":{"start":{"line":46,"column":9},"end":{"line":46,"column":36}},"type":"binary-expr","locations":[{"start":{"line":46,"column":9},"end":{"line":46,"column":20}},{"start":{"line":46,"column":24},"end":{"line":46,"column":36}}],"line":46},"19":{"loc":{"start":{"line":53,"column":2},"end":{"line":53,"column":44}},"type":"if","locations":[{"start":{"line":53,"column":2},"end":{"line":53,"column":44}},{"start":{"line":53,"column":2},"end":{"line":53,"column":44}}],"line":53},"20":{"loc":{"start":{"line":61,"column":1},"end":{"line":61,"column":55}},"type":"if","locations":[{"start":{"line":61,"column":1},"end":{"line":61,"column":55}},{"start":{"line":61,"column":1},"end":{"line":61,"column":55}}],"line":61},"21":{"loc":{"start":{"line":61,"column":4},"end":{"line":61,"column":35}},"type":"binary-expr","locations":[{"start":{"line":61,"column":4},"end":{"line":61,"column":20}},{"start":{"line":61,"column":24},"end":{"line":61,"column":35}}],"line":61}},"s":{"0":1,"1":1,"2":1,"3":1,"4":1,"5":1,"6":1,"7":1,"8":1,"9":1,"10":1,"11":0,"12":0,"13":0,"14":0,"15":0,"16":0,"17":0,"18":0,"19":0,"20":0,"21":0,"22":0,"23":0,"24":0,"25":0,"26":0,"27":0,"28":0,"29":0,"30":0,"31":0,"32":0,"33":0,"34":0,"35":0,"36":1,"37":0,"38":0,"39":0,"40":0,"41":1},"f":{"0":0,"1":0},"b":{"0":[0,0],"1":[0,0],"2":[0,0],"3":[0,0],"4":[0,0],"5":[0,0],"6":[0,0],"7":[0,0],"8":[0,0],"9":[0,0],"10":[0,0],"11":[0,0],"12":[0,0],"13":[0,0],"14":[0,0],"15":[0,0],"16":[0,0],"17":[0,0],"18":[0,0],"19":[0,0],"20":[0,0],"21":[0,0]},"_coverageSchema":"1a1c01bbd47fc00a2c39e90264f33305004495a9","hash":"0f8feb402f07677faeb9262ba4edab96b641ade5","contentHash":"7a656c73a5b647c78e2fadd41614fecd461e86614b2fccdb19a6bc1e7e823401"},"/Users/tormod/tormodwork/mega-rpg/game/tower/army-tower/army-tower-enemies/level-10.js":{"path":"/Users/tormod/tormodwork/mega-rpg/game/tower/army-tower/army-tower-enemies/level-10.js","statementMap":{"0":{"start":{"line":1,"column":17},"end":{"line":81,"column":1}},"1":{"start":{"line":83,"column":0},"end":{"line":83,"column":26}}},"fnMap":{},"branchMap":{},"s":{"0":1,"1":1},"f":{},"b":{},"_coverageSchema":"1a1c01bbd47fc00a2c39e90264f33305004495a9","hash":"bc31ec7047cb09723a5ca64a0c0c076b77d9101b","contentHash":"6429dfc5374257be312423451d4d33c1376b41d852e3efba93bc2cba693f188c"},"/Users/tormod/tormodwork/mega-rpg/game/tower/army-tower/army-tower-enemies/level-20.js":{"path":"/Users/tormod/tormodwork/mega-rpg/game/tower/army-tower/army-tower-enemies/level-20.js","statementMap":{"0":{"start":{"line":1,"column":20},"end":{"line":81,"column":1}},"1":{"start":{"line":83,"column":0},"end":{"line":83,"column":29}}},"fnMap":{},"branchMap":{},"s":{"0":1,"1":1},"f":{},"b":{},"_coverageSchema":"1a1c01bbd47fc00a2c39e90264f33305004495a9","hash":"091e6f38151e52639aae127d89db5dcf69572c71","contentHash":"894b36892ecf91fe42112510f90c3c543fb0ed889ea37b2b749b61faae14ef00"},"/Users/tormod/tormodwork/mega-rpg/game/tower/army-tower/army-tower-enemies/level-30.js":{"path":"/Users/tormod/tormodwork/mega-rpg/game/tower/army-tower/army-tower-enemies/level-30.js","statementMap":{"0":{"start":{"line":1,"column":20},"end":{"line":81,"column":1}},"1":{"start":{"line":83,"column":0},"end":{"line":83,"column":29}}},"fnMap":{},"branchMap":{},"s":{"0":1,"1":1},"f":{},"b":{},"_coverageSchema":"1a1c01bbd47fc00a2c39e90264f33305004495a9","hash":"1ca1c1d34fa5014cb551f1c1bb3d0e4633d689d0","contentHash":"a965d0fa936ce9022b5b834c43e59f194614e4006c19028687a5844db38e3dbd"},"/Users/tormod/tormodwork/mega-rpg/game/tower/army-tower/army-tower-enemies/level-40.js":{"path":"/Users/tormod/tormodwork/mega-rpg/game/tower/army-tower/army-tower-enemies/level-40.js","statementMap":{"0":{"start":{"line":1,"column":19},"end":{"line":81,"column":1}},"1":{"start":{"line":83,"column":0},"end":{"line":83,"column":28}}},"fnMap":{},"branchMap":{},"s":{"0":1,"1":1},"f":{},"b":{},"_coverageSchema":"1a1c01bbd47fc00a2c39e90264f33305004495a9","hash":"0077c553a2ea9fc21ad5f1d8b0de7884e6543336","contentHash":"c11d69c4e11c01d5bb6556eb8327f67595274a847123dea0d6ae7bf48a548fac"},"/Users/tormod/tormodwork/mega-rpg/game/tower/army-tower/army-tower-enemies/level-50.js":{"path":"/Users/tormod/tormodwork/mega-rpg/game/tower/army-tower/army-tower-enemies/level-50.js","statementMap":{"0":{"start":{"line":1,"column":19},"end":{"line":81,"column":1}},"1":{"start":{"line":83,"column":0},"end":{"line":83,"column":28}}},"fnMap":{},"branchMap":{},"s":{"0":1,"1":1},"f":{},"b":{},"_coverageSchema":"1a1c01bbd47fc00a2c39e90264f33305004495a9","hash":"16eb6cbcb040c408e1d5262e901fef9e60ecb8ce","contentHash":"c4d31ab736dd52500a0dafb1d57e027b600e06a515b6c2368c2a8c684905fdea"},"/Users/tormod/tormodwork/mega-rpg/game/tower/army-tower/army-tower-enemies/level-60.js":{"path":"/Users/tormod/tormodwork/mega-rpg/game/tower/army-tower/army-tower-enemies/level-60.js","statementMap":{"0":{"start":{"line":1,"column":19},"end":{"line":81,"column":1}},"1":{"start":{"line":83,"column":0},"end":{"line":83,"column":28}}},"fnMap":{},"branchMap":{},"s":{"0":1,"1":1},"f":{},"b":{},"_coverageSchema":"1a1c01bbd47fc00a2c39e90264f33305004495a9","hash":"6ecd6bbebf77ecdc6d5134817de1d11cf4a0482c","contentHash":"6320a08621b8f70aa8ab2e1369872abab3fd16b92900cb9f1ab8f5b42b434f00"},"/Users/tormod/tormodwork/mega-rpg/game/tower/army-tower/army-tower-enemies/level-70.js":{"path":"/Users/tormod/tormodwork/mega-rpg/game/tower/army-tower/army-tower-enemies/level-70.js","statementMap":{"0":{"start":{"line":1,"column":21},"end":{"line":81,"column":1}},"1":{"start":{"line":83,"column":0},"end":{"line":83,"column":30}}},"fnMap":{},"branchMap":{},"s":{"0":1,"1":1},"f":{},"b":{},"_coverageSchema":"1a1c01bbd47fc00a2c39e90264f33305004495a9","hash":"2b1aa0d6f08c30f4ae772e2f78b18517bb88c0b9","contentHash":"b60bde232ef2c433f5915ac0dad7b7a9525acb399800a4c3868cbf36d3493ff8"},"/Users/tormod/tormodwork/mega-rpg/game/tower/army-tower/army-tower-enemies/level-80.js":{"path":"/Users/tormod/tormodwork/mega-rpg/game/tower/army-tower/army-tower-enemies/level-80.js","statementMap":{"0":{"start":{"line":1,"column":21},"end":{"line":81,"column":1}},"1":{"start":{"line":83,"column":0},"end":{"line":83,"column":30}}},"fnMap":{},"branchMap":{},"s":{"0":1,"1":1},"f":{},"b":{},"_coverageSchema":"1a1c01bbd47fc00a2c39e90264f33305004495a9","hash":"a2214247e96899715dc6ab7c2e4c35d83eb03f9e","contentHash":"d22bf13c8048db8c6aa0ada2cf82eb6e8e66978cc7f99d1d345de105b0939413"},"/Users/tormod/tormodwork/mega-rpg/game/tower/army-tower/army-tower-enemies/level-90.js":{"path":"/Users/tormod/tormodwork/mega-rpg/game/tower/army-tower/army-tower-enemies/level-90.js","statementMap":{"0":{"start":{"line":1,"column":20},"end":{"line":81,"column":1}},"1":{"start":{"line":83,"column":0},"end":{"line":83,"column":29}}},"fnMap":{},"branchMap":{},"s":{"0":1,"1":1},"f":{},"b":{},"_coverageSchema":"1a1c01bbd47fc00a2c39e90264f33305004495a9","hash":"c0a43984d42d36ffff6fad26af23190313abfae3","contentHash":"3cc8224aa8fc431fc0792b1c402bbc857a6b4c8baf243d3caccaf3257d025085"},"/Users/tormod/tormodwork/mega-rpg/game/tower/army-tower/army-tower-enemies/level-100.js":{"path":"/Users/tormod/tormodwork/mega-rpg/game/tower/army-tower/army-tower-enemies/level-100.js","statementMap":{"0":{"start":{"line":1,"column":21},"end":{"line":81,"column":1}},"1":{"start":{"line":83,"column":0},"end":{"line":83,"column":30}}},"fnMap":{},"branchMap":{},"s":{"0":1,"1":1},"f":{},"b":{},"_coverageSchema":"1a1c01bbd47fc00a2c39e90264f33305004495a9","hash":"72d079bfc12fd9c7d5619c0a320949d5aeeaaa47","contentHash":"b0fb7726abbdb60087dd59c96df962e77fff94eeed3c243cc1fc7f95eff23014"},"/Users/tormod/tormodwork/mega-rpg/game/tower/embeds/tower-results-embed.js":{"path":"/Users/tormod/tormodwork/mega-rpg/game/tower/embeds/tower-results-embed.js","statementMap":{"0":{"start":{"line":1,"column":16},"end":{"line":1,"column":37}},"1":{"start":{"line":2,"column":20},"end":{"line":2,"column":50}},"2":{"start":{"line":5,"column":23},"end":{"line":52,"column":1}},"3":{"start":{"line":6,"column":77},"end":{"line":6,"column":84}},"4":{"start":{"line":7,"column":18},"end":{"line":7,"column":179}},"5":{"start":{"line":7,"column":39},"end":{"line":7,"column":60}},"6":{"start":{"line":8,"column":19},"end":{"line":8,"column":28}},"7":{"start":{"line":10,"column":28},"end":{"line":20,"column":3}},"8":{"start":{"line":11,"column":65},"end":{"line":11,"column":67}},"9":{"start":{"line":13,"column":16},"end":{"line":17,"column":3}},"10":{"start":{"line":19,"column":2},"end":{"line":19,"column":15}},"11":{"start":{"line":22,"column":19},"end":{"line":22,"column":129}},"12":{"start":{"line":23,"column":20},"end":{"line":23,"column":199}},"13":{"start":{"line":23,"column":168},"end":{"line":23,"column":193}},"14":{"start":{"line":25,"column":17},"end":{"line":25,"column":37}},"15":{"start":{"line":26,"column":18},"end":{"line":26,"column":39}},"16":{"start":{"line":27,"column":22},"end":{"line":30,"column":3}},"17":{"start":{"line":32,"column":1},"end":{"line":36,"column":2}},"18":{"start":{"line":33,"column":2},"end":{"line":35,"column":5}},"19":{"start":{"line":34,"column":3},"end":{"line":34,"column":94}},"20":{"start":{"line":38,"column":1},"end":{"line":41,"column":4}},"21":{"start":{"line":40,"column":27},"end":{"line":40,"column":168}},"22":{"start":{"line":40,"column":83},"end":{"line":40,"column":116}},"23":{"start":{"line":40,"column":139},"end":{"line":40,"column":158}},"24":{"start":{"line":43,"column":24},"end":{"line":49,"column":3}},"25":{"start":{"line":51,"column":1},"end":{"line":51,"column":27}},"26":{"start":{"line":54,"column":0},"end":{"line":54,"column":32}}},"fnMap":{"0":{"name":"(anonymous_0)","decl":{"start":{"line":5,"column":23},"end":{"line":5,"column":24}},"loc":{"start":{"line":5,"column":36},"end":{"line":52,"column":1}},"line":5},"1":{"name":"(anonymous_1)","decl":{"start":{"line":7,"column":31},"end":{"line":7,"column":32}},"loc":{"start":{"line":7,"column":39},"end":{"line":7,"column":60}},"line":7},"2":{"name":"(anonymous_2)","decl":{"start":{"line":10,"column":46},"end":{"line":10,"column":47}},"loc":{"start":{"line":10,"column":61},"end":{"line":20,"column":2}},"line":10},"3":{"name":"(anonymous_3)","decl":{"start":{"line":23,"column":154},"end":{"line":23,"column":155}},"loc":{"start":{"line":23,"column":168},"end":{"line":23,"column":193}},"line":23},"4":{"name":"(anonymous_4)","decl":{"start":{"line":33,"column":16},"end":{"line":33,"column":17}},"loc":{"start":{"line":33,"column":24},"end":{"line":35,"column":3}},"line":33},"5":{"name":"(anonymous_5)","decl":{"start":{"line":40,"column":19},"end":{"line":40,"column":20}},"loc":{"start":{"line":40,"column":27},"end":{"line":40,"column":168}},"line":40},"6":{"name":"(anonymous_6)","decl":{"start":{"line":40,"column":77},"end":{"line":40,"column":78}},"loc":{"start":{"line":40,"column":83},"end":{"line":40,"column":116}},"line":40},"7":{"name":"(anonymous_7)","decl":{"start":{"line":40,"column":125},"end":{"line":40,"column":126}},"loc":{"start":{"line":40,"column":139},"end":{"line":40,"column":158}},"line":40}},"branchMap":{"0":{"loc":{"start":{"line":16,"column":31},"end":{"line":16,"column":51}},"type":"cond-expr","locations":[{"start":{"line":16,"column":37},"end":{"line":16,"column":42}},{"start":{"line":16,"column":45},"end":{"line":16,"column":51}}],"line":16},"1":{"loc":{"start":{"line":28,"column":11},"end":{"line":28,"column":35}},"type":"cond-expr","locations":[{"start":{"line":28,"column":17},"end":{"line":28,"column":24}},{"start":{"line":28,"column":27},"end":{"line":28,"column":35}}],"line":28},"2":{"loc":{"start":{"line":28,"column":45},"end":{"line":28,"column":69}},"type":"cond-expr","locations":[{"start":{"line":28,"column":51},"end":{"line":28,"column":58}},{"start":{"line":28,"column":61},"end":{"line":28,"column":69}}],"line":28},"3":{"loc":{"start":{"line":29,"column":9},"end":{"line":29,"column":37}},"type":"cond-expr","locations":[{"start":{"line":29,"column":15},"end":{"line":29,"column":24}},{"start":{"line":29,"column":27},"end":{"line":29,"column":37}}],"line":29},"4":{"loc":{"start":{"line":32,"column":1},"end":{"line":36,"column":2}},"type":"if","locations":[{"start":{"line":32,"column":1},"end":{"line":36,"column":2}},{"start":{"line":32,"column":1},"end":{"line":36,"column":2}}],"line":32}},"s":{"0":1,"1":1,"2":1,"3":0,"4":0,"5":0,"6":0,"7":0,"8":0,"9":0,"10":0,"11":0,"12":0,"13":0,"14":0,"15":0,"16":0,"17":0,"18":0,"19":0,"20":0,"21":0,"22":0,"23":0,"24":0,"25":0,"26":1},"f":{"0":0,"1":0,"2":0,"3":0,"4":0,"5":0,"6":0,"7":0},"b":{"0":[0,0],"1":[0,0],"2":[0,0],"3":[0,0],"4":[0,0]},"_coverageSchema":"1a1c01bbd47fc00a2c39e90264f33305004495a9","hash":"fa4183f2e599186278d600c97f9bc705381513dc","contentHash":"ec02e1c11e1b03f8a8069409d52d0b3295f866fd90d481d826b5d0bdc97d8885"},"/Users/tormod/tormodwork/mega-rpg/game/tower/embeds/tower-info-embed.js":{"path":"/Users/tormod/tormodwork/mega-rpg/game/tower/embeds/tower-info-embed.js","statementMap":{"0":{"start":{"line":1,"column":16},"end":{"line":1,"column":37}},"1":{"start":{"line":4,"column":23},"end":{"line":42,"column":1}},"2":{"start":{"line":5,"column":18},"end":{"line":5,"column":61}},"3":{"start":{"line":6,"column":19},"end":{"line":6,"column":28}},"4":{"start":{"line":8,"column":16},"end":{"line":33,"column":2}},"5":{"start":{"line":35,"column":24},"end":{"line":40,"column":3}},"6":{"start":{"line":41,"column":1},"end":{"line":41,"column":23}},"7":{"start":{"line":44,"column":0},"end":{"line":44,"column":32}}},"fnMap":{"0":{"name":"(anonymous_0)","decl":{"start":{"line":4,"column":23},"end":{"line":4,"column":24}},"loc":{"start":{"line":4,"column":33},"end":{"line":42,"column":1}},"line":4}},"branchMap":{},"s":{"0":1,"1":1,"2":0,"3":0,"4":0,"5":0,"6":0,"7":1},"f":{"0":0},"b":{},"_coverageSchema":"1a1c01bbd47fc00a2c39e90264f33305004495a9","hash":"630f5568ea0f56dbe5be5566974ef991ed05f0f3","contentHash":"5a5a8e4a1ff12fc1dc4922d1d133642c9afc33415c9e4cecf81dc1dc4e57e810"},"/Users/tormod/tormodwork/mega-rpg/commands/use.js":{"path":"/Users/tormod/tormodwork/mega-rpg/commands/use.js","statementMap":{"0":{"start":{"line":1,"column":26},"end":{"line":1,"column":67}},"1":{"start":{"line":3,"column":0},"end":{"line":34,"column":2}},"2":{"start":{"line":18,"column":2},"end":{"line":20,"column":3}},"3":{"start":{"line":19,"column":3},"end":{"line":19,"column":129}},"4":{"start":{"line":22,"column":2},"end":{"line":22,"column":77}},"5":{"start":{"line":22,"column":23},"end":{"line":22,"column":75}},"6":{"start":{"line":24,"column":15},"end":{"line":24,"column":48}},"7":{"start":{"line":26,"column":2},"end":{"line":32,"column":3}},"8":{"start":{"line":27,"column":20},"end":{"line":27,"column":50}},"9":{"start":{"line":28,"column":3},"end":{"line":28,"column":71}},"10":{"start":{"line":31,"column":3},"end":{"line":31,"column":109}}},"fnMap":{"0":{"name":"(anonymous_0)","decl":{"start":{"line":17,"column":1},"end":{"line":17,"column":2}},"loc":{"start":{"line":17,"column":36},"end":{"line":33,"column":2}},"line":17},"1":{"name":"(anonymous_1)","decl":{"start":{"line":22,"column":18},"end":{"line":22,"column":19}},"loc":{"start":{"line":22,"column":23},"end":{"line":22,"column":75}},"line":22}},"branchMap":{"0":{"loc":{"start":{"line":18,"column":2},"end":{"line":20,"column":3}},"type":"if","locations":[{"start":{"line":18,"column":2},"end":{"line":20,"column":3}},{"start":{"line":18,"column":2},"end":{"line":20,"column":3}}],"line":18},"1":{"loc":{"start":{"line":26,"column":2},"end":{"line":32,"column":3}},"type":"if","locations":[{"start":{"line":26,"column":2},"end":{"line":32,"column":3}},{"start":{"line":26,"column":2},"end":{"line":32,"column":3}}],"line":26}},"s":{"0":1,"1":1,"2":0,"3":0,"4":0,"5":0,"6":0,"7":0,"8":0,"9":0,"10":0},"f":{"0":0,"1":0},"b":{"0":[0,0],"1":[0,0]},"_coverageSchema":"1a1c01bbd47fc00a2c39e90264f33305004495a9","hash":"65628635d4804fe3687dfe4d620f6fe43b25b96b","contentHash":"832c04bdb36998ac42bfc60474eea509a8b2f27e800f88ddad095d289c800cf9"}}