TN:
SF:combat/calculate-stats.js
FN:7,(anonymous_0)
FN:16,(anonymous_1)
FN:17,(anonymous_2)
FN:32,(anonymous_3)
FN:35,(anonymous_4)
FN:36,(anonymous_5)
FN:39,(anonymous_6)
FN:42,(anonymous_7)
FNF:8
FNH:0
FNDA:0,(anonymous_0)
FNDA:0,(anonymous_1)
FNDA:0,(anonymous_2)
FNDA:0,(anonymous_3)
FNDA:0,(anonymous_4)
FNDA:0,(anonymous_5)
FNDA:0,(anonymous_6)
FNDA:0,(anonymous_7)
DA:1,1
DA:2,1
DA:3,1
DA:7,1
DA:8,0
DA:10,0
DA:11,0
DA:12,0
DA:13,0
DA:16,0
DA:17,0
DA:18,0
DA:19,0
DA:20,0
DA:21,0
DA:23,0
DA:29,0
DA:30,0
DA:31,0
DA:32,0
DA:35,0
DA:36,0
DA:39,0
DA:42,0
DA:43,0
DA:45,0
DA:46,0
DA:47,0
DA:49,0
DA:50,0
DA:53,0
DA:59,0
DA:61,0
DA:62,0
DA:63,0
DA:66,0
DA:67,0
DA:69,0
DA:76,1
LF:39
LH:5
BRDA:18,0,0,0
BRDA:18,0,1,0
BRDA:21,1,0,0
BRDA:21,1,1,0
BRDA:21,2,0,0
BRDA:21,2,1,0
BRDA:29,3,0,0
BRDA:29,3,1,0
BRDA:32,4,0,0
BRDA:32,4,1,0
BRDA:43,5,0,0
BRDA:43,5,1,0
BRDA:47,6,0,0
BRDA:47,6,1,0
BRDA:61,7,0,0
BRDA:61,7,1,0
BRDA:62,8,0,0
BRDA:62,8,1,0
BRDA:63,9,0,0
BRDA:63,9,1,0
BRF:20
BRH:0
end_of_record
TN:
SF:combat/combat.js
FN:6,(anonymous_0)
FN:32,(anonymous_1)
FN:62,(anonymous_2)
FN:94,(anonymous_3)
FN:123,(anonymous_4)
FNF:5
FNH:0
FNDA:0,(anonymous_0)
FNDA:0,(anonymous_1)
FNDA:0,(anonymous_2)
FNDA:0,(anonymous_3)
FNDA:0,(anonymous_4)
DA:1,1
DA:6,1
DA:7,0
DA:8,0
DA:9,0
DA:10,0
DA:11,0
DA:13,0
DA:14,0
DA:15,0
DA:16,0
DA:18,0
DA:20,0
DA:31,0
DA:32,0
DA:33,0
DA:36,0
DA:37,0
DA:39,0
DA:44,0
DA:45,0
DA:46,0
DA:47,0
DA:48,0
DA:53,0
DA:54,0
DA:57,0
DA:62,1
DA:63,0
DA:64,0
DA:65,0
DA:66,0
DA:67,0
DA:68,0
DA:70,0
DA:71,0
DA:72,0
DA:73,0
DA:74,0
DA:75,0
DA:77,0
DA:92,0
DA:93,0
DA:94,0
DA:95,0
DA:98,0
DA:99,0
DA:102,0
DA:107,0
DA:108,0
DA:109,0
DA:110,0
DA:111,0
DA:116,0
DA:117,0
DA:119,0
DA:123,1
DA:125,0
DA:127,0
DA:128,0
DA:129,0
DA:131,0
DA:132,0
DA:133,0
DA:134,0
DA:136,0
DA:139,0
DA:141,0
DA:144,1
LF:69
LH:5
BRDA:16,0,0,0
BRDA:16,0,1,0
BRDA:31,1,0,0
BRDA:31,1,1,0
BRDA:45,2,0,0
BRDA:45,2,1,0
BRDA:45,3,0,0
BRDA:45,3,1,0
BRDA:53,4,0,0
BRDA:53,4,1,0
BRDA:73,5,0,0
BRDA:73,5,1,0
BRDA:84,6,0,0
BRDA:84,6,1,0
BRDA:92,7,0,0
BRDA:92,7,1,0
BRDA:93,8,0,0
BRDA:93,8,1,0
BRDA:108,9,0,0
BRDA:108,9,1,0
BRDA:108,10,0,0
BRDA:108,10,1,0
BRDA:116,11,0,0
BRDA:116,11,1,0
BRF:24
BRH:0
end_of_record
TN:
SF:combat/pveEmedGenerator.js
FN:4,generateEmbedPveFullArmy
FN:12,generateEmbedPveHero
FN:20,generateEmbedPveFullArmyWin
FN:28,(anonymous_3)
FN:78,generateEmbedPveFullArmyLoss
FN:124,generateEmbedPveHeroWin
FN:132,(anonymous_6)
FN:181,generateEmbedPveHeroLoss
FN:227,generateArmyCasultyString
FN:241,generateHeroCasulty
FN:256,generateArmyLossStatus
FN:270,generatePveHeroLoss
FN:284,generateHeroRankLoss
FNF:13
FNH:0
FNDA:0,generateEmbedPveFullArmy
FNDA:0,generateEmbedPveHero
FNDA:0,generateEmbedPveFullArmyWin
FNDA:0,(anonymous_3)
FNDA:0,generateEmbedPveFullArmyLoss
FNDA:0,generateEmbedPveHeroWin
FNDA:0,(anonymous_6)
FNDA:0,generateEmbedPveHeroLoss
FNDA:0,generateArmyCasultyString
FNDA:0,generateHeroCasulty
FNDA:0,generateArmyLossStatus
FNDA:0,generatePveHeroLoss
FNDA:0,generateHeroRankLoss
DA:1,1
DA:2,1
DA:5,0
DA:6,0
DA:8,0
DA:13,0
DA:14,0
DA:16,0
DA:21,0
DA:22,0
DA:23,0
DA:25,0
DA:26,0
DA:28,0
DA:29,0
DA:32,0
DA:34,0
DA:35,0
DA:36,0
DA:37,0
DA:39,0
DA:40,0
DA:43,0
DA:61,0
DA:62,0
DA:68,0
DA:74,0
DA:79,0
DA:80,0
DA:81,0
DA:83,0
DA:84,0
DA:86,0
DA:88,0
DA:90,0
DA:91,0
DA:94,0
DA:106,0
DA:107,0
DA:113,0
DA:121,0
DA:125,0
DA:126,0
DA:127,0
DA:129,0
DA:130,0
DA:132,0
DA:133,0
DA:136,0
DA:139,0
DA:140,0
DA:142,0
DA:143,0
DA:146,0
DA:164,0
DA:165,0
DA:171,0
DA:177,0
DA:182,0
DA:183,0
DA:184,0
DA:186,0
DA:187,0
DA:189,0
DA:191,0
DA:193,0
DA:194,0
DA:197,0
DA:209,0
DA:210,0
DA:216,0
DA:224,0
DA:228,0
DA:229,0
DA:237,0
DA:238,0
DA:242,0
DA:252,0
DA:257,0
DA:267,0
DA:271,0
DA:281,0
DA:285,0
DA:292,0
DA:296,1
LF:85
LH:3
BRDA:4,0,0,0
BRDA:5,1,0,0
BRDA:5,1,1,0
BRDA:12,2,0,0
BRDA:13,3,0,0
BRDA:13,3,1,0
BRDA:39,4,0,0
BRDA:39,4,1,0
BRDA:61,5,0,0
BRDA:61,5,1,0
BRDA:90,6,0,0
BRDA:90,6,1,0
BRDA:106,7,0,0
BRDA:106,7,1,0
BRDA:142,8,0,0
BRDA:142,8,1,0
BRDA:164,9,0,0
BRDA:164,9,1,0
BRDA:193,10,0,0
BRDA:193,10,1,0
BRDA:209,11,0,0
BRDA:209,11,1,0
BRDA:227,12,0,0
BRF:23
BRH:0
end_of_record
TN:
SF:combat/advancedCombat/embedGenerator.js
FN:6,(anonymous_0)
FN:10,(anonymous_1)
FN:13,(anonymous_2)
FN:41,(anonymous_3)
FN:57,(anonymous_4)
FN:153,(anonymous_5)
FN:157,(anonymous_6)
FN:159,(anonymous_7)
FN:169,(anonymous_8)
FN:172,(anonymous_9)
FN:173,(anonymous_10)
FNF:11
FNH:0
FNDA:0,(anonymous_0)
FNDA:0,(anonymous_1)
FNDA:0,(anonymous_2)
FNDA:0,(anonymous_3)
FNDA:0,(anonymous_4)
FNDA:0,(anonymous_5)
FNDA:0,(anonymous_6)
FNDA:0,(anonymous_7)
FNDA:0,(anonymous_8)
FNDA:0,(anonymous_9)
FNDA:0,(anonymous_10)
DA:1,1
DA:2,1
DA:4,1
DA:6,1
DA:7,0
DA:8,0
DA:9,0
DA:10,0
DA:11,0
DA:13,0
DA:14,0
DA:16,0
DA:19,0
DA:20,0
DA:22,0
DA:23,0
DA:26,0
DA:29,0
DA:31,0
DA:37,0
DA:41,1
DA:43,0
DA:44,0
DA:46,0
DA:47,0
DA:48,0
DA:50,0
DA:51,0
DA:54,0
DA:55,0
DA:57,0
DA:59,0
DA:60,0
DA:63,0
DA:68,0
DA:74,0
DA:79,0
DA:84,0
DA:90,0
DA:95,0
DA:101,0
DA:102,0
DA:103,0
DA:106,0
DA:109,0
DA:119,0
DA:120,0
DA:123,0
DA:124,0
DA:127,0
DA:128,0
DA:130,0
DA:131,0
DA:133,0
DA:134,0
DA:136,0
DA:137,0
DA:139,0
DA:140,0
DA:144,0
DA:150,0
DA:153,1
DA:155,0
DA:156,0
DA:157,0
DA:158,0
DA:159,0
DA:160,0
DA:161,0
DA:163,0
DA:164,0
DA:166,0
DA:169,1
DA:170,0
DA:171,0
DA:173,0
DA:174,0
DA:177,0
DA:180,0
DA:184,1
LF:80
LH:8
BRDA:11,0,0,0
BRDA:11,0,1,0
BRDA:19,1,0,0
BRDA:19,1,1,0
BRDA:22,2,0,0
BRDA:22,2,1,0
BRDA:29,3,0,0
BRDA:29,3,1,0
BRDA:43,4,0,0
BRDA:43,4,1,0
BRDA:101,5,0,0
BRDA:101,5,1,0
BRDA:119,6,0,0
BRDA:119,6,1,0
BRDA:123,7,0,0
BRDA:123,7,1,0
BRDA:123,8,0,0
BRDA:123,8,1,0
BRDA:128,9,0,0
BRDA:128,9,1,0
BRDA:128,9,2,0
BRDA:128,9,3,0
BRDA:149,10,0,0
BRDA:149,10,1,0
BRDA:153,11,0,0
BRDA:163,12,0,0
BRDA:163,12,1,0
BRDA:173,13,0,0
BRDA:173,13,1,0
BRF:29
BRH:0
end_of_record
TN:
SF:combat/advancedCombat/helper.js
FN:4,(anonymous_0)
FN:10,(anonymous_1)
FN:16,(anonymous_2)
FN:24,(anonymous_3)
FN:31,(anonymous_4)
FN:44,(anonymous_5)
FN:58,(anonymous_6)
FN:59,(anonymous_7)
FN:62,(anonymous_8)
FN:67,(anonymous_9)
FN:98,(anonymous_10)
FN:104,(anonymous_11)
FN:117,(anonymous_12)
FN:132,(anonymous_13)
FN:146,(anonymous_14)
FN:149,(anonymous_15)
FN:163,(anonymous_16)
FN:190,(anonymous_17)
FN:193,(anonymous_18)
FN:194,(anonymous_19)
FNF:20
FNH:0
FNDA:0,(anonymous_0)
FNDA:0,(anonymous_1)
FNDA:0,(anonymous_2)
FNDA:0,(anonymous_3)
FNDA:0,(anonymous_4)
FNDA:0,(anonymous_5)
FNDA:0,(anonymous_6)
FNDA:0,(anonymous_7)
FNDA:0,(anonymous_8)
FNDA:0,(anonymous_9)
FNDA:0,(anonymous_10)
FNDA:0,(anonymous_11)
FNDA:0,(anonymous_12)
FNDA:0,(anonymous_13)
FNDA:0,(anonymous_14)
FNDA:0,(anonymous_15)
FNDA:0,(anonymous_16)
FNDA:0,(anonymous_17)
FNDA:0,(anonymous_18)
FNDA:0,(anonymous_19)
DA:1,1
DA:2,1
DA:4,1
DA:5,0
DA:6,0
DA:7,0
DA:10,1
DA:11,0
DA:12,0
DA:13,0
DA:16,1
DA:17,0
DA:18,0
DA:19,0
DA:20,0
DA:24,1
DA:25,0
DA:26,0
DA:28,0
DA:29,0
DA:31,1
DA:32,0
DA:44,1
DA:45,0
DA:46,0
DA:47,0
DA:48,0
DA:49,0
DA:50,0
DA:51,0
DA:52,0
DA:54,0
DA:58,1
DA:59,0
DA:60,0
DA:62,0
DA:63,0
DA:67,1
DA:68,0
DA:69,0
DA:75,0
DA:76,0
DA:82,0
DA:83,0
DA:98,0
DA:99,0
DA:100,0
DA:101,0
DA:104,0
DA:105,0
DA:106,0
DA:107,0
DA:111,0
DA:112,0
DA:113,0
DA:117,1
DA:118,0
DA:129,0
DA:132,1
DA:133,0
DA:134,0
DA:135,0
DA:137,0
DA:138,0
DA:140,0
DA:141,0
DA:143,0
DA:146,1
DA:148,0
DA:149,0
DA:150,0
DA:152,0
DA:153,0
DA:155,0
DA:156,0
DA:158,0
DA:159,0
DA:163,1
DA:164,0
DA:165,0
DA:166,0
DA:170,0
DA:171,0
DA:174,0
DA:179,0
DA:180,0
DA:183,0
DA:185,0
DA:190,1
DA:191,0
DA:192,0
DA:193,0
DA:194,0
DA:195,0
DA:197,0
DA:198,0
DA:202,0
DA:203,0
DA:206,0
DA:211,0
DA:212,0
DA:215,0
DA:217,0
DA:234,1
LF:104
LH:16
BRDA:5,0,0,0
BRDA:5,0,1,0
BRDA:6,1,0,0
BRDA:6,1,1,0
BRDA:11,2,0,0
BRDA:11,2,1,0
BRDA:12,3,0,0
BRDA:12,3,1,0
BRDA:46,4,0,0
BRDA:46,4,1,0
BRDA:47,5,0,0
BRDA:47,5,1,0
BRDA:48,6,0,0
BRDA:48,6,1,0
BRDA:49,7,0,0
BRDA:49,7,1,0
BRDA:50,8,0,0
BRDA:50,8,1,0
BRDA:51,9,0,0
BRDA:51,9,1,0
BRDA:52,10,0,0
BRDA:52,10,1,0
BRDA:60,11,0,0
BRDA:60,11,1,0
BRDA:63,12,0,0
BRDA:63,12,1,0
BRDA:68,13,0,0
BRDA:68,13,1,0
BRDA:75,14,0,0
BRDA:75,14,1,0
BRDA:82,15,0,0
BRDA:82,15,1,0
BRDA:100,16,0,0
BRDA:100,16,1,0
BRDA:106,17,0,0
BRDA:106,17,1,0
BRDA:134,18,0,0
BRDA:134,18,1,0
BRDA:134,19,0,0
BRDA:134,19,1,0
BRDA:137,20,0,0
BRDA:137,20,1,0
BRDA:137,21,0,0
BRDA:137,21,1,0
BRDA:138,22,0,0
BRDA:138,22,1,0
BRDA:140,23,0,0
BRDA:140,23,1,0
BRDA:149,24,0,0
BRDA:149,24,1,0
BRDA:152,25,0,0
BRDA:152,25,1,0
BRDA:152,26,0,0
BRDA:152,26,1,0
BRDA:155,27,0,0
BRDA:155,27,1,0
BRDA:158,28,0,0
BRDA:158,28,1,0
BRDA:158,29,0,0
BRDA:158,29,1,0
BRDA:170,30,0,0
BRDA:170,30,1,0
BRDA:179,31,0,0
BRDA:179,31,1,0
BRDA:202,32,0,0
BRDA:202,32,1,0
BRDA:211,33,0,0
BRDA:211,33,1,0
BRF:68
BRH:0
end_of_record
TN:
SF:combat/advancedCombat/index.js
FN:21,(anonymous_0)
FN:36,(anonymous_1)
FN:43,(anonymous_2)
FN:45,(anonymous_3)
FN:54,(anonymous_4)
FN:72,(anonymous_5)
FN:77,(anonymous_6)
FN:82,(anonymous_7)
FN:83,(anonymous_8)
FN:96,(anonymous_9)
FN:123,(anonymous_10)
FN:124,(anonymous_11)
FN:140,(anonymous_12)
FN:142,(anonymous_13)
FN:148,(anonymous_14)
FN:175,(anonymous_15)
FN:177,(anonymous_16)
FN:181,(anonymous_17)
FN:181,(anonymous_18)
FN:187,(anonymous_19)
FN:188,(anonymous_20)
FNF:21
FNH:0
FNDA:0,(anonymous_0)
FNDA:0,(anonymous_1)
FNDA:0,(anonymous_2)
FNDA:0,(anonymous_3)
FNDA:0,(anonymous_4)
FNDA:0,(anonymous_5)
FNDA:0,(anonymous_6)
FNDA:0,(anonymous_7)
FNDA:0,(anonymous_8)
FNDA:0,(anonymous_9)
FNDA:0,(anonymous_10)
FNDA:0,(anonymous_11)
FNDA:0,(anonymous_12)
FNDA:0,(anonymous_13)
FNDA:0,(anonymous_14)
FNDA:0,(anonymous_15)
FNDA:0,(anonymous_16)
FNDA:0,(anonymous_17)
FNDA:0,(anonymous_18)
FNDA:0,(anonymous_19)
FNDA:0,(anonymous_20)
DA:1,1
DA:2,1
DA:3,1
DA:4,1
DA:11,1
DA:21,1
DA:23,0
DA:24,0
DA:25,0
DA:29,0
DA:32,0
DA:33,0
DA:35,0
DA:36,0
DA:40,0
DA:41,0
DA:43,0
DA:45,0
DA:47,0
DA:50,0
DA:54,0
DA:55,0
DA:56,0
DA:58,0
DA:59,0
DA:61,0
DA:62,0
DA:64,0
DA:67,0
DA:68,0
DA:71,0
DA:72,0
DA:74,0
DA:77,0
DA:78,0
DA:79,0
DA:82,0
DA:83,0
DA:84,0
DA:85,0
DA:86,0
DA:87,0
DA:90,0
DA:96,1
DA:98,0
DA:99,0
DA:102,0
DA:105,0
DA:106,0
DA:109,0
DA:119,0
DA:122,0
DA:123,0
DA:127,0
DA:128,0
DA:132,0
DA:135,0
DA:140,0
DA:142,0
DA:145,0
DA:146,0
DA:148,0
DA:150,0
DA:151,0
DA:152,0
DA:153,0
DA:156,0
DA:157,0
DA:159,0
DA:160,0
DA:161,0
DA:163,0
DA:164,0
DA:168,0
DA:169,0
DA:175,0
DA:177,0
DA:181,0
DA:182,0
DA:187,0
DA:188,0
DA:190,0
DA:191,0
DA:194,0
DA:195,0
DA:199,1
LF:86
LH:8
BRDA:23,0,0,0
BRDA:23,0,1,0
BRDA:55,1,0,0
BRDA:55,1,1,0
BRDA:58,2,0,0
BRDA:58,2,1,0
BRDA:61,3,0,0
BRDA:61,3,1,0
BRDA:67,4,0,0
BRDA:67,4,1,0
BRDA:77,5,0,0
BRDA:77,5,1,0
BRDA:85,6,0,0
BRDA:85,6,1,0
BRDA:127,7,0,0
BRDA:127,7,1,0
BRDA:127,8,0,0
BRDA:127,8,1,0
BRDA:145,9,0,0
BRDA:145,9,1,0
BRDA:146,10,0,0
BRDA:146,10,1,0
BRDA:151,11,0,0
BRDA:151,11,1,0
BRDA:159,12,0,0
BRDA:159,12,1,0
BRDA:160,13,0,0
BRDA:160,13,1,0
BRDA:163,14,0,0
BRDA:163,14,1,0
BRF:30
BRH:0
end_of_record
TN:
SF:commands/buy.js
FN:19,(anonymous_0)
FN:23,(anonymous_1)
FNF:2
FNH:0
FNDA:0,(anonymous_0)
FNDA:0,(anonymous_1)
DA:1,1
DA:2,1
DA:4,1
DA:20,0
DA:21,0
DA:23,0
DA:24,0
DA:25,0
DA:26,0
DA:29,0
DA:31,0
LF:11
LH:3
BRDA:21,0,0,0
BRDA:21,0,1,0
BRDA:21,1,0,0
BRDA:21,1,1,0
BRDA:24,2,0,0
BRDA:24,2,1,0
BRF:6
BRH:0
end_of_record
TN:
SF:commands/dailyPrize.js
FN:7,(anonymous_0)
FNF:1
FNH:0
FNDA:0,(anonymous_0)
DA:1,1
DA:3,1
DA:8,0
DA:9,0
LF:4
LH:2
BRF:0
BRH:0
end_of_record
TN:
SF:commands/destroy.js
FN:7,(anonymous_0)
FN:10,(anonymous_1)
FNF:2
FNH:0
FNDA:0,(anonymous_0)
FNDA:0,(anonymous_1)
DA:1,1
DA:3,1
DA:8,0
DA:10,0
DA:11,0
LF:5
LH:2
BRF:0
BRH:0
end_of_record
TN:
SF:commands/explore.js
FN:6,(anonymous_0)
FNF:1
FNH:0
FNDA:0,(anonymous_0)
DA:1,1
DA:3,1
DA:7,0
DA:8,0
LF:4
LH:2
BRF:0
BRH:0
end_of_record
TN:
SF:commands/fish.js
FN:7,(anonymous_0)
FNF:1
FNH:0
FNDA:0,(anonymous_0)
DA:1,1
DA:3,1
DA:8,0
DA:9,0
LF:4
LH:2
BRF:0
BRH:0
end_of_record
TN:
SF:commands/hunt.js
FN:12,(anonymous_0)
FNF:1
FNH:0
FNDA:0,(anonymous_0)
DA:1,1
DA:2,1
DA:4,1
DA:14,0
DA:15,0
DA:16,0
LF:6
LH:3
BRF:0
BRH:0
end_of_record
TN:
SF:commands/miniboss.js
FN:6,(anonymous_0)
FNF:1
FNH:0
FNDA:0,(anonymous_0)
DA:1,1
DA:3,1
DA:7,0
LF:3
LH:2
BRF:0
BRH:0
end_of_record
TN:
SF:commands/raid.js
FN:15,(anonymous_0)
FNF:1
FNH:0
FNDA:0,(anonymous_0)
DA:1,1
DA:2,1
DA:4,1
DA:17,0
DA:18,0
DA:19,0
LF:6
LH:3
BRF:0
BRH:0
end_of_record
TN:
SF:commands/tower.js
FN:14,(anonymous_0)
FNF:1
FNH:0
FNDA:0,(anonymous_0)
DA:1,1
DA:2,1
DA:3,1
DA:8,1
DA:19,0
DA:22,0
DA:23,0
DA:24,0
DA:27,0
LF:9
LH:4
BRDA:19,0,0,0
BRDA:19,0,1,0
BRDA:23,1,0,0
BRDA:23,1,1,0
BRF:4
BRH:0
end_of_record
TN:
SF:commands/use.js
FN:17,(anonymous_0)
FN:22,(anonymous_1)
FNF:2
FNH:0
FNDA:0,(anonymous_0)
FNDA:0,(anonymous_1)
DA:1,1
DA:3,1
DA:18,0
DA:19,0
DA:22,0
DA:24,0
DA:26,0
DA:27,0
DA:28,0
DA:31,0
LF:10
LH:2
BRDA:18,0,0,0
BRDA:18,0,1,0
BRDA:26,1,0,0
BRDA:26,1,1,0
BRF:4
BRH:0
end_of_record
TN:
SF:commands/weeklyPrize.js
FN:7,(anonymous_0)
FNF:1
FNH:0
FNDA:0,(anonymous_0)
DA:1,1
DA:3,1
DA:8,0
DA:9,0
LF:4
LH:2
BRF:0
BRH:0
end_of_record
TN:
SF:game/_CONSTS/cooldowns.js
FN:36,(anonymous_0)
FN:76,(anonymous_1)
FN:100,(anonymous_2)
FN:103,(anonymous_3)
FN:109,(anonymous_4)
FNF:5
FNH:2
FNDA:6,(anonymous_0)
FNDA:1,(anonymous_1)
FNDA:0,(anonymous_2)
FNDA:0,(anonymous_3)
FNDA:0,(anonymous_4)
DA:1,1
DA:2,1
DA:6,1
DA:36,1
DA:37,6
DA:38,0
DA:39,0
DA:41,6
DA:42,0
DA:43,0
DA:45,6
DA:46,6
DA:47,6
DA:49,6
DA:50,6
DA:52,6
DA:53,6
DA:55,6
DA:56,1
DA:57,1
DA:58,1
DA:60,1
DA:69,5
DA:76,1
DA:77,1
DA:81,1
DA:82,1
DA:83,1
DA:86,1
DA:96,1
DA:100,1
DA:101,0
DA:102,0
DA:103,0
DA:104,0
DA:105,0
DA:108,0
DA:110,0
DA:111,0
DA:112,0
DA:114,0
DA:117,0
DA:118,0
DA:128,0
DA:132,1
LF:45
LH:28
BRDA:37,0,0,0
BRDA:37,0,1,6
BRDA:37,1,0,6
BRDA:37,1,1,6
BRDA:41,2,0,0
BRDA:41,2,1,6
BRDA:50,3,0,0
BRDA:50,3,1,6
BRDA:55,4,0,1
BRDA:55,4,1,5
BRDA:77,5,0,1
BRDA:77,5,1,0
BRDA:83,6,0,0
BRDA:83,6,1,1
BRDA:105,7,0,0
BRDA:105,7,1,0
BRDA:111,8,0,0
BRDA:111,8,1,0
BRF:18
BRH:9
end_of_record
TN:
SF:game/_CONSTS/dailyPrize.js
FN:26,(anonymous_0)
FNF:1
FNH:0
FNDA:0,(anonymous_0)
DA:1,1
DA:26,1
DA:27,0
DA:30,1
LF:4
LH:3
BRF:0
BRH:0
end_of_record
TN:
SF:game/_CONSTS/fish.js
FNF:0
FNH:0
DA:1,1
DA:11,1
LF:2
LH:2
BRF:0
BRH:0
end_of_record
TN:
SF:game/_CONSTS/hero-exp.js
FN:76,(anonymous_0)
FN:122,(anonymous_1)
FNF:2
FNH:0
FNDA:0,(anonymous_0)
FNDA:0,(anonymous_1)
DA:2,1
DA:38,1
DA:76,1
DA:77,0
DA:78,0
DA:79,0
DA:81,0
DA:82,0
DA:83,0
DA:87,0
DA:88,0
DA:89,0
DA:90,0
DA:95,0
DA:96,0
DA:99,0
DA:102,0
DA:103,0
DA:104,0
DA:105,0
DA:106,0
DA:108,0
DA:113,0
DA:117,0
DA:122,1
DA:123,0
DA:124,0
DA:125,0
DA:127,0
DA:128,0
DA:129,0
DA:133,0
DA:134,0
DA:135,0
DA:136,0
DA:139,0
DA:140,0
DA:143,0
DA:146,0
DA:147,0
DA:148,0
DA:149,0
DA:150,0
DA:152,0
DA:157,0
DA:161,0
DA:165,1
LF:47
LH:5
BRDA:77,0,0,0
BRDA:77,0,1,0
BRDA:77,1,0,0
BRDA:77,1,1,0
BRDA:81,2,0,0
BRDA:81,2,1,0
BRDA:90,3,0,0
BRDA:90,3,1,0
BRDA:91,4,0,0
BRDA:91,4,1,0
BRDA:91,4,2,0
BRDA:102,5,0,0
BRDA:102,5,1,0
BRDA:117,6,0,0
BRDA:117,6,1,0
BRDA:123,7,0,0
BRDA:123,7,1,0
BRDA:123,8,0,0
BRDA:123,8,1,0
BRDA:127,9,0,0
BRDA:127,9,1,0
BRDA:136,10,0,0
BRDA:136,10,1,0
BRDA:137,11,0,0
BRDA:137,11,1,0
BRDA:146,12,0,0
BRDA:146,12,1,0
BRDA:161,13,0,0
BRDA:161,13,1,0
BRF:29
BRH:0
end_of_record
TN:
SF:game/_CONSTS/icons.js
FN:109,(anonymous_0)
FNF:1
FNH:1
FNDA:4,(anonymous_0)
DA:1,1
DA:109,4
DA:112,1
LF:3
LH:3
BRDA:109,0,0,4
BRDA:109,1,0,4
BRDA:109,1,1,0
BRF:3
BRH:2
end_of_record
TN:
SF:game/_CONSTS/weapons.js
FNF:0
FNH:0
DA:1,1
DA:39,1
LF:2
LH:2
BRF:0
BRH:0
end_of_record
TN:
SF:game/_CONSTS/weeklyPrize.js
FN:32,(anonymous_0)
FNF:1
FNH:0
FNDA:0,(anonymous_0)
DA:1,1
DA:32,1
DA:33,0
DA:36,1
LF:4
LH:3
BRF:0
BRH:0
end_of_record
TN:
SF:game/_GLOBAL_HELPERS/index.js
FN:2,asyncForEach
FN:10,(anonymous_1)
FN:30,(anonymous_2)
FN:46,(anonymous_3)
FN:53,(anonymous_4)
FN:55,(anonymous_5)
FN:56,(anonymous_6)
FN:59,(anonymous_7)
FN:66,(anonymous_8)
FNF:9
FNH:5
FNDA:1,asyncForEach
FNDA:79,(anonymous_1)
FNDA:0,(anonymous_2)
FNDA:6,(anonymous_3)
FNDA:0,(anonymous_4)
FNDA:0,(anonymous_5)
FNDA:0,(anonymous_6)
FNDA:2,(anonymous_7)
FNDA:6,(anonymous_8)
DA:3,1
DA:4,1
DA:10,1
DA:13,79
DA:14,59
DA:17,20
DA:19,20
DA:20,75
DA:22,75
DA:25,20
DA:30,1
DA:31,0
DA:32,0
DA:33,0
DA:36,0
DA:37,0
DA:38,0
DA:40,0
DA:46,1
DA:47,6
DA:53,1
DA:54,0
DA:55,0
DA:56,0
DA:59,1
DA:60,2
DA:61,2
DA:62,0
DA:63,0
DA:65,2
DA:66,2
DA:67,6
DA:69,2
DA:73,1
LF:34
LH:22
BRDA:13,0,0,59
BRDA:13,0,1,20
BRDA:13,1,0,79
BRDA:13,1,1,20
BRDA:17,2,0,4
BRDA:17,2,1,16
BRDA:31,3,0,0
BRDA:31,3,1,0
BRDA:61,4,0,0
BRDA:61,4,1,2
BRF:10
BRH:7
end_of_record
TN:
SF:game/_GLOBAL_HELPERS/weapons.js
FN:3,(anonymous_0)
FN:7,(anonymous_1)
FN:9,(anonymous_2)
FN:20,(anonymous_3)
FNF:4
FNH:0
FNDA:0,(anonymous_0)
FNDA:0,(anonymous_1)
FNDA:0,(anonymous_2)
FNDA:0,(anonymous_3)
DA:1,1
DA:3,1
DA:4,0
DA:5,0
DA:7,0
DA:9,0
DA:14,0
DA:15,0
DA:17,0
DA:20,1
DA:21,0
DA:22,0
DA:24,0
DA:27,1
LF:14
LH:4
BRDA:3,0,0,0
BRDA:21,1,0,0
BRDA:21,1,1,0
BRDA:21,2,0,0
BRDA:21,2,1,0
BRF:5
BRH:0
end_of_record
TN:
SF:game/_UNIVERSE/index.js
FNF:0
FNH:0
DA:1,1
DA:2,1
DA:3,1
DA:5,1
DA:11,1
LF:5
LH:5
BRF:0
BRH:0
end_of_record
TN:
SF:game/_UNIVERSE/Deep Caves/dungeon.js
FNF:0
FNH:0
DA:1,1
LF:1
LH:1
BRF:0
BRH:0
end_of_record
TN:
SF:game/_UNIVERSE/Deep Caves/fish.js
FNF:0
FNH:0
DA:1,1
LF:1
LH:1
BRF:0
BRH:0
end_of_record
TN:
SF:game/_UNIVERSE/Deep Caves/hunt.js
FNF:0
FNH:0
DA:1,1
LF:1
LH:1
BRF:0
BRH:0
end_of_record
TN:
SF:game/_UNIVERSE/Deep Caves/index.js
FNF:0
FNH:0
DA:1,1
DA:2,1
DA:3,1
DA:4,1
DA:5,1
DA:6,1
DA:8,1
DA:13,1
LF:8
LH:8
BRF:0
BRH:0
end_of_record
TN:
SF:game/_UNIVERSE/Deep Caves/miniboss.js
FNF:0
FNH:0
DA:1,1
LF:1
LH:1
BRF:0
BRH:0
end_of_record
TN:
SF:game/_UNIVERSE/Deep Caves/questPlaces.js
FNF:0
FNH:0
DA:1,1
LF:1
LH:1
BRF:0
BRH:0
end_of_record
TN:
SF:game/_UNIVERSE/Deep Caves/raid.js
FNF:0
FNH:0
DA:1,1
LF:1
LH:1
BRF:0
BRH:0
end_of_record
TN:
SF:game/_UNIVERSE/Grassy Plains/dungeon.js
FNF:0
FNH:0
DA:1,1
LF:1
LH:1
BRF:0
BRH:0
end_of_record
TN:
SF:game/_UNIVERSE/Grassy Plains/fish.js
FNF:0
FNH:0
DA:1,1
LF:1
LH:1
BRF:0
BRH:0
end_of_record
TN:
SF:game/_UNIVERSE/Grassy Plains/hunt.js
FNF:0
FNH:0
DA:1,1
LF:1
LH:1
BRF:0
BRH:0
end_of_record
TN:
SF:game/_UNIVERSE/Grassy Plains/index.js
FNF:0
FNH:0
DA:1,1
DA:2,1
DA:3,1
DA:4,1
DA:5,1
DA:6,1
DA:8,1
DA:13,1
LF:8
LH:8
BRF:0
BRH:0
end_of_record
TN:
SF:game/_UNIVERSE/Grassy Plains/miniboss.js
FNF:0
FNH:0
DA:1,1
LF:1
LH:1
BRF:0
BRH:0
end_of_record
TN:
SF:game/_UNIVERSE/Grassy Plains/questPlaces.js
FNF:0
FNH:0
DA:1,1
LF:1
LH:1
BRF:0
BRH:0
end_of_record
TN:
SF:game/_UNIVERSE/Grassy Plains/raid.js
FNF:0
FNH:0
DA:1,1
LF:1
LH:1
BRF:0
BRH:0
end_of_record
TN:
SF:game/_UNIVERSE/Misty Mountains/dungeon.js
FNF:0
FNH:0
DA:1,1
LF:1
LH:1
BRF:0
BRH:0
end_of_record
TN:
SF:game/_UNIVERSE/Misty Mountains/fish.js
FNF:0
FNH:0
DA:1,1
LF:1
LH:1
BRF:0
BRH:0
end_of_record
TN:
SF:game/_UNIVERSE/Misty Mountains/hunt.js
FNF:0
FNH:0
DA:1,1
LF:1
LH:1
BRF:0
BRH:0
end_of_record
TN:
SF:game/_UNIVERSE/Misty Mountains/index.js
FNF:0
FNH:0
DA:1,1
DA:2,1
DA:3,1
DA:4,1
DA:5,1
DA:6,1
DA:8,1
DA:13,1
LF:8
LH:8
BRF:0
BRH:0
end_of_record
TN:
SF:game/_UNIVERSE/Misty Mountains/miniboss.js
FNF:0
FNH:0
DA:1,1
LF:1
LH:1
BRF:0
BRH:0
end_of_record
TN:
SF:game/_UNIVERSE/Misty Mountains/questPlaces.js
FNF:0
FNH:0
DA:1,1
LF:1
LH:1
BRF:0
BRH:0
end_of_record
TN:
SF:game/_UNIVERSE/Misty Mountains/raid.js
FNF:0
FNH:0
DA:1,1
LF:1
LH:1
BRF:0
BRH:0
end_of_record
TN:
SF:game/build/buildings-object.js
FN:169,(anonymous_0)
FN:171,(anonymous_1)
FN:172,(anonymous_2)
FN:175,(anonymous_3)
FN:232,(anonymous_4)
FN:280,(anonymous_5)
FN:491,(anonymous_6)
FNF:7
FNH:0
FNDA:0,(anonymous_0)
FNDA:0,(anonymous_1)
FNDA:0,(anonymous_2)
FNDA:0,(anonymous_3)
FNDA:0,(anonymous_4)
FNDA:0,(anonymous_5)
FNDA:0,(anonymous_6)
DA:4,1
DA:171,0
DA:172,0
DA:173,0
DA:174,0
DA:175,0
DA:176,0
DA:179,0
DA:234,0
DA:282,0
DA:493,0
LF:11
LH:1
BRF:0
BRH:0
end_of_record
TN:
SF:game/buy/buy-item.js
FN:5,(anonymous_0)
FN:12,(anonymous_1)
FN:13,(anonymous_2)
FN:22,(anonymous_3)
FN:26,(anonymous_4)
FN:28,(anonymous_5)
FN:40,(anonymous_6)
FN:51,(anonymous_7)
FN:66,(anonymous_8)
FNF:9
FNH:0
FNDA:0,(anonymous_0)
FNDA:0,(anonymous_1)
FNDA:0,(anonymous_2)
FNDA:0,(anonymous_3)
FNDA:0,(anonymous_4)
FNDA:0,(anonymous_5)
FNDA:0,(anonymous_6)
FNDA:0,(anonymous_7)
FNDA:0,(anonymous_8)
DA:1,1
DA:2,1
DA:5,1
DA:6,0
DA:7,0
DA:8,0
DA:11,0
DA:12,0
DA:13,0
DA:14,0
DA:16,0
DA:18,0
DA:22,1
DA:23,0
DA:24,0
DA:26,0
DA:27,0
DA:28,0
DA:29,0
DA:30,0
DA:34,0
DA:36,0
DA:40,1
DA:41,0
DA:42,0
DA:44,0
DA:46,0
DA:48,0
DA:51,1
DA:52,0
DA:53,0
DA:54,0
DA:55,0
DA:58,0
DA:59,0
DA:66,0
DA:67,0
DA:70,0
DA:73,1
LF:39
LH:7
BRDA:6,0,0,0
BRDA:6,0,1,0
BRDA:12,1,0,0
BRDA:12,1,1,0
BRDA:28,2,0,0
BRDA:28,2,1,0
BRDA:28,3,0,0
BRDA:28,3,1,0
BRDA:34,4,0,0
BRDA:34,4,1,0
BRDA:42,5,0,0
BRDA:42,5,1,0
BRDA:52,6,0,0
BRDA:52,6,1,0
BRDA:58,7,0,0
BRDA:58,7,1,0
BRDA:66,8,0,0
BRDA:66,8,1,0
BRDA:66,9,0,0
BRDA:66,9,1,0
BRF:20
BRH:0
end_of_record
TN:
SF:game/dailyPrize/index.js
FN:6,(anonymous_0)
FN:36,(anonymous_1)
FN:48,(anonymous_2)
FNF:3
FNH:0
FNDA:0,(anonymous_0)
FNDA:0,(anonymous_1)
FNDA:0,(anonymous_2)
DA:1,1
DA:2,1
DA:3,1
DA:4,1
DA:6,1
DA:7,0
DA:8,0
DA:9,0
DA:11,0
DA:12,0
DA:14,0
DA:16,0
DA:19,0
DA:20,0
DA:22,0
DA:23,0
DA:26,0
DA:27,0
DA:28,0
DA:31,0
DA:32,0
DA:33,0
DA:36,1
DA:37,0
DA:39,0
DA:40,0
DA:41,0
DA:43,0
DA:46,0
DA:48,0
DA:49,0
DA:52,0
DA:53,0
DA:65,0
DA:69,1
LF:35
LH:7
BRDA:8,0,0,0
BRDA:8,0,1,0
BRDA:19,1,0,0
BRDA:19,1,1,0
BRDA:19,2,0,0
BRDA:19,2,1,0
BRDA:22,3,0,0
BRDA:22,3,1,0
BRF:8
BRH:0
end_of_record
TN:
SF:game/destroy/destroy.js
FN:1,(anonymous_0)
FN:22,(anonymous_1)
FN:24,(anonymous_2)
FN:24,(anonymous_3)
FNF:4
FNH:0
FNDA:0,(anonymous_0)
FNDA:0,(anonymous_1)
FNDA:0,(anonymous_2)
FNDA:0,(anonymous_3)
DA:1,1
DA:2,0
DA:3,0
DA:5,0
DA:8,0
DA:9,0
DA:12,0
DA:14,0
DA:17,0
DA:19,0
DA:22,1
DA:24,0
DA:25,0
DA:28,0
DA:29,0
DA:35,0
DA:41,1
LF:17
LH:3
BRDA:3,0,0,0
BRDA:3,0,1,0
BRDA:24,1,0,0
BRDA:24,1,1,0
BRDA:24,2,0,0
BRDA:24,2,1,0
BRDA:28,3,0,0
BRDA:28,3,1,0
BRF:8
BRH:0
end_of_record
TN:
SF:game/explore/index.js
FN:8,(anonymous_0)
FN:16,(anonymous_1)
FN:22,(anonymous_2)
FN:45,(anonymous_3)
FN:60,(anonymous_4)
FNF:5
FNH:0
FNDA:0,(anonymous_0)
FNDA:0,(anonymous_1)
FNDA:0,(anonymous_2)
FNDA:0,(anonymous_3)
FNDA:0,(anonymous_4)
DA:1,1
DA:2,1
DA:3,1
DA:4,1
DA:6,1
DA:8,1
DA:9,0
DA:10,0
DA:11,0
DA:13,0
DA:14,0
DA:15,0
DA:16,0
DA:18,0
DA:19,0
DA:22,1
DA:23,0
DA:24,0
DA:25,0
DA:26,0
DA:27,0
DA:28,0
DA:32,0
DA:33,0
DA:36,0
DA:37,0
DA:39,0
DA:40,0
DA:43,1
DA:45,1
DA:46,0
DA:47,0
DA:57,0
DA:58,0
DA:60,1
DA:61,0
DA:62,0
DA:63,0
DA:64,0
DA:72,0
DA:73,0
DA:74,0
DA:76,0
LF:43
LH:10
BRDA:10,0,0,0
BRDA:10,0,1,0
BRDA:27,1,0,0
BRDA:27,1,1,0
BRDA:27,2,0,0
BRDA:27,2,1,0
BRDA:32,3,0,0
BRDA:32,3,1,0
BRDA:32,4,0,0
BRDA:32,4,1,0
BRDA:73,5,0,0
BRDA:73,5,1,0
BRF:12
BRH:0
end_of_record
TN:
SF:game/fish/helper.js
FN:3,(anonymous_0)
FN:21,(anonymous_1)
FN:34,(anonymous_2)
FNF:3
FNH:0
FNDA:0,(anonymous_0)
FNDA:0,(anonymous_1)
FNDA:0,(anonymous_2)
DA:1,1
DA:3,1
DA:4,0
DA:8,0
DA:11,0
DA:12,0
DA:13,0
DA:15,0
DA:16,0
DA:17,0
DA:18,0
DA:21,1
DA:22,0
DA:31,0
DA:34,1
DA:35,0
DA:47,0
DA:50,1
LF:18
LH:5
BRDA:3,0,0,0
BRDA:11,1,0,0
BRDA:11,1,1,0
BRF:3
BRH:0
end_of_record
TN:
SF:game/fish/index.js
FN:6,(anonymous_0)
FN:14,(anonymous_1)
FNF:2
FNH:0
FNDA:0,(anonymous_0)
FNDA:0,(anonymous_1)
DA:1,1
DA:2,1
DA:3,1
DA:4,1
DA:6,1
DA:7,0
DA:8,0
DA:10,0
DA:11,0
DA:14,0
DA:15,0
DA:17,0
DA:18,0
DA:19,0
DA:20,0
DA:23,0
DA:25,0
DA:27,0
DA:28,0
DA:29,0
DA:30,0
DA:32,0
DA:36,1
LF:23
LH:6
BRDA:10,0,0,0
BRDA:10,0,1,0
BRDA:19,1,0,0
BRDA:19,1,1,0
BRF:4
BRH:0
end_of_record
TN:
SF:game/hunt/index.js
FN:8,(anonymous_0)
FN:30,(anonymous_1)
FN:31,(anonymous_2)
FN:39,(anonymous_3)
FN:45,(anonymous_4)
FN:56,(anonymous_5)
FN:69,(anonymous_6)
FNF:7
FNH:0
FNDA:0,(anonymous_0)
FNDA:0,(anonymous_1)
FNDA:0,(anonymous_2)
FNDA:0,(anonymous_3)
FNDA:0,(anonymous_4)
FNDA:0,(anonymous_5)
FNDA:0,(anonymous_6)
DA:1,1
DA:2,1
DA:3,1
DA:4,1
DA:5,1
DA:6,1
DA:8,1
DA:10,0
DA:11,0
DA:12,0
DA:16,0
DA:17,0
DA:18,0
DA:19,0
DA:21,0
DA:24,0
DA:25,0
DA:26,0
DA:27,0
DA:29,0
DA:30,0
DA:31,0
DA:34,0
DA:35,0
DA:38,0
DA:40,0
DA:41,0
DA:42,0
DA:45,0
DA:48,0
DA:49,0
DA:55,0
DA:56,0
DA:57,0
DA:58,0
DA:69,0
DA:71,0
DA:72,0
DA:74,0
DA:79,0
DA:80,0
DA:81,0
DA:83,0
DA:86,0
DA:87,0
DA:91,0
DA:94,0
DA:95,0
DA:96,0
DA:99,0
DA:101,0
DA:102,0
DA:103,0
DA:105,0
DA:107,0
DA:109,0
DA:113,1
LF:57
LH:8
BRDA:8,0,0,0
BRDA:11,1,0,0
BRDA:11,1,1,0
BRDA:16,2,0,0
BRDA:16,2,1,0
BRDA:16,3,0,0
BRDA:16,3,1,0
BRDA:18,4,0,0
BRDA:18,4,1,0
BRDA:34,5,0,0
BRDA:34,5,1,0
BRDA:41,6,0,0
BRDA:41,6,1,0
BRDA:48,7,0,0
BRDA:48,7,1,0
BRDA:55,8,0,0
BRDA:55,8,1,0
BRDA:72,9,0,0
BRDA:72,9,1,0
BRDA:79,10,0,0
BRDA:79,10,1,0
BRDA:80,11,0,0
BRDA:80,11,1,0
BRDA:86,12,0,0
BRDA:86,12,1,0
BRDA:101,13,0,0
BRDA:101,13,1,0
BRF:27
BRH:0
end_of_record
TN:
SF:game/items/all-items.js
FNF:0
FNH:0
DA:1,1
DA:2,1
DA:3,1
DA:4,1
DA:5,1
DA:7,1
LF:6
LH:6
BRF:0
BRH:0
end_of_record
TN:
SF:game/items/artifact-blacksmith/artifact-blacksmith.js
FNF:0
FNH:0
DA:1,1
LF:1
LH:1
BRF:0
BRH:0
end_of_record
TN:
SF:game/items/blacksmith/blacksmith-items.js
FNF:0
FNH:0
DA:1,1
LF:1
LH:1
BRF:0
BRH:0
end_of_record
TN:
SF:game/items/forge/forge-items.js
FNF:0
FNH:0
DA:1,1
LF:1
LH:1
BRF:0
BRH:0
end_of_record
TN:
SF:game/items/quest-items/quest-items.js
FNF:0
FNH:0
DA:1,1
LF:1
LH:1
BRF:0
BRH:0
end_of_record
TN:
SF:game/items/tower-items/tower-item-functions.js
FN:4,(anonymous_0)
FN:16,(anonymous_1)
FN:24,(anonymous_2)
FN:39,(anonymous_3)
FN:56,(anonymous_4)
FN:57,(anonymous_5)
FN:72,(anonymous_6)
FNF:7
FNH:0
FNDA:0,(anonymous_0)
FNDA:0,(anonymous_1)
FNDA:0,(anonymous_2)
FNDA:0,(anonymous_3)
FNDA:0,(anonymous_4)
FNDA:0,(anonymous_5)
FNDA:0,(anonymous_6)
DA:1,1
DA:2,1
DA:4,1
DA:5,0
DA:7,0
DA:9,0
DA:11,0
DA:16,1
DA:17,0
DA:18,0
DA:20,0
DA:22,0
DA:24,0
DA:25,0
DA:27,0
DA:28,0
DA:30,0
DA:32,0
DA:35,0
DA:39,1
DA:40,0
DA:41,0
DA:45,0
DA:46,0
DA:47,0
DA:48,0
DA:51,0
DA:52,0
DA:56,0
DA:57,0
DA:59,0
DA:61,0
DA:63,0
DA:67,0
DA:72,1
DA:73,0
DA:74,0
DA:77,1
LF:38
LH:7
BRDA:11,0,0,0
BRDA:11,0,1,0
BRDA:20,1,0,0
BRDA:20,1,1,0
BRDA:25,2,0,0
BRDA:25,2,1,0
BRDA:40,3,0,0
BRDA:40,3,1,0
BRDA:57,4,0,0
BRDA:57,4,1,0
BRDA:59,5,0,0
BRDA:59,5,1,0
BRDA:59,6,0,0
BRDA:59,6,1,0
BRF:14
BRH:0
end_of_record
TN:
SF:game/items/tower-items/tower-item-prefix.js
FN:48,(anonymous_0)
FN:55,(anonymous_1)
FN:56,(anonymous_2)
FN:61,(anonymous_3)
FN:62,(anonymous_4)
FNF:5
FNH:0
FNDA:0,(anonymous_0)
FNDA:0,(anonymous_1)
FNDA:0,(anonymous_2)
FNDA:0,(anonymous_3)
FNDA:0,(anonymous_4)
DA:1,1
DA:48,1
DA:49,0
DA:50,0
DA:52,0
DA:55,1
DA:56,0
DA:58,0
DA:61,1
DA:62,0
DA:65,1
LF:11
LH:5
BRDA:58,0,0,0
BRDA:58,0,1,0
BRF:2
BRH:0
end_of_record
TN:
SF:game/items/tower-items/tower-items.js
FNF:0
FNH:0
DA:1,1
LF:1
LH:1
BRF:0
BRH:0
end_of_record
TN:
SF:game/lottery/CONTS.js
FNF:0
FNH:0
DA:1,1
DA:2,1
DA:3,1
DA:5,1
LF:4
LH:4
BRF:0
BRH:0
end_of_record
TN:
SF:game/lottery/embedGenerator.js
FN:8,(anonymous_0)
FN:42,(anonymous_1)
FN:70,(anonymous_2)
FNF:3
FNH:0
FNDA:0,(anonymous_0)
FNDA:0,(anonymous_1)
FNDA:0,(anonymous_2)
DA:1,1
DA:2,1
DA:3,1
DA:4,1
DA:6,1
DA:8,1
DA:10,0
DA:11,0
DA:13,0
DA:15,0
DA:18,0
DA:19,0
DA:32,0
DA:39,0
DA:42,1
DA:43,0
DA:44,0
DA:45,0
DA:47,0
DA:60,0
DA:67,0
DA:70,1
DA:71,0
DA:75,1
LF:24
LH:9
BRDA:63,0,0,0
BRDA:63,0,1,0
BRF:2
BRH:0
end_of_record
TN:
SF:game/lottery/helper.js
FN:6,(anonymous_0)
FN:37,(anonymous_1)
FN:41,(anonymous_2)
FN:43,(anonymous_3)
FN:49,(anonymous_4)
FN:55,(anonymous_5)
FN:70,(anonymous_6)
FN:89,(anonymous_7)
FN:93,(anonymous_8)
FN:103,(anonymous_9)
FN:109,(anonymous_10)
FNF:11
FNH:0
FNDA:0,(anonymous_0)
FNDA:0,(anonymous_1)
FNDA:0,(anonymous_2)
FNDA:0,(anonymous_3)
FNDA:0,(anonymous_4)
FNDA:0,(anonymous_5)
FNDA:0,(anonymous_6)
FNDA:0,(anonymous_7)
FNDA:0,(anonymous_8)
FNDA:0,(anonymous_9)
FNDA:0,(anonymous_10)
DA:1,1
DA:2,1
DA:3,1
DA:4,1
DA:6,1
DA:7,0
DA:9,0
DA:10,0
DA:15,0
DA:19,0
DA:20,0
DA:23,0
DA:24,0
DA:25,0
DA:26,0
DA:27,0
DA:30,0
DA:33,0
DA:37,1
DA:38,0
DA:39,0
DA:41,0
DA:42,0
DA:43,0
DA:44,0
DA:46,0
DA:49,1
DA:52,0
DA:55,1
DA:58,0
DA:67,0
DA:70,1
DA:71,0
DA:72,0
DA:74,0
DA:76,0
DA:80,0
DA:81,0
DA:86,0
DA:89,1
DA:90,0
DA:91,0
DA:93,0
DA:94,0
DA:97,0
DA:98,0
DA:100,0
DA:103,1
DA:104,0
DA:105,0
DA:109,0
DA:110,0
DA:112,0
DA:116,1
LF:54
LH:12
BRDA:19,0,0,0
BRDA:19,0,1,0
BRDA:23,1,0,0
BRDA:23,1,1,0
BRDA:25,2,0,0
BRDA:25,2,1,0
BRDA:38,3,0,0
BRDA:38,3,1,0
BRDA:38,4,0,0
BRDA:38,4,1,0
BRDA:71,5,0,0
BRDA:71,5,1,0
BRDA:71,6,0,0
BRDA:71,6,1,0
BRDA:71,6,2,0
BRDA:90,7,0,0
BRDA:90,7,1,0
BRDA:90,8,0,0
BRDA:90,8,1,0
BRDA:97,9,0,0
BRDA:97,9,1,0
BRDA:104,10,0,0
BRDA:104,10,1,0
BRDA:109,11,0,0
BRDA:109,11,1,0
BRDA:109,12,0,0
BRDA:109,12,1,0
BRF:27
BRH:0
end_of_record
TN:
SF:game/lottery/index.js
FN:8,(anonymous_0)
FN:30,(anonymous_1)
FN:53,(anonymous_2)
FNF:3
FNH:0
FNDA:0,(anonymous_0)
FNDA:0,(anonymous_1)
FNDA:0,(anonymous_2)
DA:1,1
DA:2,1
DA:3,1
DA:4,1
DA:8,1
DA:9,0
DA:10,0
DA:11,0
DA:15,0
DA:16,0
DA:17,0
DA:22,0
DA:23,0
DA:24,0
DA:29,0
DA:30,0
DA:31,0
DA:32,0
DA:37,0
DA:38,0
DA:39,0
DA:42,0
DA:45,0
DA:46,0
DA:48,0
DA:50,0
DA:53,1
DA:56,0
DA:58,0
DA:59,0
DA:65,0
DA:67,0
DA:68,0
DA:71,0
DA:73,0
DA:77,1
LF:36
LH:7
BRDA:8,0,0,0
BRDA:16,1,0,0
BRDA:16,1,1,0
BRDA:23,2,0,0
BRDA:23,2,1,0
BRDA:29,3,0,0
BRDA:29,3,1,0
BRDA:31,4,0,0
BRDA:31,4,1,0
BRDA:31,5,0,0
BRDA:31,5,1,0
BRDA:67,6,0,0
BRDA:67,6,1,0
BRDA:67,7,0,0
BRDA:67,7,1,0
BRF:15
BRH:0
end_of_record
TN:
SF:game/miniboss/embedGenerator.js
FN:6,(anonymous_0)
FN:68,(anonymous_1)
FN:88,(anonymous_2)
FNF:3
FNH:0
FNDA:0,(anonymous_0)
FNDA:0,(anonymous_1)
FNDA:0,(anonymous_2)
DA:1,1
DA:2,1
DA:4,1
DA:6,1
DA:7,0
DA:8,0
DA:10,0
DA:11,0
DA:13,0
DA:31,0
DA:68,1
DA:69,0
DA:70,0
DA:71,0
DA:73,0
DA:74,0
DA:75,0
DA:77,0
DA:78,0
DA:85,0
DA:86,0
DA:88,0
DA:93,0
DA:100,0
DA:104,1
LF:25
LH:6
BRDA:74,0,0,0
BRDA:74,0,1,0
BRDA:85,1,0,0
BRDA:85,1,1,0
BRDA:88,2,0,0
BRDA:88,2,1,0
BRDA:94,3,0,0
BRDA:94,3,1,0
BRF:8
BRH:0
end_of_record
TN:
SF:game/miniboss/helper.js
FN:6,(anonymous_0)
FN:19,(anonymous_1)
FN:27,(anonymous_2)
FN:29,(anonymous_3)
FN:43,(anonymous_4)
FN:59,(anonymous_5)
FN:61,(anonymous_6)
FN:63,(anonymous_7)
FN:69,(anonymous_8)
FN:79,(anonymous_9)
FN:87,(anonymous_10)
FN:93,(anonymous_11)
FN:95,(anonymous_12)
FN:102,(anonymous_13)
FNF:14
FNH:14
FNDA:6,(anonymous_0)
FNDA:18,(anonymous_1)
FNDA:3,(anonymous_2)
FNDA:6,(anonymous_3)
FNDA:3,(anonymous_4)
FNDA:1,(anonymous_5)
FNDA:2,(anonymous_6)
FNDA:1,(anonymous_7)
FNDA:1,(anonymous_8)
FNDA:4,(anonymous_9)
FNDA:2,(anonymous_10)
FNDA:4,(anonymous_11)
FNDA:22,(anonymous_12)
FNDA:1,(anonymous_13)
DA:1,1
DA:2,1
DA:3,1
DA:4,1
DA:6,1
DA:7,6
DA:8,6
DA:9,1
DA:12,5
DA:13,2
DA:14,2
DA:15,2
DA:18,3
DA:19,18
DA:21,3
DA:22,2
DA:24,1
DA:27,1
DA:28,3
DA:29,6
DA:30,3
DA:32,3
DA:33,3
DA:34,3
DA:36,3
DA:44,3
DA:45,3
DA:46,3
DA:47,3
DA:48,3
DA:56,3
DA:59,1
DA:60,1
DA:61,2
DA:63,1
DA:64,1
DA:65,1
DA:66,1
DA:67,1
DA:69,1
DA:70,1
DA:72,1
DA:73,1
DA:75,1
DA:79,1
DA:80,4
DA:81,4
DA:82,1
DA:84,3
DA:85,1
DA:87,2
DA:88,1
DA:90,4
DA:93,1
DA:94,4
DA:95,4
DA:96,22
DA:98,4
DA:99,4
DA:102,1
DA:103,1
DA:120,1
DA:123,1
LF:63
LH:63
BRDA:8,0,0,1
BRDA:8,0,1,5
BRDA:12,1,0,2
BRDA:12,1,1,3
BRDA:12,2,0,5
BRDA:12,2,1,4
BRDA:14,3,0,2
BRDA:14,3,1,0
BRDA:21,4,0,2
BRDA:21,4,1,1
BRDA:32,5,0,1
BRDA:32,5,1,2
BRDA:32,6,0,3
BRDA:32,6,1,2
BRDA:81,7,0,1
BRDA:81,7,1,3
BRDA:84,8,0,1
BRDA:84,8,1,2
BRDA:84,9,0,3
BRDA:84,9,1,3
BRDA:87,10,0,1
BRDA:87,10,1,1
BRF:22
BRH:21
end_of_record
TN:
SF:game/miniboss/index.js
FN:7,(anonymous_0)
FN:24,(anonymous_1)
FN:27,(anonymous_2)
FN:43,(anonymous_3)
FNF:4
FNH:0
FNDA:0,(anonymous_0)
FNDA:0,(anonymous_1)
FNDA:0,(anonymous_2)
FNDA:0,(anonymous_3)
DA:1,1
DA:2,1
DA:3,1
DA:4,1
DA:5,1
DA:7,1
DA:9,0
DA:10,0
DA:11,0
DA:13,0
DA:14,0
DA:15,0
DA:16,0
DA:18,0
DA:19,0
DA:20,0
DA:21,0
DA:22,0
DA:24,0
DA:26,0
DA:27,0
DA:28,0
DA:29,0
DA:31,0
DA:32,0
DA:34,0
DA:36,0
DA:37,0
DA:38,0
DA:40,0
DA:43,0
DA:44,0
DA:45,0
DA:46,0
DA:47,0
DA:48,0
DA:49,0
DA:54,1
LF:38
LH:7
BRDA:10,0,0,0
BRDA:10,0,1,0
BRDA:28,1,0,0
BRDA:28,1,1,0
BRDA:31,2,0,0
BRDA:31,2,1,0
BRDA:37,3,0,0
BRDA:37,3,1,0
BRDA:45,4,0,0
BRDA:45,4,1,0
BRF:10
BRH:0
end_of_record
TN:
SF:game/quest/all-quests.js
FNF:0
FNH:0
DA:2,1
DA:5,1
DA:8,1
DA:9,1
DA:10,1
DA:11,1
DA:12,1
DA:13,1
DA:15,1
DA:21,1
LF:10
LH:10
BRF:0
BRH:0
end_of_record
TN:
SF:game/quest/quest-helper.js
FN:1,(anonymous_0)
FN:2,(anonymous_1)
FN:13,(anonymous_2)
FN:21,(anonymous_3)
FNF:4
FNH:0
FNDA:0,(anonymous_0)
FNDA:0,(anonymous_1)
FNDA:0,(anonymous_2)
FNDA:0,(anonymous_3)
DA:1,1
DA:2,0
DA:3,0
DA:4,0
DA:5,0
DA:8,0
DA:9,0
DA:12,0
DA:13,0
DA:14,0
DA:16,0
DA:20,0
DA:21,0
DA:22,0
DA:26,0
DA:27,0
DA:29,0
DA:32,1
LF:18
LH:2
BRDA:3,0,0,0
BRDA:3,0,1,0
BRDA:8,1,0,0
BRDA:8,1,1,0
BRDA:12,2,0,0
BRDA:12,2,1,0
BRDA:20,3,0,0
BRDA:20,3,1,0
BRF:8
BRH:0
end_of_record
TN:
SF:game/quest/quest-utils.js
FN:3,(anonymous_0)
FN:9,(anonymous_1)
FN:9,(anonymous_2)
FN:15,(anonymous_3)
FN:33,(anonymous_4)
FN:51,(anonymous_5)
FN:51,(anonymous_6)
FN:74,(anonymous_7)
FN:77,(anonymous_8)
FN:77,(anonymous_9)
FNF:10
FNH:0
FNDA:0,(anonymous_0)
FNDA:0,(anonymous_1)
FNDA:0,(anonymous_2)
FNDA:0,(anonymous_3)
FNDA:0,(anonymous_4)
FNDA:0,(anonymous_5)
FNDA:0,(anonymous_6)
FNDA:0,(anonymous_7)
FNDA:0,(anonymous_8)
FNDA:0,(anonymous_9)
DA:1,1
DA:3,1
DA:5,0
DA:6,0
DA:9,0
DA:11,0
DA:13,0
DA:14,0
DA:15,0
DA:17,0
DA:18,0
DA:19,0
DA:22,0
DA:24,0
DA:27,0
DA:33,0
DA:34,0
DA:37,0
DA:38,0
DA:40,0
DA:42,0
DA:45,0
DA:51,0
DA:53,0
DA:56,0
DA:57,0
DA:60,0
DA:67,0
DA:69,0
DA:71,0
DA:74,1
DA:77,0
DA:79,0
DA:82,0
DA:89,0
DA:91,0
DA:93,0
DA:96,1
LF:38
LH:4
BRDA:5,0,0,0
BRDA:5,0,1,0
BRDA:9,1,0,0
BRDA:9,1,1,0
BRDA:9,2,0,0
BRDA:9,2,1,0
BRDA:9,3,0,0
BRDA:9,3,1,0
BRDA:11,4,0,0
BRDA:11,4,1,0
BRDA:17,5,0,0
BRDA:17,5,1,0
BRDA:22,6,0,0
BRDA:22,6,1,0
BRDA:27,7,0,0
BRDA:27,7,1,0
BRDA:34,8,0,0
BRDA:34,8,1,0
BRDA:37,9,0,0
BRDA:37,9,1,0
BRDA:40,10,0,0
BRDA:40,10,1,0
BRDA:51,11,0,0
BRDA:51,11,1,0
BRDA:51,11,2,0
BRDA:51,11,3,0
BRDA:53,12,0,0
BRDA:53,12,1,0
BRDA:57,13,0,0
BRDA:57,13,1,0
BRDA:77,14,0,0
BRDA:77,14,1,0
BRDA:77,14,2,0
BRDA:77,14,3,0
BRDA:77,14,4,0
BRDA:79,15,0,0
BRDA:79,15,1,0
BRF:37
BRH:0
end_of_record
TN:
SF:game/quest/quests/getting-started.js
FN:15,(anonymous_0)
FN:20,(anonymous_1)
FN:55,(anonymous_2)
FN:60,(anonymous_3)
FN:95,(anonymous_4)
FN:100,(anonymous_5)
FN:132,(anonymous_6)
FN:137,(anonymous_7)
FN:170,(anonymous_8)
FN:175,(anonymous_9)
FN:204,(anonymous_10)
FN:242,(anonymous_11)
FN:247,(anonymous_12)
FNF:13
FNH:0
FNDA:0,(anonymous_0)
FNDA:0,(anonymous_1)
FNDA:0,(anonymous_2)
FNDA:0,(anonymous_3)
FNDA:0,(anonymous_4)
FNDA:0,(anonymous_5)
FNDA:0,(anonymous_6)
FNDA:0,(anonymous_7)
FNDA:0,(anonymous_8)
FNDA:0,(anonymous_9)
FNDA:0,(anonymous_10)
FNDA:0,(anonymous_11)
FNDA:0,(anonymous_12)
DA:1,1
DA:2,1
DA:3,1
DA:5,1
DA:16,0
DA:17,0
DA:20,0
DA:23,0
DA:26,0
DA:32,0
DA:38,0
DA:39,0
DA:41,0
DA:43,0
DA:56,0
DA:57,0
DA:60,0
DA:63,0
DA:66,0
DA:72,0
DA:78,0
DA:79,0
DA:81,0
DA:83,0
DA:96,0
DA:97,0
DA:100,0
DA:103,0
DA:109,0
DA:115,0
DA:116,0
DA:118,0
DA:120,0
DA:133,0
DA:134,0
DA:137,0
DA:140,0
DA:144,0
DA:147,0
DA:153,0
DA:154,0
DA:156,0
DA:158,0
DA:171,0
DA:172,0
DA:175,0
DA:178,0
DA:181,0
DA:187,0
DA:188,0
DA:190,0
DA:192,0
DA:205,0
DA:206,0
DA:209,0
DA:212,0
DA:215,0
DA:216,0
DA:217,0
DA:219,0
DA:225,0
DA:226,0
DA:228,0
DA:230,0
DA:243,0
DA:244,0
DA:247,0
DA:250,0
DA:263,0
DA:265,0
DA:267,0
LF:71
LH:4
BRDA:17,0,0,0
BRDA:17,0,1,0
BRDA:20,1,0,0
BRDA:20,1,1,0
BRDA:23,2,0,0
BRDA:23,2,1,0
BRDA:57,3,0,0
BRDA:57,3,1,0
BRDA:60,4,0,0
BRDA:60,4,1,0
BRDA:63,5,0,0
BRDA:63,5,1,0
BRDA:97,6,0,0
BRDA:97,6,1,0
BRDA:100,7,0,0
BRDA:100,7,1,0
BRDA:134,8,0,0
BRDA:134,8,1,0
BRDA:137,9,0,0
BRDA:137,9,1,0
BRDA:172,10,0,0
BRDA:172,10,1,0
BRDA:175,11,0,0
BRDA:175,11,1,0
BRDA:206,12,0,0
BRDA:206,12,1,0
BRDA:209,13,0,0
BRDA:209,13,1,0
BRDA:212,14,0,0
BRDA:212,14,1,0
BRDA:244,15,0,0
BRDA:244,15,1,0
BRDA:247,16,0,0
BRDA:247,16,1,0
BRDA:247,17,0,0
BRDA:247,17,1,0
BRF:36
BRH:0
end_of_record
TN:
SF:game/quest/quests/building-quests/footprints-in-the-dark.js
FN:20,(anonymous_0)
FN:74,(anonymous_1)
FN:79,(anonymous_2)
FN:80,(anonymous_3)
FN:113,(anonymous_4)
FN:166,(anonymous_5)
FN:210,(anonymous_6)
FN:270,(anonymous_7)
FN:275,(anonymous_8)
FN:276,(anonymous_9)
FNF:10
FNH:0
FNDA:0,(anonymous_0)
FNDA:0,(anonymous_1)
FNDA:0,(anonymous_2)
FNDA:0,(anonymous_3)
FNDA:0,(anonymous_4)
FNDA:0,(anonymous_5)
FNDA:0,(anonymous_6)
FNDA:0,(anonymous_7)
FNDA:0,(anonymous_8)
FNDA:0,(anonymous_9)
DA:1,1
DA:4,1
DA:21,0
DA:22,0
DA:24,0
DA:26,0
DA:28,0
DA:30,0
DA:31,0
DA:32,0
DA:33,0
DA:35,0
DA:36,0
DA:38,0
DA:49,0
DA:52,0
DA:54,0
DA:75,0
DA:76,0
DA:79,0
DA:80,0
DA:83,0
DA:88,0
DA:93,0
DA:94,0
DA:96,0
DA:98,0
DA:114,0
DA:115,0
DA:117,0
DA:119,0
DA:121,0
DA:123,0
DA:124,0
DA:125,0
DA:126,0
DA:128,0
DA:129,0
DA:131,0
DA:137,0
DA:139,0
DA:140,0
DA:142,0
DA:148,0
DA:151,0
DA:153,0
DA:167,0
DA:168,0
DA:170,0
DA:172,0
DA:174,0
DA:176,0
DA:177,0
DA:178,0
DA:179,0
DA:181,0
DA:182,0
DA:184,0
DA:190,0
DA:193,0
DA:195,0
DA:211,0
DA:212,0
DA:214,0
DA:216,0
DA:218,0
DA:220,0
DA:221,0
DA:222,0
DA:224,0
DA:225,0
DA:227,0
DA:239,0
DA:241,0
DA:242,0
DA:244,0
DA:247,0
DA:249,0
DA:271,0
DA:272,0
DA:275,0
DA:276,0
DA:279,0
DA:284,0
DA:286,0
DA:288,0
DA:290,0
LF:87
LH:2
BRDA:22,0,0,0
BRDA:22,0,1,0
BRDA:22,1,0,0
BRDA:22,1,1,0
BRDA:26,2,0,0
BRDA:26,2,1,0
BRDA:26,3,0,0
BRDA:26,3,1,0
BRDA:30,4,0,0
BRDA:30,4,1,0
BRDA:35,5,0,0
BRDA:35,5,1,0
BRDA:76,6,0,0
BRDA:76,6,1,0
BRDA:76,7,0,0
BRDA:76,7,1,0
BRDA:80,8,0,0
BRDA:80,8,1,0
BRDA:115,9,0,0
BRDA:115,9,1,0
BRDA:115,10,0,0
BRDA:115,10,1,0
BRDA:119,11,0,0
BRDA:119,11,1,0
BRDA:119,12,0,0
BRDA:119,12,1,0
BRDA:123,13,0,0
BRDA:123,13,1,0
BRDA:128,14,0,0
BRDA:128,14,1,0
BRDA:139,15,0,0
BRDA:139,15,1,0
BRDA:168,16,0,0
BRDA:168,16,1,0
BRDA:168,17,0,0
BRDA:168,17,1,0
BRDA:172,18,0,0
BRDA:172,18,1,0
BRDA:172,19,0,0
BRDA:172,19,1,0
BRDA:176,20,0,0
BRDA:176,20,1,0
BRDA:181,21,0,0
BRDA:181,21,1,0
BRDA:212,22,0,0
BRDA:212,22,1,0
BRDA:212,23,0,0
BRDA:212,23,1,0
BRDA:216,24,0,0
BRDA:216,24,1,0
BRDA:216,25,0,0
BRDA:216,25,1,0
BRDA:220,26,0,0
BRDA:220,26,1,0
BRDA:224,27,0,0
BRDA:224,27,1,0
BRDA:241,28,0,0
BRDA:241,28,1,0
BRDA:272,29,0,0
BRDA:272,29,1,0
BRDA:272,30,0,0
BRDA:272,30,1,0
BRDA:276,31,0,0
BRDA:276,31,1,0
BRF:64
BRH:0
end_of_record
TN:
SF:game/quest/quests/grassy-plains/child-support.js
FN:22,(anonymous_0)
FNF:1
FNH:0
FNDA:0,(anonymous_0)
DA:1,1
DA:2,1
DA:3,1
DA:5,1
DA:23,0
DA:24,0
DA:27,0
DA:28,0
DA:31,0
DA:32,0
DA:35,0
DA:38,0
DA:40,0
DA:42,0
DA:44,0
LF:15
LH:4
BRDA:24,0,0,0
BRDA:24,0,1,0
BRDA:27,1,0,0
BRDA:27,1,1,0
BRDA:28,2,0,0
BRDA:28,2,1,0
BRF:6
BRH:0
end_of_record
TN:
SF:game/quest/quests/grassy-plains/entering-the-mansion.js
FN:27,(anonymous_0)
FN:33,(anonymous_1)
FN:34,(anonymous_2)
FN:67,(anonymous_3)
FN:125,(anonymous_4)
FN:130,(anonymous_5)
FN:131,(anonymous_6)
FN:160,(anonymous_7)
FN:166,(anonymous_8)
FN:167,(anonymous_9)
FN:211,(anonymous_10)
FN:217,(anonymous_11)
FN:218,(anonymous_12)
FN:251,(anonymous_13)
FN:283,(anonymous_14)
FN:333,(anonymous_15)
FN:339,(anonymous_16)
FN:340,(anonymous_17)
FN:385,(anonymous_18)
FN:391,(anonymous_19)
FN:392,(anonymous_20)
FN:424,(anonymous_21)
FNF:22
FNH:0
FNDA:0,(anonymous_0)
FNDA:0,(anonymous_1)
FNDA:0,(anonymous_2)
FNDA:0,(anonymous_3)
FNDA:0,(anonymous_4)
FNDA:0,(anonymous_5)
FNDA:0,(anonymous_6)
FNDA:0,(anonymous_7)
FNDA:0,(anonymous_8)
FNDA:0,(anonymous_9)
FNDA:0,(anonymous_10)
FNDA:0,(anonymous_11)
FNDA:0,(anonymous_12)
FNDA:0,(anonymous_13)
FNDA:0,(anonymous_14)
FNDA:0,(anonymous_15)
FNDA:0,(anonymous_16)
FNDA:0,(anonymous_17)
FNDA:0,(anonymous_18)
FNDA:0,(anonymous_19)
FNDA:0,(anonymous_20)
FNDA:0,(anonymous_21)
DA:1,1
DA:2,1
DA:4,1
DA:28,0
DA:29,0
DA:33,0
DA:34,0
DA:38,0
DA:43,0
DA:49,0
DA:50,0
DA:52,0
DA:54,0
DA:68,0
DA:84,0
DA:85,0
DA:88,0
DA:91,0
DA:102,0
DA:103,0
DA:105,0
DA:107,0
DA:126,0
DA:127,0
DA:130,0
DA:131,0
DA:134,0
DA:136,0
DA:138,0
DA:140,0
DA:161,0
DA:162,0
DA:166,0
DA:167,0
DA:176,0
DA:187,0
DA:188,0
DA:190,0
DA:192,0
DA:212,0
DA:213,0
DA:217,0
DA:218,0
DA:227,0
DA:233,0
DA:234,0
DA:236,0
DA:238,0
DA:252,0
DA:253,0
DA:255,0
DA:256,0
DA:259,0
DA:264,0
DA:266,0
DA:268,0
DA:284,0
DA:285,0
DA:288,0
DA:289,0
DA:290,0
DA:298,0
DA:309,0
DA:310,0
DA:312,0
DA:314,0
DA:334,0
DA:335,0
DA:339,0
DA:340,0
DA:343,0
DA:348,0
DA:360,0
DA:361,0
DA:363,0
DA:365,0
DA:386,0
DA:387,0
DA:391,0
DA:392,0
DA:395,0
DA:400,0
DA:406,0
DA:407,0
DA:409,0
DA:411,0
DA:425,0
DA:426,0
DA:429,0
DA:433,0
DA:435,0
DA:437,0
LF:92
LH:3
BRDA:29,0,0,0
BRDA:29,0,1,0
BRDA:34,1,0,0
BRDA:34,1,1,0
BRDA:85,2,0,0
BRDA:85,2,1,0
BRDA:88,3,0,0
BRDA:88,3,1,0
BRDA:88,4,0,0
BRDA:88,4,1,0
BRDA:127,5,0,0
BRDA:127,5,1,0
BRDA:131,6,0,0
BRDA:131,6,1,0
BRDA:162,7,0,0
BRDA:162,7,1,0
BRDA:167,8,0,0
BRDA:167,8,1,0
BRDA:213,9,0,0
BRDA:213,9,1,0
BRDA:218,10,0,0
BRDA:218,10,1,0
BRDA:253,11,0,0
BRDA:253,11,1,0
BRDA:255,12,0,0
BRDA:255,12,1,0
BRDA:256,13,0,0
BRDA:256,13,1,0
BRDA:285,14,0,0
BRDA:285,14,1,0
BRDA:288,15,0,0
BRDA:288,15,1,0
BRDA:289,16,0,0
BRDA:289,16,1,0
BRDA:290,17,0,0
BRDA:290,17,1,0
BRDA:335,18,0,0
BRDA:335,18,1,0
BRDA:340,19,0,0
BRDA:340,19,1,0
BRDA:387,20,0,0
BRDA:387,20,1,0
BRDA:392,21,0,0
BRDA:392,21,1,0
BRDA:426,22,0,0
BRDA:426,22,1,0
BRF:46
BRH:0
end_of_record
TN:
SF:game/quest/quests/grassy-plains/fools-treasure-hunt.js
FN:27,(anonymous_0)
FN:32,(anonymous_1)
FN:33,(anonymous_2)
FN:70,(anonymous_3)
FN:75,(anonymous_4)
FN:76,(anonymous_5)
FN:120,(anonymous_6)
FN:125,(anonymous_7)
FN:126,(anonymous_8)
FN:156,(anonymous_9)
FNF:10
FNH:0
FNDA:0,(anonymous_0)
FNDA:0,(anonymous_1)
FNDA:0,(anonymous_2)
FNDA:0,(anonymous_3)
FNDA:0,(anonymous_4)
FNDA:0,(anonymous_5)
FNDA:0,(anonymous_6)
FNDA:0,(anonymous_7)
FNDA:0,(anonymous_8)
FNDA:0,(anonymous_9)
DA:1,1
DA:3,1
DA:28,0
DA:29,0
DA:32,0
DA:33,0
DA:36,0
DA:46,0
DA:47,0
DA:49,0
DA:51,0
DA:71,0
DA:72,0
DA:75,0
DA:76,0
DA:79,0
DA:85,0
DA:96,0
DA:97,0
DA:99,0
DA:101,0
DA:121,0
DA:122,0
DA:125,0
DA:126,0
DA:129,0
DA:134,0
DA:139,0
DA:140,0
DA:142,0
DA:144,0
DA:157,0
DA:158,0
DA:161,0
DA:162,0
DA:165,0
DA:171,0
DA:175,0
DA:177,0
DA:179,0
LF:40
LH:2
BRDA:29,0,0,0
BRDA:29,0,1,0
BRDA:33,1,0,0
BRDA:33,1,1,0
BRDA:72,2,0,0
BRDA:72,2,1,0
BRDA:76,3,0,0
BRDA:76,3,1,0
BRDA:122,4,0,0
BRDA:122,4,1,0
BRDA:126,5,0,0
BRDA:126,5,1,0
BRDA:158,6,0,0
BRDA:158,6,1,0
BRDA:161,7,0,0
BRDA:161,7,1,0
BRDA:162,8,0,0
BRDA:162,8,1,0
BRF:18
BRH:0
end_of_record
TN:
SF:game/quest/quests/grassy-plains/missing-daughter.js
FN:28,(anonymous_0)
FN:33,(anonymous_1)
FN:34,(anonymous_2)
FN:77,(anonymous_3)
FN:82,(anonymous_4)
FN:83,(anonymous_5)
FN:113,(anonymous_6)
FNF:7
FNH:0
FNDA:0,(anonymous_0)
FNDA:0,(anonymous_1)
FNDA:0,(anonymous_2)
FNDA:0,(anonymous_3)
FNDA:0,(anonymous_4)
FNDA:0,(anonymous_5)
FNDA:0,(anonymous_6)
DA:1,1
DA:2,1
DA:4,1
DA:29,0
DA:30,0
DA:33,0
DA:34,0
DA:37,0
DA:42,0
DA:53,0
DA:54,0
DA:56,0
DA:58,0
DA:78,0
DA:79,0
DA:82,0
DA:83,0
DA:86,0
DA:90,0
DA:96,0
DA:97,0
DA:99,0
DA:101,0
DA:114,0
DA:115,0
DA:118,0
DA:120,0
DA:122,0
DA:124,0
LF:29
LH:3
BRDA:30,0,0,0
BRDA:30,0,1,0
BRDA:34,1,0,0
BRDA:34,1,1,0
BRDA:79,2,0,0
BRDA:79,2,1,0
BRDA:83,3,0,0
BRDA:83,3,1,0
BRDA:115,4,0,0
BRDA:115,4,1,0
BRF:10
BRH:0
end_of_record
TN:
SF:game/quest/quests/grassy-plains/mystery-mine.js
FN:28,(anonymous_0)
FN:33,(anonymous_1)
FN:34,(anonymous_2)
FN:65,(anonymous_3)
FN:100,(anonymous_4)
FNF:5
FNH:0
FNDA:0,(anonymous_0)
FNDA:0,(anonymous_1)
FNDA:0,(anonymous_2)
FNDA:0,(anonymous_3)
FNDA:0,(anonymous_4)
DA:1,1
DA:2,1
DA:5,1
DA:29,0
DA:30,0
DA:33,0
DA:34,0
DA:37,0
DA:42,0
DA:48,0
DA:49,0
DA:51,0
DA:53,0
DA:66,0
DA:67,0
DA:69,0
DA:72,0
DA:77,0
DA:83,0
DA:84,0
DA:86,0
DA:88,0
DA:101,0
DA:102,0
DA:105,0
DA:108,0
DA:109,0
DA:111,0
DA:113,0
DA:115,0
LF:30
LH:3
BRDA:30,0,0,0
BRDA:30,0,1,0
BRDA:34,1,0,0
BRDA:34,1,1,0
BRDA:67,2,0,0
BRDA:67,2,1,0
BRDA:69,3,0,0
BRDA:69,3,1,0
BRDA:102,4,0,0
BRDA:102,4,1,0
BRF:10
BRH:0
end_of_record
TN:
SF:game/quest/quests/grassy-plains/refugees-in-the-forest.js
FN:21,(anonymous_0)
FN:64,(anonymous_1)
FN:66,(anonymous_2)
FN:86,(anonymous_3)
FN:119,(anonymous_4)
FN:124,(anonymous_5)
FN:125,(anonymous_6)
FN:155,(anonymous_7)
FN:160,(anonymous_8)
FN:161,(anonymous_9)
FN:193,(anonymous_10)
FN:198,(anonymous_11)
FN:199,(anonymous_12)
FNF:13
FNH:0
FNDA:0,(anonymous_0)
FNDA:0,(anonymous_1)
FNDA:0,(anonymous_2)
FNDA:0,(anonymous_3)
FNDA:0,(anonymous_4)
FNDA:0,(anonymous_5)
FNDA:0,(anonymous_6)
FNDA:0,(anonymous_7)
FNDA:0,(anonymous_8)
FNDA:0,(anonymous_9)
FNDA:0,(anonymous_10)
FNDA:0,(anonymous_11)
FNDA:0,(anonymous_12)
DA:1,1
DA:2,1
DA:4,1
DA:22,0
DA:23,0
DA:26,0
DA:27,0
DA:28,0
DA:31,0
DA:38,0
DA:41,0
DA:51,0
DA:52,0
DA:54,0
DA:56,0
DA:66,0
DA:68,0
DA:79,0
DA:81,0
DA:82,0
DA:86,0
DA:88,0
DA:99,0
DA:101,0
DA:103,0
DA:120,0
DA:121,0
DA:124,0
DA:125,0
DA:127,0
DA:130,0
DA:131,0
DA:133,0
DA:135,0
DA:156,0
DA:157,0
DA:160,0
DA:161,0
DA:165,0
DA:169,0
DA:171,0
DA:173,0
DA:194,0
DA:195,0
DA:198,0
DA:199,0
DA:203,0
DA:205,0
DA:207,0
LF:49
LH:3
BRDA:23,0,0,0
BRDA:23,0,1,0
BRDA:26,1,0,0
BRDA:26,1,1,0
BRDA:27,2,0,0
BRDA:27,2,1,0
BRDA:28,3,0,0
BRDA:28,3,1,0
BRDA:66,4,0,0
BRDA:66,4,1,0
BRDA:66,5,0,0
BRDA:66,5,1,0
BRDA:86,6,0,0
BRDA:86,6,1,0
BRDA:86,7,0,0
BRDA:86,7,1,0
BRDA:121,8,0,0
BRDA:121,8,1,0
BRDA:125,9,0,0
BRDA:125,9,1,0
BRDA:127,10,0,0
BRDA:127,10,1,0
BRDA:127,11,0,0
BRDA:127,11,1,0
BRDA:157,12,0,0
BRDA:157,12,1,0
BRDA:161,13,0,0
BRDA:161,13,1,0
BRDA:195,14,0,0
BRDA:195,14,1,0
BRDA:199,15,0,0
BRDA:199,15,1,0
BRF:32
BRH:0
end_of_record
TN:
SF:game/raid/index.js
FN:8,(anonymous_0)
FN:27,(anonymous_1)
FN:28,(anonymous_2)
FN:36,(anonymous_3)
FN:42,(anonymous_4)
FN:53,(anonymous_5)
FN:66,(anonymous_6)
FNF:7
FNH:0
FNDA:0,(anonymous_0)
FNDA:0,(anonymous_1)
FNDA:0,(anonymous_2)
FNDA:0,(anonymous_3)
FNDA:0,(anonymous_4)
FNDA:0,(anonymous_5)
FNDA:0,(anonymous_6)
DA:1,1
DA:2,1
DA:3,1
DA:4,1
DA:5,1
DA:6,1
DA:8,1
DA:11,0
DA:12,0
DA:13,0
DA:17,0
DA:18,0
DA:21,0
DA:22,0
DA:23,0
DA:25,0
DA:26,0
DA:27,0
DA:28,0
DA:31,0
DA:32,0
DA:35,0
DA:37,0
DA:38,0
DA:39,0
DA:42,0
DA:45,0
DA:46,0
DA:52,0
DA:53,0
DA:54,0
DA:55,0
DA:66,0
DA:67,0
DA:68,0
DA:70,0
DA:75,0
DA:76,0
DA:77,0
DA:79,0
DA:82,0
DA:83,0
DA:87,0
DA:91,0
DA:92,0
DA:93,0
DA:94,0
DA:95,0
DA:96,0
DA:97,0
DA:99,0
DA:102,0
DA:103,0
DA:107,1
LF:54
LH:8
BRDA:8,0,0,0
BRDA:12,1,0,0
BRDA:12,1,1,0
BRDA:17,2,0,0
BRDA:17,2,1,0
BRDA:17,3,0,0
BRDA:17,3,1,0
BRDA:31,4,0,0
BRDA:31,4,1,0
BRDA:38,5,0,0
BRDA:38,5,1,0
BRDA:45,6,0,0
BRDA:45,6,1,0
BRDA:52,7,0,0
BRDA:52,7,1,0
BRDA:75,8,0,0
BRDA:75,8,1,0
BRDA:76,9,0,0
BRDA:76,9,1,0
BRDA:82,10,0,0
BRDA:82,10,1,0
BRDA:95,11,0,0
BRDA:95,11,1,0
BRF:23
BRH:0
end_of_record
TN:
SF:game/recruit/all-units.js
FNF:0
FNH:0
DA:1,1
DA:2,1
DA:4,1
LF:3
LH:3
BRF:0
BRH:0
end_of_record
TN:
SF:game/recruit/archery/archery-units.js
FNF:0
FNH:0
DA:1,1
LF:1
LH:1
BRF:0
BRH:0
end_of_record
TN:
SF:game/recruit/barracks/barracks-units.js
FNF:0
FNH:0
DA:1,1
LF:1
LH:1
BRF:0
BRH:0
end_of_record
TN:
SF:game/tower/tower.js
FN:5,(anonymous_0)
FNF:1
FNH:0
FNDA:0,(anonymous_0)
DA:1,1
DA:2,1
DA:5,1
DA:7,0
DA:8,0
DA:9,0
DA:11,0
DA:16,0
DA:17,0
DA:18,0
DA:20,0
DA:23,1
LF:12
LH:4
BRDA:7,0,0,0
BRDA:7,0,1,0
BRDA:8,1,0,0
BRDA:8,1,1,0
BRDA:11,2,0,0
BRDA:11,2,1,0
BRDA:16,3,0,0
BRDA:16,3,1,0
BRF:8
BRH:0
end_of_record
TN:
SF:game/tower/army-tower/army-tower.js
FN:7,(anonymous_0)
FN:20,(anonymous_1)
FN:36,(anonymous_2)
FN:39,(anonymous_3)
FN:40,(anonymous_4)
FN:47,(anonymous_5)
FN:48,(anonymous_6)
FN:51,(anonymous_7)
FN:55,(anonymous_8)
FN:56,(anonymous_9)
FN:75,(anonymous_10)
FN:77,(anonymous_11)
FN:79,(anonymous_12)
FN:87,(anonymous_13)
FN:97,(anonymous_14)
FN:97,(anonymous_15)
FN:97,(anonymous_16)
FN:98,(anonymous_17)
FN:127,(anonymous_18)
FN:135,(anonymous_19)
FN:140,(anonymous_20)
FN:148,(anonymous_21)
FN:149,(anonymous_22)
FN:150,(anonymous_23)
FN:150,(anonymous_24)
FNF:25
FNH:0
FNDA:0,(anonymous_0)
FNDA:0,(anonymous_1)
FNDA:0,(anonymous_2)
FNDA:0,(anonymous_3)
FNDA:0,(anonymous_4)
FNDA:0,(anonymous_5)
FNDA:0,(anonymous_6)
FNDA:0,(anonymous_7)
FNDA:0,(anonymous_8)
FNDA:0,(anonymous_9)
FNDA:0,(anonymous_10)
FNDA:0,(anonymous_11)
FNDA:0,(anonymous_12)
FNDA:0,(anonymous_13)
FNDA:0,(anonymous_14)
FNDA:0,(anonymous_15)
FNDA:0,(anonymous_16)
FNDA:0,(anonymous_17)
FNDA:0,(anonymous_18)
FNDA:0,(anonymous_19)
FNDA:0,(anonymous_20)
FNDA:0,(anonymous_21)
FNDA:0,(anonymous_22)
FNDA:0,(anonymous_23)
FNDA:0,(anonymous_24)
DA:1,1
DA:2,1
DA:3,1
DA:7,1
DA:9,0
DA:20,0
DA:21,0
DA:24,0
DA:25,0
DA:27,0
DA:29,0
DA:31,0
DA:32,0
DA:36,0
DA:39,0
DA:40,0
DA:42,0
DA:43,0
DA:47,0
DA:48,0
DA:51,0
DA:54,0
DA:55,0
DA:56,0
DA:57,0
DA:59,0
DA:60,0
DA:61,0
DA:62,0
DA:65,0
DA:66,0
DA:68,0
DA:69,0
DA:70,0
DA:73,0
DA:75,0
DA:77,0
DA:79,0
DA:83,0
DA:85,0
DA:87,0
DA:88,0
DA:91,0
DA:92,0
DA:93,0
DA:97,0
DA:98,0
DA:100,0
DA:101,0
DA:102,0
DA:104,0
DA:107,0
DA:109,0
DA:112,0
DA:117,0
DA:124,0
DA:125,0
DA:127,0
DA:128,0
DA:131,0
DA:132,0
DA:135,0
DA:136,0
DA:140,0
DA:142,0
DA:144,0
DA:148,1
DA:149,0
DA:150,0
DA:151,0
DA:155,1
LF:71
LH:6
BRDA:21,0,0,0
BRDA:21,0,1,0
BRDA:54,1,0,0
BRDA:54,1,1,0
BRDA:68,2,0,0
BRDA:68,2,1,0
BRDA:83,3,0,0
BRDA:83,3,1,0
BRDA:100,4,0,0
BRDA:100,4,1,0
BRDA:107,5,0,0
BRDA:107,5,1,0
BRDA:151,6,0,0
BRDA:151,6,1,0
BRF:14
BRH:0
end_of_record
TN:
SF:game/tower/army-tower/army-tower-enemies/army-tower-enemies.js
FN:12,(anonymous_0)
FN:60,(anonymous_1)
FNF:2
FNH:0
FNDA:0,(anonymous_0)
FNDA:0,(anonymous_1)
DA:1,1
DA:2,1
DA:3,1
DA:4,1
DA:5,1
DA:6,1
DA:7,1
DA:8,1
DA:9,1
DA:10,1
DA:12,1
DA:13,0
DA:15,0
DA:16,0
DA:22,0
DA:23,0
DA:25,0
DA:26,0
DA:28,0
DA:29,0
DA:31,0
DA:32,0
DA:34,0
DA:35,0
DA:37,0
DA:38,0
DA:40,0
DA:41,0
DA:43,0
DA:44,0
DA:46,0
DA:47,0
DA:53,0
DA:54,0
DA:56,0
DA:60,1
DA:61,0
DA:62,0
DA:64,0
DA:67,1
LF:40
LH:13
BRDA:15,0,0,0
BRDA:15,0,1,0
BRDA:22,1,0,0
BRDA:22,1,1,0
BRDA:22,2,0,0
BRDA:22,2,1,0
BRDA:25,3,0,0
BRDA:25,3,1,0
BRDA:25,4,0,0
BRDA:25,4,1,0
BRDA:28,5,0,0
BRDA:28,5,1,0
BRDA:28,6,0,0
BRDA:28,6,1,0
BRDA:31,7,0,0
BRDA:31,7,1,0
BRDA:31,8,0,0
BRDA:31,8,1,0
BRDA:34,9,0,0
BRDA:34,9,1,0
BRDA:34,10,0,0
BRDA:34,10,1,0
BRDA:37,11,0,0
BRDA:37,11,1,0
BRDA:37,12,0,0
BRDA:37,12,1,0
BRDA:40,13,0,0
BRDA:40,13,1,0
BRDA:40,14,0,0
BRDA:40,14,1,0
BRDA:43,15,0,0
BRDA:43,15,1,0
BRDA:43,16,0,0
BRDA:43,16,1,0
BRDA:46,17,0,0
BRDA:46,17,1,0
BRDA:46,18,0,0
BRDA:46,18,1,0
BRDA:53,19,0,0
BRDA:53,19,1,0
BRDA:61,20,0,0
BRDA:61,20,1,0
BRDA:61,21,0,0
BRDA:61,21,1,0
BRF:44
BRH:0
end_of_record
TN:
SF:game/tower/army-tower/army-tower-enemies/level-10.js
FNF:0
FNH:0
DA:1,1
DA:83,1
LF:2
LH:2
BRF:0
BRH:0
end_of_record
TN:
SF:game/tower/army-tower/army-tower-enemies/level-100.js
FNF:0
FNH:0
DA:1,1
DA:83,1
LF:2
LH:2
BRF:0
BRH:0
end_of_record
TN:
SF:game/tower/army-tower/army-tower-enemies/level-20.js
FNF:0
FNH:0
DA:1,1
DA:83,1
LF:2
LH:2
BRF:0
BRH:0
end_of_record
TN:
SF:game/tower/army-tower/army-tower-enemies/level-30.js
FNF:0
FNH:0
DA:1,1
DA:83,1
LF:2
LH:2
BRF:0
BRH:0
end_of_record
TN:
SF:game/tower/army-tower/army-tower-enemies/level-40.js
FNF:0
FNH:0
DA:1,1
DA:83,1
LF:2
LH:2
BRF:0
BRH:0
end_of_record
TN:
SF:game/tower/army-tower/army-tower-enemies/level-50.js
FNF:0
FNH:0
DA:1,1
DA:83,1
LF:2
LH:2
BRF:0
BRH:0
end_of_record
TN:
SF:game/tower/army-tower/army-tower-enemies/level-60.js
FNF:0
FNH:0
DA:1,1
DA:83,1
LF:2
LH:2
BRF:0
BRH:0
end_of_record
TN:
SF:game/tower/army-tower/army-tower-enemies/level-70.js
FNF:0
FNH:0
DA:1,1
DA:83,1
LF:2
LH:2
BRF:0
BRH:0
end_of_record
TN:
SF:game/tower/army-tower/army-tower-enemies/level-80.js
FNF:0
FNH:0
DA:1,1
DA:83,1
LF:2
LH:2
BRF:0
BRH:0
end_of_record
TN:
SF:game/tower/army-tower/army-tower-enemies/level-90.js
FNF:0
FNH:0
DA:1,1
DA:83,1
LF:2
LH:2
BRF:0
BRH:0
end_of_record
TN:
SF:game/tower/embeds/tower-info-embed.js
FN:4,(anonymous_0)
FNF:1
FNH:0
FNDA:0,(anonymous_0)
DA:1,1
DA:4,1
DA:5,0
DA:6,0
DA:8,0
DA:35,0
DA:41,0
DA:44,1
LF:8
LH:3
BRF:0
BRH:0
end_of_record
TN:
SF:game/tower/embeds/tower-results-embed.js
FN:5,(anonymous_0)
FN:7,(anonymous_1)
FN:10,(anonymous_2)
FN:23,(anonymous_3)
FN:33,(anonymous_4)
FN:40,(anonymous_5)
FN:40,(anonymous_6)
FN:40,(anonymous_7)
FNF:8
FNH:0
FNDA:0,(anonymous_0)
FNDA:0,(anonymous_1)
FNDA:0,(anonymous_2)
FNDA:0,(anonymous_3)
FNDA:0,(anonymous_4)
FNDA:0,(anonymous_5)
FNDA:0,(anonymous_6)
FNDA:0,(anonymous_7)
DA:1,1
DA:2,1
DA:5,1
DA:6,0
DA:7,0
DA:8,0
DA:10,0
DA:11,0
DA:13,0
DA:19,0
DA:22,0
DA:23,0
DA:25,0
DA:26,0
DA:27,0
DA:32,0
DA:33,0
DA:34,0
DA:38,0
DA:40,0
DA:43,0
DA:51,0
DA:54,1
LF:23
LH:4
BRDA:16,0,0,0
BRDA:16,0,1,0
BRDA:28,1,0,0
BRDA:28,1,1,0
BRDA:28,2,0,0
BRDA:28,2,1,0
BRDA:29,3,0,0
BRDA:29,3,1,0
BRDA:32,4,0,0
BRDA:32,4,1,0
BRF:10
BRH:0
end_of_record
TN:
SF:game/use/consumables-object.js
FN:10,(anonymous_0)
FN:22,(anonymous_1)
FN:34,(anonymous_2)
FN:46,(anonymous_3)
FN:58,(anonymous_4)
FN:70,(anonymous_5)
FN:82,(anonymous_6)
FN:94,(anonymous_7)
FN:100,(anonymous_8)
FNF:9
FNH:0
FNDA:0,(anonymous_0)
FNDA:0,(anonymous_1)
FNDA:0,(anonymous_2)
FNDA:0,(anonymous_3)
FNDA:0,(anonymous_4)
FNDA:0,(anonymous_5)
FNDA:0,(anonymous_6)
FNDA:0,(anonymous_7)
FNDA:0,(anonymous_8)
DA:1,1
DA:11,0
DA:23,0
DA:35,0
DA:47,0
DA:59,0
DA:71,0
DA:83,0
DA:95,0
DA:100,1
DA:102,0
DA:103,0
DA:105,0
DA:107,0
DA:109,0
DA:113,1
LF:16
LH:3
BRDA:102,0,0,0
BRDA:102,0,1,0
BRDA:103,1,0,0
BRDA:103,1,1,0
BRF:4
BRH:0
end_of_record
TN:
SF:game/weeklyPrize/index.js
FN:6,(anonymous_0)
FN:37,(anonymous_1)
FN:50,(anonymous_2)
FNF:3
FNH:0
FNDA:0,(anonymous_0)
FNDA:0,(anonymous_1)
FNDA:0,(anonymous_2)
DA:1,1
DA:2,1
DA:3,1
DA:4,1
DA:6,1
DA:7,0
DA:8,0
DA:9,0
DA:12,0
DA:13,0
DA:16,0
DA:18,0
DA:21,0
DA:22,0
DA:24,0
DA:25,0
DA:28,0
DA:29,0
DA:30,0
DA:32,0
DA:33,0
DA:34,0
DA:37,1
DA:38,0
DA:40,0
DA:41,0
DA:42,0
DA:44,0
DA:48,0
DA:50,0
DA:51,0
DA:54,0
DA:55,0
DA:67,0
DA:71,1
LF:35
LH:7
BRDA:8,0,0,0
BRDA:8,0,1,0
BRDA:21,1,0,0
BRDA:21,1,1,0
BRDA:21,2,0,0
BRDA:21,2,1,0
BRDA:24,3,0,0
BRDA:24,3,1,0
BRF:8
BRH:0
end_of_record
TN:
SF:models/Lottery.js
FN:35,(anonymous_0)
FN:36,(anonymous_1)
FN:54,(anonymous_2)
FNF:3
FNH:0
FNDA:0,(anonymous_0)
FNDA:0,(anonymous_1)
FNDA:0,(anonymous_2)
DA:1,1
DA:3,1
DA:5,1
DA:6,1
DA:9,0
DA:12,1
DA:14,1
DA:35,1
DA:36,0
DA:37,0
DA:38,0
DA:45,0
DA:46,0
DA:47,0
DA:50,0
DA:51,0
DA:54,1
DA:55,0
DA:56,0
DA:58,0
DA:59,0
DA:60,0
DA:61,0
DA:64,0
DA:66,0
DA:71,0
DA:76,1
LF:27
LH:9
BRDA:5,0,0,1
BRDA:5,0,1,0
BRDA:37,1,0,0
BRDA:37,1,1,0
BRDA:55,2,0,0
BRDA:55,2,1,0
BRDA:55,3,0,0
BRDA:55,3,1,0
BRF:8
BRH:1
end_of_record
TN:
SF:models/User.js
FN:304,(anonymous_0)
FN:305,(anonymous_1)
FN:312,(anonymous_2)
FN:316,(anonymous_3)
FN:317,(anonymous_4)
FN:324,(anonymous_5)
FN:325,(anonymous_6)
FN:332,(anonymous_7)
FN:333,(anonymous_8)
FN:339,(anonymous_9)
FN:340,(anonymous_10)
FN:345,(anonymous_11)
FN:346,(anonymous_12)
FN:353,(anonymous_13)
FN:357,(anonymous_14)
FN:364,(anonymous_15)
FN:373,(anonymous_16)
FN:378,(anonymous_17)
FN:383,(anonymous_18)
FN:384,(anonymous_19)
FN:387,(anonymous_20)
FN:389,(anonymous_21)
FN:405,(anonymous_22)
FN:410,(anonymous_23)
FN:411,(anonymous_24)
FN:417,(anonymous_25)
FN:428,(anonymous_26)
FN:429,(anonymous_27)
FN:447,(anonymous_28)
FN:450,(anonymous_29)
FN:451,(anonymous_30)
FN:457,(anonymous_31)
FN:493,(anonymous_32)
FN:504,(anonymous_33)
FN:516,(anonymous_34)
FN:531,(anonymous_35)
FN:562,(anonymous_36)
FN:564,(anonymous_37)
FN:565,(anonymous_38)
FN:578,(anonymous_39)
FN:588,(anonymous_40)
FN:593,(anonymous_41)
FN:602,(anonymous_42)
FN:606,(anonymous_43)
FN:619,(anonymous_44)
FN:632,(anonymous_45)
FN:651,(anonymous_46)
FN:669,(anonymous_47)
FN:680,(anonymous_48)
FN:683,(anonymous_49)
FN:691,(anonymous_50)
FN:694,(anonymous_51)
FN:697,(anonymous_52)
FN:712,(anonymous_53)
FN:720,(anonymous_54)
FN:727,(anonymous_55)
FN:733,(anonymous_56)
FN:739,(anonymous_57)
FN:745,(anonymous_58)
FN:753,(anonymous_59)
FN:762,(anonymous_60)
FNF:61
FNH:5
FNDA:0,(anonymous_0)
FNDA:0,(anonymous_1)
FNDA:0,(anonymous_2)
FNDA:0,(anonymous_3)
FNDA:0,(anonymous_4)
FNDA:0,(anonymous_5)
FNDA:0,(anonymous_6)
FNDA:0,(anonymous_7)
FNDA:0,(anonymous_8)
FNDA:2,(anonymous_9)
FNDA:2,(anonymous_10)
FNDA:0,(anonymous_11)
FNDA:0,(anonymous_12)
FNDA:1,(anonymous_13)
FNDA:0,(anonymous_14)
FNDA:0,(anonymous_15)
FNDA:0,(anonymous_16)
FNDA:0,(anonymous_17)
FNDA:0,(anonymous_18)
FNDA:0,(anonymous_19)
FNDA:0,(anonymous_20)
FNDA:0,(anonymous_21)
FNDA:0,(anonymous_22)
FNDA:0,(anonymous_23)
FNDA:0,(anonymous_24)
FNDA:0,(anonymous_25)
FNDA:0,(anonymous_26)
FNDA:0,(anonymous_27)
FNDA:0,(anonymous_28)
FNDA:0,(anonymous_29)
FNDA:0,(anonymous_30)
FNDA:0,(anonymous_31)
FNDA:0,(anonymous_32)
FNDA:0,(anonymous_33)
FNDA:0,(anonymous_34)
FNDA:0,(anonymous_35)
FNDA:0,(anonymous_36)
FNDA:0,(anonymous_37)
FNDA:0,(anonymous_38)
FNDA:0,(anonymous_39)
FNDA:0,(anonymous_40)
FNDA:0,(anonymous_41)
FNDA:0,(anonymous_42)
FNDA:0,(anonymous_43)
FNDA:0,(anonymous_44)
FNDA:0,(anonymous_45)
FNDA:0,(anonymous_46)
FNDA:0,(anonymous_47)
FNDA:0,(anonymous_48)
FNDA:0,(anonymous_49)
FNDA:0,(anonymous_50)
FNDA:0,(anonymous_51)
FNDA:0,(anonymous_52)
FNDA:2,(anonymous_53)
FNDA:4,(anonymous_54)
FNDA:0,(anonymous_55)
FNDA:0,(anonymous_56)
FNDA:0,(anonymous_57)
FNDA:0,(anonymous_58)
FNDA:0,(anonymous_59)
FNDA:0,(anonymous_60)
DA:1,1
DA:3,1
DA:5,1
DA:6,1
DA:9,0
DA:12,1
DA:14,1
DA:15,1
DA:16,1
DA:17,1
DA:18,1
DA:19,1
DA:22,1
DA:304,1
DA:305,0
DA:306,0
DA:308,0
DA:309,0
DA:312,1
DA:313,0
DA:316,1
DA:317,0
DA:318,0
DA:319,0
DA:321,0
DA:324,1
DA:325,0
DA:326,0
DA:328,0
DA:329,0
DA:332,1
DA:333,0
DA:334,0
DA:336,0
DA:339,1
DA:340,2
DA:341,2
DA:345,1
DA:346,0
DA:347,0
DA:348,0
DA:353,1
DA:354,1
DA:357,1
DA:358,0
DA:359,0
DA:360,0
DA:364,1
DA:365,0
DA:366,0
DA:368,0
DA:370,0
DA:373,1
DA:374,0
DA:375,0
DA:378,0
DA:379,0
DA:380,0
DA:383,1
DA:384,0
DA:387,1
DA:388,0
DA:389,0
DA:390,0
DA:391,0
DA:392,0
DA:394,0
DA:396,0
DA:397,0
DA:399,0
DA:402,0
DA:405,1
DA:406,0
DA:407,0
DA:410,1
DA:411,0
DA:413,0
DA:417,1
DA:418,0
DA:419,0
DA:420,0
DA:424,0
DA:428,1
DA:429,0
DA:430,0
DA:431,0
DA:433,0
DA:435,0
DA:437,0
DA:438,0
DA:440,0
DA:447,1
DA:448,0
DA:450,0
DA:451,0
DA:452,0
DA:453,0
DA:455,0
DA:456,0
DA:457,0
DA:460,0
DA:461,0
DA:466,0
DA:469,0
DA:472,0
DA:474,0
DA:476,0
DA:479,0
DA:480,0
DA:481,0
DA:488,0
DA:490,0
DA:493,1
DA:494,0
DA:496,0
DA:497,0
DA:503,0
DA:504,0
DA:505,0
DA:506,0
DA:509,0
DA:512,0
DA:516,1
DA:518,0
DA:520,0
DA:521,0
DA:523,0
DA:526,0
DA:527,0
DA:531,1
DA:533,0
DA:534,0
DA:537,0
DA:538,0
DA:541,0
DA:543,0
DA:544,0
DA:546,0
DA:547,0
DA:551,0
DA:552,0
DA:555,0
DA:556,0
DA:558,0
DA:562,1
DA:564,0
DA:565,0
DA:566,0
DA:567,0
DA:568,0
DA:574,0
DA:577,0
DA:578,0
DA:579,0
DA:581,0
DA:582,0
DA:583,0
DA:588,1
DA:590,0
DA:592,0
DA:593,0
DA:594,0
DA:596,0
DA:597,0
DA:598,0
DA:602,1
DA:603,0
DA:605,0
DA:606,0
DA:607,0
DA:609,0
DA:610,0
DA:611,0
DA:613,0
DA:614,0
DA:619,1
DA:620,0
DA:621,0
DA:623,0
DA:624,0
DA:625,0
DA:628,0
DA:632,1
DA:633,0
DA:634,0
DA:635,0
DA:636,0
DA:639,0
DA:640,0
DA:641,0
DA:643,0
DA:646,0
DA:648,0
DA:651,1
DA:652,0
DA:653,0
DA:655,0
DA:656,0
DA:657,0
DA:660,0
DA:661,0
DA:666,0
DA:669,1
DA:670,0
DA:671,0
DA:674,0
DA:675,0
DA:677,0
DA:680,1
DA:681,0
DA:683,0
DA:684,0
DA:691,1
DA:692,0
DA:694,0
DA:696,0
DA:697,0
DA:698,0
DA:699,0
DA:701,0
DA:702,0
DA:705,0
DA:708,0
DA:712,1
DA:713,2
DA:714,2
DA:716,2
DA:717,2
DA:718,2
DA:719,2
DA:720,2
DA:721,4
DA:727,1
DA:728,0
DA:730,0
DA:733,1
DA:734,0
DA:735,0
DA:739,1
DA:740,0
DA:741,0
DA:743,0
DA:745,1
DA:746,0
DA:747,0
DA:748,0
DA:750,0
DA:753,1
DA:754,0
DA:755,0
DA:756,0
DA:758,0
DA:762,1
DA:763,0
DA:764,0
DA:765,0
DA:769,1
LF:257
LH:61
BRDA:5,0,0,1
BRDA:5,0,1,0
BRDA:332,1,0,0
BRDA:348,2,0,0
BRDA:348,2,1,0
BRDA:358,3,0,0
BRDA:358,3,1,0
BRDA:378,4,0,0
BRDA:378,4,1,0
BRDA:384,5,0,0
BRDA:384,5,1,0
BRDA:390,6,0,0
BRDA:390,6,1,0
BRDA:390,7,0,0
BRDA:390,7,1,0
BRDA:396,8,0,0
BRDA:396,8,1,0
BRDA:418,9,0,0
BRDA:418,9,1,0
BRDA:429,10,0,0
BRDA:429,10,1,0
BRDA:430,11,0,0
BRDA:430,11,1,0
BRDA:435,12,0,0
BRDA:435,12,1,0
BRDA:452,13,0,0
BRDA:452,13,1,0
BRDA:460,14,0,0
BRDA:460,14,1,0
BRDA:460,15,0,0
BRDA:460,15,1,0
BRDA:461,16,0,0
BRDA:461,16,1,0
BRDA:466,17,0,0
BRDA:466,17,1,0
BRDA:469,18,0,0
BRDA:469,18,1,0
BRDA:472,19,0,0
BRDA:472,19,1,0
BRDA:479,20,0,0
BRDA:479,20,1,0
BRDA:493,21,0,0
BRDA:494,22,0,0
BRDA:494,22,1,0
BRDA:505,23,0,0
BRDA:505,23,1,0
BRDA:509,24,0,0
BRDA:509,24,1,0
BRDA:516,25,0,0
BRDA:520,26,0,0
BRDA:520,26,1,0
BRDA:541,27,0,0
BRDA:541,27,1,0
BRDA:543,28,0,0
BRDA:543,28,1,0
BRDA:566,29,0,0
BRDA:566,29,1,0
BRDA:577,30,0,0
BRDA:577,30,1,0
BRDA:577,31,0,0
BRDA:577,31,1,0
BRDA:577,31,2,0
BRDA:583,32,0,0
BRDA:583,32,1,0
BRDA:592,33,0,0
BRDA:592,33,1,0
BRDA:592,34,0,0
BRDA:592,34,1,0
BRDA:598,35,0,0
BRDA:598,35,1,0
BRDA:605,36,0,0
BRDA:605,36,1,0
BRDA:605,37,0,0
BRDA:605,37,1,0
BRDA:611,38,0,0
BRDA:611,38,1,0
BRDA:613,39,0,0
BRDA:613,39,1,0
BRDA:621,40,0,0
BRDA:621,40,1,0
BRDA:623,41,0,0
BRDA:623,41,1,0
BRDA:634,42,0,0
BRDA:634,42,1,0
BRDA:653,43,0,0
BRDA:653,43,1,0
BRDA:655,44,0,0
BRDA:655,44,1,0
BRDA:669,45,0,0
BRDA:670,46,0,0
BRDA:670,46,1,0
BRDA:674,47,0,0
BRDA:674,47,1,0
BRDA:698,48,0,0
BRDA:698,48,1,0
BRDA:701,49,0,0
BRDA:701,49,1,0
BRDA:712,50,0,0
BRDA:713,51,0,2
BRDA:713,51,1,0
BRDA:716,52,0,2
BRDA:716,52,1,0
BRDA:717,53,0,2
BRDA:717,53,1,0
BRDA:739,54,0,0
BRDA:740,55,0,0
BRDA:740,55,1,0
BRDA:746,56,0,0
BRDA:746,56,1,0
BRDA:754,57,0,0
BRDA:754,57,1,0
BRF:111
BRH:4
end_of_record
TN:
SF:models/userValues/default.js
FNF:0
FNH:0
DA:1,1
DA:48,1
DA:175,1
LF:3
LH:3
BRF:0
BRH:0
end_of_record
TN:
SF:models/userValues/inventory.js
FNF:0
FNH:0
DA:1,1
DA:36,1
LF:2
LH:2
BRF:0
BRH:0
end_of_record
TN:
SF:models/userValues/resources.js
FNF:0
FNH:0
DA:1,1
DA:72,1
LF:2
LH:2
BRF:0
BRH:0
end_of_record
